This is pdfTeX, Version 3.14159265-2.6-1.40.16 (TeX Live 2015/Debian) (preloaded format=pdflatex 2018.3.15)  30 JUL 2018 11:18
entering extended mode
 restricted \write18 enabled.
 %&-line parsing enabled.
**tensor_flow_journal.tex
(./tensor_flow_journal.tex
LaTeX2e <2016/02/01>
Babel <3.9q> and hyphenation patterns for 81 language(s) loaded.
(/usr/share/texlive/texmf-dist/tex/latex/base/article.cls
Document Class: article 2014/09/29 v1.4h Standard LaTeX document class
(/usr/share/texlive/texmf-dist/tex/latex/base/size11.clo
File: size11.clo 2014/09/29 v1.4h Standard LaTeX file (size option)
)
\c@part=\count79
\c@section=\count80
\c@subsection=\count81
\c@subsubsection=\count82
\c@paragraph=\count83
\c@subparagraph=\count84
\c@figure=\count85
\c@table=\count86
\abovecaptionskip=\skip41
\belowcaptionskip=\skip42
\bibindent=\dimen102
)
(/usr/share/texlive/texmf-dist/tex/latex/lipsum/lipsum.sty
Package: lipsum 2014/07/27 v1.3 150 paragraphs of Lorem Ipsum dummy text
\c@lips@count=\count87
)
(/usr/share/texlive/texmf-dist/tex/latex/base/inputenc.sty
Package: inputenc 2015/03/17 v1.2c Input encoding file
\inpenc@prehook=\toks14
\inpenc@posthook=\toks15

(/usr/share/texlive/texmf-dist/tex/latex/base/utf8.def
File: utf8.def 2015/12/03 v1.1r UTF-8 support for inputenc
Now handling font encoding OML ...
... no UTF-8 mapping file for font encoding OML
Now handling font encoding T1 ...
... processing UTF-8 mapping file for font encoding T1

(/usr/share/texlive/texmf-dist/tex/latex/base/t1enc.dfu
File: t1enc.dfu 2015/12/03 v1.1r UTF-8 support for inputenc
   defining Unicode char U+00A0 (decimal 160)
   defining Unicode char U+00A1 (decimal 161)
   defining Unicode char U+00A3 (decimal 163)
   defining Unicode char U+00AB (decimal 171)
   defining Unicode char U+00AD (decimal 173)
   defining Unicode char U+00BB (decimal 187)
   defining Unicode char U+00BF (decimal 191)
   defining Unicode char U+00C0 (decimal 192)
   defining Unicode char U+00C1 (decimal 193)
   defining Unicode char U+00C2 (decimal 194)
   defining Unicode char U+00C3 (decimal 195)
   defining Unicode char U+00C4 (decimal 196)
   defining Unicode char U+00C5 (decimal 197)
   defining Unicode char U+00C6 (decimal 198)
   defining Unicode char U+00C7 (decimal 199)
   defining Unicode char U+00C8 (decimal 200)
   defining Unicode char U+00C9 (decimal 201)
   defining Unicode char U+00CA (decimal 202)
   defining Unicode char U+00CB (decimal 203)
   defining Unicode char U+00CC (decimal 204)
   defining Unicode char U+00CD (decimal 205)
   defining Unicode char U+00CE (decimal 206)
   defining Unicode char U+00CF (decimal 207)
   defining Unicode char U+00D0 (decimal 208)
   defining Unicode char U+00D1 (decimal 209)
   defining Unicode char U+00D2 (decimal 210)
   defining Unicode char U+00D3 (decimal 211)
   defining Unicode char U+00D4 (decimal 212)
   defining Unicode char U+00D5 (decimal 213)
   defining Unicode char U+00D6 (decimal 214)
   defining Unicode char U+00D8 (decimal 216)
   defining Unicode char U+00D9 (decimal 217)
   defining Unicode char U+00DA (decimal 218)
   defining Unicode char U+00DB (decimal 219)
   defining Unicode char U+00DC (decimal 220)
   defining Unicode char U+00DD (decimal 221)
   defining Unicode char U+00DE (decimal 222)
   defining Unicode char U+00DF (decimal 223)
   defining Unicode char U+00E0 (decimal 224)
   defining Unicode char U+00E1 (decimal 225)
   defining Unicode char U+00E2 (decimal 226)
   defining Unicode char U+00E3 (decimal 227)
   defining Unicode char U+00E4 (decimal 228)
   defining Unicode char U+00E5 (decimal 229)
   defining Unicode char U+00E6 (decimal 230)
   defining Unicode char U+00E7 (decimal 231)
   defining Unicode char U+00E8 (decimal 232)
   defining Unicode char U+00E9 (decimal 233)
   defining Unicode char U+00EA (decimal 234)
   defining Unicode char U+00EB (decimal 235)
   defining Unicode char U+00EC (decimal 236)
   defining Unicode char U+00ED (decimal 237)
   defining Unicode char U+00EE (decimal 238)
   defining Unicode char U+00EF (decimal 239)
   defining Unicode char U+00F0 (decimal 240)
   defining Unicode char U+00F1 (decimal 241)
   defining Unicode char U+00F2 (decimal 242)
   defining Unicode char U+00F3 (decimal 243)
   defining Unicode char U+00F4 (decimal 244)
   defining Unicode char U+00F5 (decimal 245)
   defining Unicode char U+00F6 (decimal 246)
   defining Unicode char U+00F8 (decimal 248)
   defining Unicode char U+00F9 (decimal 249)
   defining Unicode char U+00FA (decimal 250)
   defining Unicode char U+00FB (decimal 251)
   defining Unicode char U+00FC (decimal 252)
   defining Unicode char U+00FD (decimal 253)
   defining Unicode char U+00FE (decimal 254)
   defining Unicode char U+00FF (decimal 255)
   defining Unicode char U+0100 (decimal 256)
   defining Unicode char U+0101 (decimal 257)
   defining Unicode char U+0102 (decimal 258)
   defining Unicode char U+0103 (decimal 259)
   defining Unicode char U+0104 (decimal 260)
   defining Unicode char U+0105 (decimal 261)
   defining Unicode char U+0106 (decimal 262)
   defining Unicode char U+0107 (decimal 263)
   defining Unicode char U+0108 (decimal 264)
   defining Unicode char U+0109 (decimal 265)
   defining Unicode char U+010A (decimal 266)
   defining Unicode char U+010B (decimal 267)
   defining Unicode char U+010C (decimal 268)
   defining Unicode char U+010D (decimal 269)
   defining Unicode char U+010E (decimal 270)
   defining Unicode char U+010F (decimal 271)
   defining Unicode char U+0110 (decimal 272)
   defining Unicode char U+0111 (decimal 273)
   defining Unicode char U+0112 (decimal 274)
   defining Unicode char U+0113 (decimal 275)
   defining Unicode char U+0114 (decimal 276)
   defining Unicode char U+0115 (decimal 277)
   defining Unicode char U+0116 (decimal 278)
   defining Unicode char U+0117 (decimal 279)
   defining Unicode char U+0118 (decimal 280)
   defining Unicode char U+0119 (decimal 281)
   defining Unicode char U+011A (decimal 282)
   defining Unicode char U+011B (decimal 283)
   defining Unicode char U+011C (decimal 284)
   defining Unicode char U+011D (decimal 285)
   defining Unicode char U+011E (decimal 286)
   defining Unicode char U+011F (decimal 287)
   defining Unicode char U+0120 (decimal 288)
   defining Unicode char U+0121 (decimal 289)
   defining Unicode char U+0122 (decimal 290)
   defining Unicode char U+0123 (decimal 291)
   defining Unicode char U+0124 (decimal 292)
   defining Unicode char U+0125 (decimal 293)
   defining Unicode char U+0128 (decimal 296)
   defining Unicode char U+0129 (decimal 297)
   defining Unicode char U+012A (decimal 298)
   defining Unicode char U+012B (decimal 299)
   defining Unicode char U+012C (decimal 300)
   defining Unicode char U+012D (decimal 301)
   defining Unicode char U+012E (decimal 302)
   defining Unicode char U+012F (decimal 303)
   defining Unicode char U+0130 (decimal 304)
   defining Unicode char U+0131 (decimal 305)
   defining Unicode char U+0132 (decimal 306)
   defining Unicode char U+0133 (decimal 307)
   defining Unicode char U+0134 (decimal 308)
   defining Unicode char U+0135 (decimal 309)
   defining Unicode char U+0136 (decimal 310)
   defining Unicode char U+0137 (decimal 311)
   defining Unicode char U+0139 (decimal 313)
   defining Unicode char U+013A (decimal 314)
   defining Unicode char U+013B (decimal 315)
   defining Unicode char U+013C (decimal 316)
   defining Unicode char U+013D (decimal 317)
   defining Unicode char U+013E (decimal 318)
   defining Unicode char U+0141 (decimal 321)
   defining Unicode char U+0142 (decimal 322)
   defining Unicode char U+0143 (decimal 323)
   defining Unicode char U+0144 (decimal 324)
   defining Unicode char U+0145 (decimal 325)
   defining Unicode char U+0146 (decimal 326)
   defining Unicode char U+0147 (decimal 327)
   defining Unicode char U+0148 (decimal 328)
   defining Unicode char U+014A (decimal 330)
   defining Unicode char U+014B (decimal 331)
   defining Unicode char U+014C (decimal 332)
   defining Unicode char U+014D (decimal 333)
   defining Unicode char U+014E (decimal 334)
   defining Unicode char U+014F (decimal 335)
   defining Unicode char U+0150 (decimal 336)
   defining Unicode char U+0151 (decimal 337)
   defining Unicode char U+0152 (decimal 338)
   defining Unicode char U+0153 (decimal 339)
   defining Unicode char U+0154 (decimal 340)
   defining Unicode char U+0155 (decimal 341)
   defining Unicode char U+0156 (decimal 342)
   defining Unicode char U+0157 (decimal 343)
   defining Unicode char U+0158 (decimal 344)
   defining Unicode char U+0159 (decimal 345)
   defining Unicode char U+015A (decimal 346)
   defining Unicode char U+015B (decimal 347)
   defining Unicode char U+015C (decimal 348)
   defining Unicode char U+015D (decimal 349)
   defining Unicode char U+015E (decimal 350)
   defining Unicode char U+015F (decimal 351)
   defining Unicode char U+0160 (decimal 352)
   defining Unicode char U+0161 (decimal 353)
   defining Unicode char U+0162 (decimal 354)
   defining Unicode char U+0163 (decimal 355)
   defining Unicode char U+0164 (decimal 356)
   defining Unicode char U+0165 (decimal 357)
   defining Unicode char U+0168 (decimal 360)
   defining Unicode char U+0169 (decimal 361)
   defining Unicode char U+016A (decimal 362)
   defining Unicode char U+016B (decimal 363)
   defining Unicode char U+016C (decimal 364)
   defining Unicode char U+016D (decimal 365)
   defining Unicode char U+016E (decimal 366)
   defining Unicode char U+016F (decimal 367)
   defining Unicode char U+0170 (decimal 368)
   defining Unicode char U+0171 (decimal 369)
   defining Unicode char U+0172 (decimal 370)
   defining Unicode char U+0173 (decimal 371)
   defining Unicode char U+0174 (decimal 372)
   defining Unicode char U+0175 (decimal 373)
   defining Unicode char U+0176 (decimal 374)
   defining Unicode char U+0177 (decimal 375)
   defining Unicode char U+0178 (decimal 376)
   defining Unicode char U+0179 (decimal 377)
   defining Unicode char U+017A (decimal 378)
   defining Unicode char U+017B (decimal 379)
   defining Unicode char U+017C (decimal 380)
   defining Unicode char U+017D (decimal 381)
   defining Unicode char U+017E (decimal 382)
   defining Unicode char U+01CD (decimal 461)
   defining Unicode char U+01CE (decimal 462)
   defining Unicode char U+01CF (decimal 463)
   defining Unicode char U+01D0 (decimal 464)
   defining Unicode char U+01D1 (decimal 465)
   defining Unicode char U+01D2 (decimal 466)
   defining Unicode char U+01D3 (decimal 467)
   defining Unicode char U+01D4 (decimal 468)
   defining Unicode char U+01E2 (decimal 482)
   defining Unicode char U+01E3 (decimal 483)
   defining Unicode char U+01E6 (decimal 486)
   defining Unicode char U+01E7 (decimal 487)
   defining Unicode char U+01E8 (decimal 488)
   defining Unicode char U+01E9 (decimal 489)
   defining Unicode char U+01EA (decimal 490)
   defining Unicode char U+01EB (decimal 491)
   defining Unicode char U+01F0 (decimal 496)
   defining Unicode char U+01F4 (decimal 500)
   defining Unicode char U+01F5 (decimal 501)
   defining Unicode char U+0218 (decimal 536)
   defining Unicode char U+0219 (decimal 537)
   defining Unicode char U+021A (decimal 538)
   defining Unicode char U+021B (decimal 539)
   defining Unicode char U+01E02 (decimal 7682)
   defining Unicode char U+01E03 (decimal 7683)
   defining Unicode char U+200C (decimal 8204)
   defining Unicode char U+2013 (decimal 8211)
   defining Unicode char U+2014 (decimal 8212)
   defining Unicode char U+2018 (decimal 8216)
   defining Unicode char U+2019 (decimal 8217)
   defining Unicode char U+201A (decimal 8218)
   defining Unicode char U+201C (decimal 8220)
   defining Unicode char U+201D (decimal 8221)
   defining Unicode char U+201E (decimal 8222)
   defining Unicode char U+2030 (decimal 8240)
   defining Unicode char U+2031 (decimal 8241)
   defining Unicode char U+2039 (decimal 8249)
   defining Unicode char U+203A (decimal 8250)
   defining Unicode char U+2423 (decimal 9251)
)
Now handling font encoding OT1 ...
... processing UTF-8 mapping file for font encoding OT1

(/usr/share/texlive/texmf-dist/tex/latex/base/ot1enc.dfu
File: ot1enc.dfu 2015/12/03 v1.1r UTF-8 support for inputenc
   defining Unicode char U+00A0 (decimal 160)
   defining Unicode char U+00A1 (decimal 161)
   defining Unicode char U+00A3 (decimal 163)
   defining Unicode char U+00AD (decimal 173)
   defining Unicode char U+00B8 (decimal 184)
   defining Unicode char U+00BF (decimal 191)
   defining Unicode char U+00C5 (decimal 197)
   defining Unicode char U+00C6 (decimal 198)
   defining Unicode char U+00D8 (decimal 216)
   defining Unicode char U+00DF (decimal 223)
   defining Unicode char U+00E6 (decimal 230)
   defining Unicode char U+00EC (decimal 236)
   defining Unicode char U+00ED (decimal 237)
   defining Unicode char U+00EE (decimal 238)
   defining Unicode char U+00EF (decimal 239)
   defining Unicode char U+00F8 (decimal 248)
   defining Unicode char U+0131 (decimal 305)
   defining Unicode char U+0141 (decimal 321)
   defining Unicode char U+0142 (decimal 322)
   defining Unicode char U+0152 (decimal 338)
   defining Unicode char U+0153 (decimal 339)
   defining Unicode char U+0174 (decimal 372)
   defining Unicode char U+0175 (decimal 373)
   defining Unicode char U+0176 (decimal 374)
   defining Unicode char U+0177 (decimal 375)
   defining Unicode char U+0218 (decimal 536)
   defining Unicode char U+0219 (decimal 537)
   defining Unicode char U+021A (decimal 538)
   defining Unicode char U+021B (decimal 539)
   defining Unicode char U+2013 (decimal 8211)
   defining Unicode char U+2014 (decimal 8212)
   defining Unicode char U+2018 (decimal 8216)
   defining Unicode char U+2019 (decimal 8217)
   defining Unicode char U+201C (decimal 8220)
   defining Unicode char U+201D (decimal 8221)
)
Now handling font encoding OMS ...
... processing UTF-8 mapping file for font encoding OMS

(/usr/share/texlive/texmf-dist/tex/latex/base/omsenc.dfu
File: omsenc.dfu 2015/12/03 v1.1r UTF-8 support for inputenc
   defining Unicode char U+00A7 (decimal 167)
   defining Unicode char U+00B6 (decimal 182)
   defining Unicode char U+00B7 (decimal 183)
   defining Unicode char U+2020 (decimal 8224)
   defining Unicode char U+2021 (decimal 8225)
   defining Unicode char U+2022 (decimal 8226)
)
Now handling font encoding OMX ...
... no UTF-8 mapping file for font encoding OMX
Now handling font encoding U ...
... no UTF-8 mapping file for font encoding U
   defining Unicode char U+00A9 (decimal 169)
   defining Unicode char U+00AA (decimal 170)
   defining Unicode char U+00AE (decimal 174)
   defining Unicode char U+00BA (decimal 186)
   defining Unicode char U+02C6 (decimal 710)
   defining Unicode char U+02DC (decimal 732)
   defining Unicode char U+200C (decimal 8204)
   defining Unicode char U+2026 (decimal 8230)
   defining Unicode char U+2122 (decimal 8482)
   defining Unicode char U+2423 (decimal 9251)
))
(/usr/share/texlive/texmf-dist/tex/latex/hyperref/hyperref.sty
Package: hyperref 2012/11/06 v6.83m Hypertext links for LaTeX

(/usr/share/texlive/texmf-dist/tex/generic/oberdiek/hobsub-hyperref.sty
Package: hobsub-hyperref 2012/05/28 v1.13 Bundle oberdiek, subset hyperref (HO)


(/usr/share/texlive/texmf-dist/tex/generic/oberdiek/hobsub-generic.sty
Package: hobsub-generic 2012/05/28 v1.13 Bundle oberdiek, subset generic (HO)
Package: hobsub 2012/05/28 v1.13 Construct package bundles (HO)
Package: infwarerr 2010/04/08 v1.3 Providing info/warning/error messages (HO)
Package: ltxcmds 2011/11/09 v1.22 LaTeX kernel commands for general use (HO)
Package: ifluatex 2010/03/01 v1.3 Provides the ifluatex switch (HO)
Package ifluatex Info: LuaTeX not detected.
Package: ifvtex 2010/03/01 v1.5 Detect VTeX and its facilities (HO)
Package ifvtex Info: VTeX not detected.
Package: intcalc 2007/09/27 v1.1 Expandable calculations with integers (HO)
Package: ifpdf 2011/01/30 v2.3 Provides the ifpdf switch (HO)
Package ifpdf Info: pdfTeX in PDF mode is detected.
Package: etexcmds 2011/02/16 v1.5 Avoid name clashes with e-TeX commands (HO)
Package etexcmds Info: Could not find \expanded.
(etexcmds)             That can mean that you are not using pdfTeX 1.50 or
(etexcmds)             that some package has redefined \expanded.
(etexcmds)             In the latter case, load this package earlier.
Package: kvsetkeys 2012/04/25 v1.16 Key value parser (HO)
Package: kvdefinekeys 2011/04/07 v1.3 Define keys (HO)
Package: pdftexcmds 2011/11/29 v0.20 Utility functions of pdfTeX for LuaTeX (HO
)
Package pdftexcmds Info: LuaTeX not detected.
Package pdftexcmds Info: \pdf@primitive is available.
Package pdftexcmds Info: \pdf@ifprimitive is available.
Package pdftexcmds Info: \pdfdraftmode found.
Package: pdfescape 2011/11/25 v1.13 Implements pdfTeX's escape features (HO)
Package: bigintcalc 2012/04/08 v1.3 Expandable calculations on big integers (HO
)
Package: bitset 2011/01/30 v1.1 Handle bit-vector datatype (HO)
Package: uniquecounter 2011/01/30 v1.2 Provide unlimited unique counter (HO)
)
Package hobsub Info: Skipping package `hobsub' (already loaded).
Package: letltxmacro 2010/09/02 v1.4 Let assignment for LaTeX macros (HO)
Package: hopatch 2012/05/28 v1.2 Wrapper for package hooks (HO)
Package: xcolor-patch 2011/01/30 xcolor patch
Package: atveryend 2011/06/30 v1.8 Hooks at the very end of document (HO)
Package atveryend Info: \enddocument detected (standard20110627).
Package: atbegshi 2011/10/05 v1.16 At begin shipout hook (HO)
Package: refcount 2011/10/16 v3.4 Data extraction from label references (HO)
Package: hycolor 2011/01/30 v1.7 Color options for hyperref/bookmark (HO)
)
(/usr/share/texlive/texmf-dist/tex/latex/graphics/keyval.sty
Package: keyval 2014/10/28 v1.15 key=value parser (DPC)
\KV@toks@=\toks16
)
(/usr/share/texlive/texmf-dist/tex/generic/ifxetex/ifxetex.sty
Package: ifxetex 2010/09/12 v0.6 Provides ifxetex conditional
)
(/usr/share/texlive/texmf-dist/tex/latex/oberdiek/auxhook.sty
Package: auxhook 2011/03/04 v1.3 Hooks for auxiliary files (HO)
)
(/usr/share/texlive/texmf-dist/tex/latex/oberdiek/kvoptions.sty
Package: kvoptions 2011/06/30 v3.11 Key value format for package options (HO)
)
\@linkdim=\dimen103
\Hy@linkcounter=\count88
\Hy@pagecounter=\count89

(/usr/share/texlive/texmf-dist/tex/latex/hyperref/pd1enc.def
File: pd1enc.def 2012/11/06 v6.83m Hyperref: PDFDocEncoding definition (HO)
Now handling font encoding PD1 ...
... no UTF-8 mapping file for font encoding PD1
)
\Hy@SavedSpaceFactor=\count90

(/usr/share/texlive/texmf-dist/tex/latex/latexconfig/hyperref.cfg
File: hyperref.cfg 2002/06/06 v1.2 hyperref configuration of TeXLive
)
Package hyperref Info: Hyper figures OFF on input line 4443.
Package hyperref Info: Link nesting OFF on input line 4448.
Package hyperref Info: Hyper index ON on input line 4451.
Package hyperref Info: Plain pages OFF on input line 4458.
Package hyperref Info: Backreferencing OFF on input line 4463.
Package hyperref Info: Implicit mode ON; LaTeX internals redefined.
Package hyperref Info: Bookmarks ON on input line 4688.
\c@Hy@tempcnt=\count91

(/usr/share/texlive/texmf-dist/tex/latex/url/url.sty
\Urlmuskip=\muskip10
Package: url 2013/09/16  ver 3.4  Verb mode for urls, etc.
)
LaTeX Info: Redefining \url on input line 5041.
\XeTeXLinkMargin=\dimen104
\Fld@menulength=\count92
\Field@Width=\dimen105
\Fld@charsize=\dimen106
Package hyperref Info: Hyper figures OFF on input line 6295.
Package hyperref Info: Link nesting OFF on input line 6300.
Package hyperref Info: Hyper index ON on input line 6303.
Package hyperref Info: backreferencing OFF on input line 6310.
Package hyperref Info: Link coloring OFF on input line 6315.
Package hyperref Info: Link coloring with OCG OFF on input line 6320.
Package hyperref Info: PDF/A mode OFF on input line 6325.
LaTeX Info: Redefining \ref on input line 6365.
LaTeX Info: Redefining \pageref on input line 6369.
\Hy@abspage=\count93
\c@Item=\count94
\c@Hfootnote=\count95
)

Package hyperref Message: Driver (autodetected): hpdftex.

(/usr/share/texlive/texmf-dist/tex/latex/hyperref/hpdftex.def
File: hpdftex.def 2012/11/06 v6.83m Hyperref driver for pdfTeX
\Fld@listcount=\count96
\c@bookmark@seq@number=\count97

(/usr/share/texlive/texmf-dist/tex/latex/oberdiek/rerunfilecheck.sty
Package: rerunfilecheck 2011/04/15 v1.7 Rerun checks for auxiliary files (HO)
Package uniquecounter Info: New unique counter `rerunfilecheck' on input line 2
82.
)
\Hy@SectionHShift=\skip43
)
(/usr/share/texlive/texmf-dist/tex/latex/amsfonts/amssymb.sty
Package: amssymb 2013/01/14 v3.01 AMS font symbols

(/usr/share/texlive/texmf-dist/tex/latex/amsfonts/amsfonts.sty
Package: amsfonts 2013/01/14 v3.01 Basic AMSFonts support
\@emptytoks=\toks17
\symAMSa=\mathgroup4
\symAMSb=\mathgroup5
LaTeX Font Info:    Overwriting math alphabet `\mathfrak' in version `bold'
(Font)                  U/euf/m/n --> U/euf/b/n on input line 106.
))
(/usr/share/texlive/texmf-dist/tex/latex/amsmath/amsmath.sty
Package: amsmath 2016/03/03 v2.15a AMS math features
\@mathmargin=\skip44

For additional information on amsmath, use the `?' option.
(/usr/share/texlive/texmf-dist/tex/latex/amsmath/amstext.sty
Package: amstext 2000/06/29 v2.01 AMS text

(/usr/share/texlive/texmf-dist/tex/latex/amsmath/amsgen.sty
File: amsgen.sty 1999/11/30 v2.0 generic functions
\@emptytoks=\toks18
\ex@=\dimen107
))
(/usr/share/texlive/texmf-dist/tex/latex/amsmath/amsbsy.sty
Package: amsbsy 1999/11/29 v1.2d Bold Symbols
\pmbraise@=\dimen108
)
(/usr/share/texlive/texmf-dist/tex/latex/amsmath/amsopn.sty
Package: amsopn 1999/12/14 v2.01 operator names
)
\inf@bad=\count98
LaTeX Info: Redefining \frac on input line 199.
\uproot@=\count99
\leftroot@=\count100
LaTeX Info: Redefining \overline on input line 297.
\classnum@=\count101
\DOTSCASE@=\count102
LaTeX Info: Redefining \ldots on input line 394.
LaTeX Info: Redefining \dots on input line 397.
LaTeX Info: Redefining \cdots on input line 518.
\Mathstrutbox@=\box26
\strutbox@=\box27
\big@size=\dimen109
LaTeX Font Info:    Redeclaring font encoding OML on input line 630.
LaTeX Font Info:    Redeclaring font encoding OMS on input line 631.
\macc@depth=\count103
\c@MaxMatrixCols=\count104
\dotsspace@=\muskip11
\c@parentequation=\count105
\dspbrk@lvl=\count106
\tag@help=\toks19
\row@=\count107
\column@=\count108
\maxfields@=\count109
\andhelp@=\toks20
\eqnshift@=\dimen110
\alignsep@=\dimen111
\tagshift@=\dimen112
\tagwidth@=\dimen113
\totwidth@=\dimen114
\lineht@=\dimen115
\@envbody=\toks21
\multlinegap=\skip45
\multlinetaggap=\skip46
\mathdisplay@stack=\toks22
LaTeX Info: Redefining \[ on input line 2735.
LaTeX Info: Redefining \] on input line 2736.
)
(/usr/share/texlive/texmf-dist/tex/latex/geometry/geometry.sty
Package: geometry 2010/09/12 v5.6 Page Geometry
\Gm@cnth=\count110
\Gm@cntv=\count111
\c@Gm@tempcnt=\count112
\Gm@bindingoffset=\dimen116
\Gm@wd@mp=\dimen117
\Gm@odd@mp=\dimen118
\Gm@even@mp=\dimen119
\Gm@layoutwidth=\dimen120
\Gm@layoutheight=\dimen121
\Gm@layouthoffset=\dimen122
\Gm@layoutvoffset=\dimen123
\Gm@dimlist=\toks23
)
(/usr/share/texlive/texmf-dist/tex/latex/fancyhdr/fancyhdr.sty
\fancy@headwidth=\skip47
\f@ncyO@elh=\skip48
\f@ncyO@erh=\skip49
\f@ncyO@olh=\skip50
\f@ncyO@orh=\skip51
\f@ncyO@elf=\skip52
\f@ncyO@erf=\skip53
\f@ncyO@olf=\skip54
\f@ncyO@orf=\skip55
)
(/usr/share/texlive/texmf-dist/tex/latex/tools/enumerate.sty
Package: enumerate 2015/07/23 v3.00 enumerate extensions (DPC)
\@enLab=\toks24
)
(./tensor_flow_journal.aux)
\openout1 = `tensor_flow_journal.aux'.

LaTeX Font Info:    Checking defaults for OML/cmm/m/it on input line 41.
LaTeX Font Info:    ... okay on input line 41.
LaTeX Font Info:    Checking defaults for T1/cmr/m/n on input line 41.
LaTeX Font Info:    ... okay on input line 41.
LaTeX Font Info:    Checking defaults for OT1/cmr/m/n on input line 41.
LaTeX Font Info:    ... okay on input line 41.
LaTeX Font Info:    Checking defaults for OMS/cmsy/m/n on input line 41.
LaTeX Font Info:    ... okay on input line 41.
LaTeX Font Info:    Checking defaults for OMX/cmex/m/n on input line 41.
LaTeX Font Info:    ... okay on input line 41.
LaTeX Font Info:    Checking defaults for U/cmr/m/n on input line 41.
LaTeX Font Info:    ... okay on input line 41.
LaTeX Font Info:    Checking defaults for PD1/pdf/m/n on input line 41.
LaTeX Font Info:    ... okay on input line 41.
\AtBeginShipoutBox=\box28
Package hyperref Info: Link coloring OFF on input line 41.

(/usr/share/texlive/texmf-dist/tex/latex/hyperref/nameref.sty
Package: nameref 2012/10/27 v2.43 Cross-referencing by name of section

(/usr/share/texlive/texmf-dist/tex/generic/oberdiek/gettitlestring.sty
Package: gettitlestring 2010/12/03 v1.4 Cleanup title references (HO)
)
\c@section@level=\count113
)
LaTeX Info: Redefining \ref on input line 41.
LaTeX Info: Redefining \pageref on input line 41.
LaTeX Info: Redefining \nameref on input line 41.

(./tensor_flow_journal.out) (./tensor_flow_journal.out)
\@outlinefile=\write3
\openout3 = `tensor_flow_journal.out'.


*geometry* driver: auto-detecting
*geometry* detected driver: pdftex
*geometry* verbose mode - [ preamble ] result:
* driver: pdftex
* paper: a4paper
* layout: <same size as paper>
* layoutoffset:(h,v)=(0.0pt,0.0pt)
* modes: 
* h-part:(L,W,R)=(89.62709pt, 418.25368pt, 89.6271pt)
* v-part:(T,H,B)=(101.40665pt, 591.5302pt, 152.11pt)
* \paperwidth=597.50787pt
* \paperheight=845.04684pt
* \textwidth=418.25368pt
* \textheight=591.5302pt
* \oddsidemargin=17.3571pt
* \evensidemargin=17.3571pt
* \topmargin=-7.86334pt
* \headheight=12.0pt
* \headsep=25.0pt
* \topskip=11.0pt
* \footskip=30.0pt
* \marginparwidth=50.0pt
* \marginparsep=10.0pt
* \columnsep=10.0pt
* \skip\footins=10.0pt plus 4.0pt minus 2.0pt
* \hoffset=0.0pt
* \voffset=0.0pt
* \mag=1000
* \@twocolumnfalse
* \@twosidefalse
* \@mparswitchfalse
* \@reversemarginfalse
* (1in=72.27pt=25.4mm, 1cm=28.453pt)

LaTeX Font Info:    Try loading font information for U+msa on input line 44.
(/usr/share/texlive/texmf-dist/tex/latex/amsfonts/umsa.fd
File: umsa.fd 2013/01/14 v3.01 AMS symbols A
)
LaTeX Font Info:    Try loading font information for U+msb on input line 44.

(/usr/share/texlive/texmf-dist/tex/latex/amsfonts/umsb.fd
File: umsb.fd 2013/01/14 v3.01 AMS symbols B
)
(./tensor_flow_journal.toc)
\tf@toc=\write4
\openout4 = `tensor_flow_journal.toc'.

LaTeX Font Info:    Try loading font information for OMS+cmr on input line 53.

(/usr/share/texlive/texmf-dist/tex/latex/base/omscmr.fd
File: omscmr.fd 2014/09/29 v2.5h Standard LaTeX font definitions
)
LaTeX Font Info:    Font shape `OMS/cmr/m/n' in size <10.95> not available
(Font)              Font shape `OMS/cmsy/m/n' tried instead on input line 53.

Overfull \hbox (17.27821pt too wide) in paragraph at lines 55--57
[]$\OT1/cmtt/m/n/10.95 https : / / github . com / tensorflow / tensorflow / blo
b / r1 . 7 / tensorflow / examples /
 []


Overfull \hbox (25.4941pt too wide) in paragraph at lines 59--61
[]\OT1/cmr/m/n/10.95 More ad-vanced tu-to-ri-als for spe-cific tasks can be fou
nd there []$\OT1/cmtt/m/n/10.95 https : / / www . tensorflow .
 []


Underfull \hbox (badness 10000) in paragraph at lines 59--61

 []


Underfull \hbox (badness 10000) in paragraph at lines 61--63

 []


Overfull \hbox (156.74672pt too wide) in paragraph at lines 63--65
[]$\OT1/cmtt/m/n/10.95 http : / / pytorch . org / tutorials / beginner / pytorc
h _ with _ examples . html # pytorch-[]variables-[]and-[]autograd$[] 
 []

[1

{/var/lib/texmf/fonts/map/pdftex/updmap/pdftex.map}]
Underfull \hbox (badness 10000) in paragraph at lines 65--67

 []


Underfull \hbox (badness 10000) in paragraph at lines 67--69

 []


Overfull \hbox (30.27559pt too wide) in paragraph at lines 69--71
[]$\OT1/cmtt/m/n/10.95 http : / / www . goldsborough . me / tensorflow / ml / a
i / python / 2017 / 06 / 28 / 20-[]21-[]45-[]a _
 []


Underfull \hbox (badness 10000) in paragraph at lines 69--71

 []


Overfull \hbox (96.37953pt too wide) in paragraph at lines 86--96
[]$\OT1/cmtt/m/n/10.95 https : / / towardsdatascience . com / pytorch-[]vs-[]te
nsorflow-[]spotting-[]the-[]difference-[]25c75777377b$[] 
 []


Package Fancyhdr Warning: \headheight is too small (12.0pt): 
 Make it at least 13.59999pt.
 We now make it that large for the rest of the document.
 This may cause the page layout to be inconsistent, however.

[2]
Underfull \hbox (badness 10000) in paragraph at lines 97--99

 []


Underfull \hbox (badness 10000) in paragraph at lines 102--103

 []


Overfull \hbox (7.14922pt too wide) in paragraph at lines 110--110
[]\OT1/cmtt/m/n/10.95 You should consider upgrading via the 'pip install --upgr
ade pip' command.[] 
 []


Underfull \hbox (badness 10000) in paragraph at lines 111--113

 []


Underfull \hbox (badness 10000) in paragraph at lines 124--125

 []

[3]
Overfull \hbox (288.83492pt too wide) in paragraph at lines 133--133
[]\OT1/cmtt/m/n/10.95 https://stackoverflow.com/questions/18640305/how-do-i-kee
p-track-of-pip-installed-packages-in-an-anaconda-conda-environment[] 
 []


Underfull \hbox (badness 10000) in paragraph at lines 139--142

 []


Underfull \hbox (badness 10000) in paragraph at lines 145--147

 []


Underfull \hbox (badness 10000) in paragraph at lines 150--151

 []


Overfull \hbox (35.89265pt too wide) in paragraph at lines 162--162
[]\OT1/cmtt/m/n/10.95 The following packages were automatically installed and a
re no longer required:[] 
 []


Overfull \hbox (605.01274pt too wide) in paragraph at lines 162--162
[]  \OT1/cmtt/m/n/10.95 gstreamer1.0-fluendo-mp3 gstreamer1.0-libav libenca0 li
bguess1 librubberband2v5 libsdl2-2.0-0 libsndio6.1 libva-wayland1 linux-headers
-4.10.0-28 linux-headers-4.10.0-28-generic[] 
 []


Overfull \hbox (576.2693pt too wide) in paragraph at lines 162--162
[]  \OT1/cmtt/m/n/10.95 linux-headers-4.13.0-32 linux-headers-4.13.0-32-generic
 linux-headers-4.13.0-36 linux-headers-4.13.0-36-generic linux-image-4.10.0-28-
generic linux-image-4.13.0-32-generic[] 
 []


Overfull \hbox (576.2693pt too wide) in paragraph at lines 162--162
[]  \OT1/cmtt/m/n/10.95 linux-image-4.13.0-36-generic linux-image-extra-4.10.0-
28-generic linux-image-extra-4.13.0-32-generic linux-image-extra-4.13.0-36-gene
ric mpv oxideqt-codecs-extra rtmpdump[] 
 []


Overfull \hbox (35.89265pt too wide) in paragraph at lines 180--180
[]\OT1/cmtt/m/n/10.95 The following packages were automatically installed and a
re no longer required:[] 
 []


Overfull \hbox (605.01274pt too wide) in paragraph at lines 180--180
[]  \OT1/cmtt/m/n/10.95 gstreamer1.0-fluendo-mp3 gstreamer1.0-libav libenca0 li
bguess1 librubberband2v5 libsdl2-2.0-0 libsndio6.1 libva-wayland1 linux-headers
-4.10.0-28 linux-headers-4.10.0-28-generic[] 
 []

[4]
Overfull \hbox (576.2693pt too wide) in paragraph at lines 180--180
[]  \OT1/cmtt/m/n/10.95 linux-headers-4.13.0-32 linux-headers-4.13.0-32-generic
 linux-headers-4.13.0-36 linux-headers-4.13.0-36-generic linux-image-4.10.0-28-
generic linux-image-4.13.0-32-generic[] 
 []


Overfull \hbox (576.2693pt too wide) in paragraph at lines 180--180
[]  \OT1/cmtt/m/n/10.95 linux-image-4.13.0-36-generic linux-image-extra-4.10.0-
28-generic linux-image-extra-4.13.0-32-generic linux-image-extra-4.13.0-36-gene
ric mpv oxideqt-codecs-extra rtmpdump[] 
 []


Overfull \hbox (576.2693pt too wide) in paragraph at lines 194--194
[]\OT1/cmtt/m/n/10.95 A modprobe blacklist file has been created at /etc/modpro
be.d to prevent Nouveau from loading. This can be reverted by deleting /etc/mod
probe.d/nvidia-graphics-drivers.conf.[] 
 []


Overfull \hbox (363.56786pt too wide) in paragraph at lines 194--194
[]\OT1/cmtt/m/n/10.95 A new initrd image has also been created. To revert, plea
se replace /boot/initrd-4.13.0-38-generic with /boot/initrd-$(uname -r)-backup.
[] 
 []


Overfull \hbox (24.39528pt too wide) in paragraph at lines 194--194
[]\OT1/cmtt/m/n/10.95 *********************************************************
********************[] 
 []


Overfull \hbox (24.39528pt too wide) in paragraph at lines 194--194
[]\OT1/cmtt/m/n/10.95 *** Reboot your computer and verify that the NVIDIA graph
ics driver can   ***[] 
 []


Overfull \hbox (24.39528pt too wide) in paragraph at lines 194--194
[]\OT1/cmtt/m/n/10.95 *** be loaded.                                           
                 ***[] 
 []


Overfull \hbox (24.39528pt too wide) in paragraph at lines 194--194
[]\OT1/cmtt/m/n/10.95 *********************************************************
********************[] 
 []


Underfull \hbox (badness 10000) in paragraph at lines 195--196

 []


Overfull \hbox (70.38478pt too wide) in paragraph at lines 224--224
[]\OT1/cmtt/m/n/10.95 Requirement already satisfied: tensorflow-gpu in ./.local
/lib/python3.5/site-packages[] 
 []


Overfull \hbox (202.6046pt too wide) in paragraph at lines 224--224
[]\OT1/cmtt/m/n/10.95 Requirement already satisfied: protobuf>=3.4.0 in ./.loca
l/lib/python3.5/site-packages (from tensorflow-gpu)[] 
 []


Overfull \hbox (185.35854pt too wide) in paragraph at lines 224--224
[]\OT1/cmtt/m/n/10.95 Requirement already satisfied: astor>=0.6.0 in ./.local/l
ib/python3.5/site-packages (from tensorflow-gpu)[] 
 []


Overfull \hbox (191.10722pt too wide) in paragraph at lines 224--224
[]\OT1/cmtt/m/n/10.95 Requirement already satisfied: grpcio>=1.8.6 in ./.local/
lib/python3.5/site-packages (from tensorflow-gpu)[] 
 []


Overfull \hbox (196.85591pt too wide) in paragraph at lines 224--224
[]\OT1/cmtt/m/n/10.95 Requirement already satisfied: absl-py>=0.1.6 in ./.local
/lib/python3.5/site-packages (from tensorflow-gpu)[] 
 []


Overfull \hbox (260.09148pt too wide) in paragraph at lines 224--224
[]\OT1/cmtt/m/n/10.95 Requirement already satisfied: tensorboard<1.8.0,>=1.7.0 
in ./.local/lib/python3.5/site-packages (from tensorflow-gpu)[] 
 []


Overfull \hbox (179.60985pt too wide) in paragraph at lines 224--224
[]\OT1/cmtt/m/n/10.95 Requirement already satisfied: gast>=0.2.0 in ./.local/li
b/python3.5/site-packages (from tensorflow-gpu)[] 
 []


Overfull \hbox (191.10722pt too wide) in paragraph at lines 224--224
[]\OT1/cmtt/m/n/10.95 Requirement already satisfied: numpy>=1.13.3 in ./.local/
lib/python3.5/site-packages (from tensorflow-gpu)[] 
 []


Overfull \hbox (208.35329pt too wide) in paragraph at lines 224--224
[]\OT1/cmtt/m/n/10.95 Requirement already satisfied: termcolor>=1.1.0 in ./.loc
al/lib/python3.5/site-packages (from tensorflow-gpu)[] 
 []


Overfull \hbox (179.60985pt too wide) in paragraph at lines 224--224
[]\OT1/cmtt/m/n/10.95 Requirement already satisfied: six>=1.10.0 in ./.local/li
b/python3.5/site-packages (from tensorflow-gpu)[] 
 []


Overfull \hbox (179.60985pt too wide) in paragraph at lines 224--224
[]\OT1/cmtt/m/n/10.95 Requirement already satisfied: wheel>=0.26 in ./.local/li
b/python3.5/site-packages (from tensorflow-gpu)[] 
 []


Overfull \hbox (271.58885pt too wide) in paragraph at lines 224--224
[]\OT1/cmtt/m/n/10.95 Requirement already satisfied: setuptools in ./.local/lib
/python3.5/site-packages (from protobuf>=3.4.0->tensorflow-gpu)[] 
 []


Overfull \hbox (369.31654pt too wide) in paragraph at lines 224--224
[]\OT1/cmtt/m/n/10.95 Requirement already satisfied: werkzeug>=0.11.10 in ./.lo
cal/lib/python3.5/site-packages (from tensorboard<1.8.0,>=1.7.0->tensorflow-gpu
)[] 
 []

[5]
Overfull \hbox (380.81392pt too wide) in paragraph at lines 224--224
[]\OT1/cmtt/m/n/10.95 Requirement already satisfied: html5lib==0.9999999 in ./.
local/lib/python3.5/site-packages (from tensorboard<1.8.0,>=1.7.0->tensorflow-g
pu)[] 
 []


Overfull \hbox (346.3218pt too wide) in paragraph at lines 224--224
[]\OT1/cmtt/m/n/10.95 Requirement already satisfied: bleach==1.5.0 in ./.local/
lib/python3.5/site-packages (from tensorboard<1.8.0,>=1.7.0->tensorflow-gpu)[] 

 []


Overfull \hbox (357.81917pt too wide) in paragraph at lines 224--224
[]\OT1/cmtt/m/n/10.95 Requirement already satisfied: markdown>=2.6.8 in ./.loca
l/lib/python3.5/site-packages (from tensorboard<1.8.0,>=1.7.0->tensorflow-gpu)[
] 
 []


Underfull \hbox (badness 10000) in paragraph at lines 230--231

 []


Overfull \hbox (576.2693pt too wide) in paragraph at lines 243--243
[]\OT1/cmtt/m/n/10.95 2018-04-04 17:32:06.689952: I tensorflow/core/platform/cp
u_feature_guard.cc:140] Your CPU supports instructions that this TensorFlow bin
ary was not compiled to use: AVX2 FMA[] 
 []


Overfull \hbox (840.70894pt too wide) in paragraph at lines 243--243
[]\OT1/cmtt/m/n/10.95 2018-04-04 17:32:06.832301: I tensorflow/stream_executor/
cuda/cuda_gpu_executor.cc:898] successful NUMA node read from SysFS had negativ
e value (-1), but there must be at least one NUMA node, so returning NUMA node 
zero[] 
 []


Overfull \hbox (248.5941pt too wide) in paragraph at lines 243--243
[]\OT1/cmtt/m/n/10.95 2018-04-04 17:32:06.832758: I tensorflow/core/common_runt
ime/gpu/gpu_device.cc:1344] Found device 0 with properties:[] 
 []


Overfull \hbox (237.09673pt too wide) in paragraph at lines 243--243
[]\OT1/cmtt/m/n/10.95 2018-04-04 17:32:06.832775: I tensorflow/core/common_runt
ime/gpu/gpu_device.cc:1423] Adding visible gpu devices: 0[] 
 []


Overfull \hbox (426.80342pt too wide) in paragraph at lines 243--243
[]\OT1/cmtt/m/n/10.95 2018-04-04 17:34:23.194390: I tensorflow/core/common_runt
ime/gpu/gpu_device.cc:911] Device interconnect StreamExecutor with strength 1 e
dge matrix:[] 
 []


Overfull \hbox (99.12822pt too wide) in paragraph at lines 243--243
[]\OT1/cmtt/m/n/10.95 2018-04-04 17:34:23.194416: I tensorflow/core/common_runt
ime/gpu/gpu_device.cc:917]      0[] 
 []


Overfull \hbox (99.12822pt too wide) in paragraph at lines 243--243
[]\OT1/cmtt/m/n/10.95 2018-04-04 17:34:23.194422: I tensorflow/core/common_runt
ime/gpu/gpu_device.cc:930] 0:   N[] 
 []


Overfull \hbox (1174.13283pt too wide) in paragraph at lines 243--243
[]\OT1/cmtt/m/n/10.95 2018-04-04 17:34:23.196587: I tensorflow/core/common_runt
ime/gpu/gpu_device.cc:1041] Created TensorFlow device (/job:localhost/replica:0
/task:0/device:GPU:0 with 1328 MB memory) -> physical GPU (device: 0, name: GeF
orce 940MX, pci bus id: 0000:02:00.0, compute capability: 5.0)[] 
 []


Overfull \hbox (392.3113pt too wide) in paragraph at lines 260--260
[]\OT1/cmtt/m/n/10.95 pip install --ignore-installed --upgrade https://storage.
googleapis.com/tensorflow/linux/gpu/tensorflow_gpu-1.6.0-cp35-cp35m-linux_x86_6
4.whl[] 
 []

[6] [7]
Overfull \hbox (64.6361pt too wide) in paragraph at lines 304--304
[]        \OT1/cmtt/m/n/10.95 input_fn=lambda:iris_data.train_input_fn(train_x,
 train_y, args.batch_size),[] 
 []


Overfull \hbox (24.36862pt too wide) in paragraph at lines 305--308
\OT1/cmr/m/n/10.95 It also in-tro-duces the class \OT1/cmtt/m/n/10.95 Dataset \
OT1/cmr/m/n/10.95 (see []here[]) and some of its sub-classes like \OT1/cmtt/m/n
/10.95 TextLineDataset
 []


Overfull \hbox (12.8979pt too wide) in paragraph at lines 317--326
[]$\OT1/cmtt/m/n/10.95 https : / / www . tensorflow . org / api _ docs / python
 / tf / feature _ column / crossed _ column$[] 
 []

[8]
Underfull \hbox (badness 10000) in paragraph at lines 330--331

 []


Underfull \hbox (badness 10000) in paragraph at lines 335--336

 []


Underfull \hbox (badness 10000) in paragraph at lines 342--346

 []


Overfull \hbox (93.37953pt too wide) in paragraph at lines 352--352
[]  \OT1/cmtt/m/n/10.95 tf.keras.layers.Dense(10, activation="relu", input_shap
e=(4,)),  # input shape required[] 
 []

[9]
Underfull \hbox (badness 10000) in paragraph at lines 365--367

 []


Overfull \hbox (5.17487pt too wide) in paragraph at lines 380--381
\OT1/cmr/m/n/10.95 are ar-gu-ments of the \OT1/cmtt/m/n/10.95 train \OT1/cmr/m/
n/10.95 and \OT1/cmtt/m/n/10.95 evaluate \OT1/cmr/m/n/10.95 meth-ods of the \OT
1/cmtt/m/n/10.95 tf.estimator.Estimator
 []


Underfull \hbox (badness 10000) in paragraph at lines 380--381

 []


Overfull \hbox (5.78084pt too wide) in paragraph at lines 381--383
[]$\OT1/cmtt/m/n/10.95 https : / / www . tensorflow . org / programmers _ guide
 / low _ level _ intro # datasets$[] 
 []

[10]
Overfull \hbox (7.14922pt too wide) in paragraph at lines 384--387
[]$\OT1/cmtt/m/n/10.95 https : / / www . tensorflow . org / guide / premade _ e
stimators # create _ input _ functions$[] 
 []


Underfull \hbox (badness 10000) in paragraph at lines 384--387

 []


Underfull \hbox (badness 10000) in paragraph at lines 392--395

 []


Underfull \hbox (badness 10000) in paragraph at lines 398--400

 []


Underfull \hbox (badness 10000) in paragraph at lines 403--407

 []

[11]
Overfull \hbox (352.07048pt too wide) in paragraph at lines 440--440
[]\OT1/cmtt/m/n/10.95 /home/aritz/Documents/CS_Programming_Machine_Learning/Mac
hine_learning_and_AI/Online_courses/Tensor_flow_tutorials/Official_tutorials/[]
 
 []

[12]
Underfull \hbox (badness 10000) in paragraph at lines 444--448

 []


Underfull \hbox (badness 10000) in paragraph at lines 448--449

 []


Overfull \hbox (46.02165pt too wide) in paragraph at lines 459--459
 []    \OT1/cmtt/m/n/10.95 net = tf.feature_column.input_layer(features, params
['feature_columns'])[] 
 []


Overfull \hbox (11.52953pt too wide) in paragraph at lines 459--459
 []        \OT1/cmtt/m/n/10.95 net = tf.layers.dense(net, units=units, activati
on=tf.nn.relu)[] 
 []


Overfull \hbox (17.27821pt too wide) in paragraph at lines 459--459
 []    \OT1/cmtt/m/n/10.95 logits = tf.layers.dense(net, params['n_classes'], a
ctivation=None)[] 
 []


Underfull \hbox (badness 10000) in paragraph at lines 467--468

 []


Overfull \hbox (576.2693pt too wide) in paragraph at lines 470--470
[]\OT1/cmtt/m/n/10.95 2018-04-20 16:37:05.900885: I tensorflow/core/platform/cp
u_feature_guard.cc:140] Your CPU supports instructions that this TensorFlow bin
ary was not compiled to use: AVX2 FMA[] 
 []


Overfull \hbox (306.33229pt too wide) in paragraph at lines 471--475
[]$\OT1/cmtt/m/n/10.95 https : / / stackoverflow . com / questions / 47068709 /
 your-[]cpu-[]supports-[]instructions-[]that-[]this-[]tensorflow-[]binary-[]was
-[]not-[]compiled-[]to-[]u$[]
 []


Underfull \hbox (badness 10000) in paragraph at lines 471--475

 []

[13]
Overfull \hbox (288.83492pt too wide) in paragraph at lines 477--477
[]\OT1/cmtt/m/n/10.95 2018-04-20 16:37:05.902531: E tensorflow/stream_executor/
cuda/cuda_driver.cc:406] failed call to cuInit: CUDA_ERROR_UNKNOWN[] 
 []


Underfull \hbox (badness 10000) in paragraph at lines 486--487

 []


Underfull \hbox (badness 10000) in paragraph at lines 492--496

 []


Overfull \hbox (12.8979pt too wide) in paragraph at lines 505--505
[]    \OT1/cmtt/m/n/10.95 a = tf.constant([1.0, 2.0, 3.0, 4.0, 5.0, 6.0], shape
=[2, 3], name='a')[] 
 []


Overfull \hbox (12.8979pt too wide) in paragraph at lines 505--505
[]    \OT1/cmtt/m/n/10.95 b = tf.constant([1.0, 2.0, 3.0, 4.0, 5.0, 6.0], shape
=[3, 2], name='b')[] 
 []


Underfull \hbox (badness 10000) in paragraph at lines 506--507

 []


Overfull \hbox (576.2693pt too wide) in paragraph at lines 521--521
[]\OT1/cmtt/m/n/10.95 2018-04-22 10:54:45.457127: I tensorflow/core/platform/cp
u_feature_guard.cc:140] Your CPU supports instructions that this TensorFlow bin
ary was not compiled to use: AVX2 FMA[] 
 []


Overfull \hbox (840.70894pt too wide) in paragraph at lines 521--521
[]\OT1/cmtt/m/n/10.95 2018-04-22 10:54:45.575997: I tensorflow/stream_executor/
cuda/cuda_gpu_executor.cc:898] successful NUMA node read from SysFS had negativ
e value (-1), but there must be at least one NUMA node, so returning NUMA node 
zero[] 
 []


Overfull \hbox (248.5941pt too wide) in paragraph at lines 521--521
[]\OT1/cmtt/m/n/10.95 2018-04-22 10:54:45.576464: I tensorflow/core/common_runt
ime/gpu/gpu_device.cc:1344] Found device 0 with properties:[] 
 []

[14]
Overfull \hbox (237.09673pt too wide) in paragraph at lines 521--521
[]\OT1/cmtt/m/n/10.95 2018-04-22 10:54:45.576479: I tensorflow/core/common_runt
ime/gpu/gpu_device.cc:1423] Adding visible gpu devices: 0[] 
 []


Overfull \hbox (426.80342pt too wide) in paragraph at lines 521--521
[]\OT1/cmtt/m/n/10.95 2018-04-22 10:54:46.081373: I tensorflow/core/common_runt
ime/gpu/gpu_device.cc:911] Device interconnect StreamExecutor with strength 1 e
dge matrix:[] 
 []


Overfull \hbox (99.12822pt too wide) in paragraph at lines 521--521
[]\OT1/cmtt/m/n/10.95 2018-04-22 10:54:46.081399: I tensorflow/core/common_runt
ime/gpu/gpu_device.cc:917]      0[] 
 []


Overfull \hbox (99.12822pt too wide) in paragraph at lines 521--521
[]\OT1/cmtt/m/n/10.95 2018-04-22 10:54:46.081405: I tensorflow/core/common_runt
ime/gpu/gpu_device.cc:930] 0:   N[] 
 []


Overfull \hbox (1174.13283pt too wide) in paragraph at lines 521--521
[]\OT1/cmtt/m/n/10.95 2018-04-22 10:54:46.081609: I tensorflow/core/common_runt
ime/gpu/gpu_device.cc:1041] Created TensorFlow device (/job:localhost/replica:0
/task:0/device:GPU:0 with 1306 MB memory) -> physical GPU (device: 0, name: GeF
orce 940MX, pci bus id: 0000:02:00.0, compute capability: 5.0)[] 
 []


Overfull \hbox (237.09673pt too wide) in paragraph at lines 537--537
[]\OT1/cmtt/m/n/10.95 2018-04-22 11:04:49.935218: I tensorflow/core/common_runt
ime/gpu/gpu_device.cc:1423] Adding visible gpu devices: 0[] 
 []


Overfull \hbox (426.80342pt too wide) in paragraph at lines 537--537
[]\OT1/cmtt/m/n/10.95 2018-04-22 11:04:49.935309: I tensorflow/core/common_runt
ime/gpu/gpu_device.cc:911] Device interconnect StreamExecutor with strength 1 e
dge matrix:[] 
 []


Overfull \hbox (99.12822pt too wide) in paragraph at lines 537--537
[]\OT1/cmtt/m/n/10.95 2018-04-22 11:04:49.935346: I tensorflow/core/common_runt
ime/gpu/gpu_device.cc:917]      0[] 
 []


Overfull \hbox (99.12822pt too wide) in paragraph at lines 537--537
[]\OT1/cmtt/m/n/10.95 2018-04-22 11:04:49.935368: I tensorflow/core/common_runt
ime/gpu/gpu_device.cc:930] 0:   N[] 
 []


Overfull \hbox (1174.13283pt too wide) in paragraph at lines 537--537
[]\OT1/cmtt/m/n/10.95 2018-04-22 11:04:49.935656: I tensorflow/core/common_runt
ime/gpu/gpu_device.cc:1041] Created TensorFlow device (/job:localhost/replica:0
/task:0/device:GPU:0 with 1306 MB memory) -> physical GPU (device: 0, name: GeF
orce 940MX, pci bus id: 0000:02:00.0, compute capability: 5.0)[] 
 []


Overfull \hbox (323.32704pt too wide) in paragraph at lines 537--537
[]\OT1/cmtt/m/n/10.95 /job:localhost/replica:0/task:0/device:GPU:0 -> device: 0
, name: GeForce 940MX, pci bus id: 0000:02:00.0, compute capability: 5.0[] 
 []


Overfull \hbox (150.86641pt too wide) in paragraph at lines 537--537
[]\OT1/cmtt/m/n/10.95 2018-04-22 11:04:49.936007: I tensorflow/core/common_runt
ime/direct_session.cc:297] Device mapping:[] 
 []


Overfull \hbox (323.32704pt too wide) in paragraph at lines 537--537
[]\OT1/cmtt/m/n/10.95 /job:localhost/replica:0/task:0/device:GPU:0 -> device: 0
, name: GeForce 940MX, pci bus id: 0000:02:00.0, compute capability: 5.0[] 
 []


Underfull \hbox (badness 10000) in paragraph at lines 538--539

 []


Overfull \hbox (47.39003pt too wide) in paragraph at lines 540--547
[]$\OT1/cmtt/m/n/10.95 https : / / github . com / tensorflow / tensorflow / blo
b / r1 . 7 / tensorflow / examples / tutorials /
 []


Overfull \hbox (129.37166pt too wide) in paragraph at lines 548--554
[]$\OT1/cmtt/m/n/10.95 http : / / pytorch . org / tutorials / beginner / pytorc
h _ with _ examples . html # pytorch-[]variables-[]and-[]autograd$[] 
 []

[15]
Overfull \hbox (121.7546pt too wide) in paragraph at lines 558--565
[]$\OT1/cmtt/m/n/10.95 http : / / pytorch . org / tutorials / beginner / pytorc
h _ with _ examples . html # tensorflow-[]static-[]graphs$[] 
 []


Overfull \hbox (25.66113pt too wide) in paragraph at lines 558--565
\OT1/cmr/bx/n/10.95 Edit (30.05.18): \OT1/cmr/m/n/10.95 It is in-ter-est-ing to
 com-pare the two. In toy[]basic[]approach[]pytorch.py
 []


Overfull \hbox (44.46962pt too wide) in paragraph at lines 558--565
\OT1/cmr/m/n/10.95 the value of the pa-ram-e-ters of the model is up-dated man-
u-ally, but in ba-sic[]APIs[]tutorial[]2.py
 []


Underfull \hbox (badness 10000) in paragraph at lines 565--567

 []

[16]
Overfull \hbox (74.12965pt too wide) in paragraph at lines 577--581
\OT1/cmr/m/n/10.95 uses the ba-sic ten-sor-flow API, with \OT1/cmtt/m/n/10.95 s
ess.run() \OT1/cmr/m/n/10.95 whereas here we use the \OT1/cmtt/m/n/10.95 tf.est
imator.Estimator
 []


Overfull \hbox (34.64197pt too wide) in paragraph at lines 577--581
\OT1/cmr/m/n/10.95 APIs which hide a lot of things. It seems that in this later
 case, the \OT1/cmtt/m/n/10.95 tf.summary.merge[]all
 []


Overfull \hbox (16.84244pt too wide) in paragraph at lines 608--609
[]\OT1/cmr/m/n/10.95 Give an ex-tra \OT1/cmtt/m/n/10.95 model[]dir \OT1/cmr/m/n
/10.95 ar-gu-ment to the con-struc-tor of the \OT1/cmtt/m/n/10.95 tf.estimator.
Estimator
 []

[17]
Overfull \hbox (138.00066pt too wide) in paragraph at lines 628--628
 []\OT1/cmtt/m/n/10.95 aritz@aritz-ThinkPad-T460p:/tmp/custom_estimator_tutoria
l/model_dir$ tensorboard --logdir=./[] 
 []


Overfull \hbox (28.71832pt too wide) in paragraph at lines 645--648
\OT1/cmr/m/n/10.95 plicitely de-fine one (or serveral) ``writer(s)" (in-stance(
s) of the class \OT1/cmtt/m/n/10.95 tf.train.SummaryWriter\OT1/cmr/m/n/10.95 )
 []


Overfull \hbox (50.39003pt too wide) in paragraph at lines 645--648
[]$\OT1/cmtt/m/n/10.95 https : / / stackoverflow . com / questions / 37902705 /
 how-[]to-[]manually-[]create-[]a-[]tf-[]summary #
 []

[18]
Overfull \hbox (93.37953pt too wide) in paragraph at lines 664--664
[]\OT1/cmtt/m/n/10.95 writer_train = tf.summary.FileWriter(model_dir+'Basic_log
/Plot_train/', sess_debug.graph)[] 
 []


Underfull \hbox (badness 10000) in paragraph at lines 665--667

 []


Underfull \hbox (badness 10000) in paragraph at lines 668--670

 []

LaTeX Font Info:    Font shape `OT1/cmtt/bx/n' in size <10.95> not available
(Font)              Font shape `OT1/cmtt/m/n' tried instead on input line 680.

Underfull \hbox (badness 10000) in paragraph at lines 680--685

 []

[19]
Overfull \hbox (12.09409pt too wide) in paragraph at lines 722--731
\OT1/cmr/m/n/10.95 ``(...)/On-line[]courses/Tensor[]flow[]tutorials/Official[]t
utorials/models/tutorials/rnn/ptb/") 
 []

[20]
Overfull \hbox (2.90053pt too wide) in paragraph at lines 739--744
[]$\OT1/cmtt/m/n/10.95 http : / / www . goldsborough . me / tensorflow / ml / a
i / python / 2017 / 06 / 28 / 20-[]21-[]45-[]a _
 []


Overfull \hbox (18.64659pt too wide) in paragraph at lines 760--764
[]$\OT1/cmtt/m/n/10.95 https : / / github . com / tensorflow / models / blob / 
master / tutorials / rnn / ptb / ptb _ word _
 []

[21]
Overfull \hbox (20.71028pt too wide) in paragraph at lines 783--784
[]\OT1/cmr/m/n/10.95 How to \OT1/cmr/bx/n/10.95 cre-ate a batch-generator \OT1/
cmr/m/n/10.95 from scratch. Im-ple-mented in \OT1/cmtt/m/n/10.95 batches[]gener
ator\OT1/cmr/m/n/10.95 . 
 []

[22]
Overfull \hbox (7.17638pt too wide) in paragraph at lines 799--800
[]\OT1/cmr/m/n/10.95 How to cal-cu-late pre-ci-sion, re-call and F1 for the re-
sults. Im-ple-mented in \OT1/cmtt/m/n/10.95 eval[]conll\OT1/cmr/m/n/10.95 . 
 []


Overfull \hbox (166.86378pt too wide) in paragraph at lines 803--808
[]$\OT1/cmtt/m/n/10.95 https : / / datascience . stackexchange . com / question
s / 25317 / what-[]are-[]the-[]pros-[]and-[]cons-[]of-[]keras-[]and-[]tflearn$[
] 
 []


Overfull \hbox (7.14922pt too wide) in paragraph at lines 803--808
[]$\OT1/cmtt/m/n/10.95 https : / / www . reddit . com / r / MachineLearning / c
omments / 50eokb / which _ one _ should _
 []


Underfull \hbox (badness 10000) in paragraph at lines 803--808

 []


Overfull \hbox (67.6361pt too wide) in paragraph at lines 814--822
[]$\OT1/cmtt/m/n/10.95 https : / / stackoverflow . com / questions / 46409626 /
 how-[]to-[]properly-[]use-[]tf-[]metrics-[]accuracy$[] 
 []


Overfull \hbox (67.6361pt too wide) in paragraph at lines 814--822
[]$\OT1/cmtt/m/n/10.95 https : / / stackoverflow . com / questions / 46409626 /
 how-[]to-[]properly-[]use-[]tf-[]metrics-[]accuracy$[] 
 []

[23]
Overfull \hbox (202.85591pt too wide) in paragraph at lines 836--840
[]$\OT1/cmtt/m/n/10.95 https : / / www . dlology . com / blog / an-[]easy-[]gui
de-[]to-[]build-[]new-[]tensorflow-[]datasets-[]and-[]estimator-[]with-[]keras-
[]model/$[] 
 []


Underfull \hbox (badness 10000) in paragraph at lines 836--840

 []


Underfull \hbox (badness 10000) in paragraph at lines 841--843

 []


Underfull \hbox (badness 10000) in paragraph at lines 848--850

 []


Underfull \hbox (badness 10000) in paragraph at lines 856--859

 []

[24]
Overfull \hbox (17.27821pt too wide) in paragraph at lines 873--876
[]$\OT1/cmtt/m/n/10.95 https : / / github . com / tensorflow / models / blob / 
master / tutorials / rnn / ptb / ptb _
 []


Underfull \hbox (badness 10000) in paragraph at lines 873--876

 []


Overfull \hbox (63.26772pt too wide) in paragraph at lines 893--893
 []      \OT1/cmtt/m/n/10.95 train_input = PTBInput(config=config, data=train_d
ata, name="TrainInput")[] 
 []


Overfull \hbox (40.27296pt too wide) in paragraph at lines 893--893
 []      \OT1/cmtt/m/n/10.95 with tf.variable_scope("Model", reuse=None, initia
lizer=initializer):[] 
 []


Overfull \hbox (28.77559pt too wide) in paragraph at lines 893--893
 []        \OT1/cmtt/m/n/10.95 m = PTBModel(is_training=True, config=config, in
put_=train_input)[] 
 []


Overfull \hbox (63.26772pt too wide) in paragraph at lines 893--893
 []      \OT1/cmtt/m/n/10.95 valid_input = PTBInput(config=config, data=valid_d
ata, name="ValidInput")[] 
 []


Overfull \hbox (40.27296pt too wide) in paragraph at lines 893--893
 []      \OT1/cmtt/m/n/10.95 with tf.variable_scope("Model", reuse=True, initia
lizer=initializer):[] 
 []

[25]
Overfull \hbox (63.26772pt too wide) in paragraph at lines 893--893
 []        \OT1/cmtt/m/n/10.95 mvalid = PTBModel(is_training=False, config=conf
ig, input_=valid_input)[] 
 []

Package atveryend Info: Empty hook `BeforeClearDocument' on input line 907.
[26]
Package atveryend Info: Empty hook `AfterLastShipout' on input line 907.
 (./tensor_flow_journal.aux)
Package atveryend Info: Executing hook `AtVeryEndDocument' on input line 907.
Package atveryend Info: Executing hook `AtEndAfterFileList' on input line 907.
Package rerunfilecheck Info: File `tensor_flow_journal.out' has not changed.
(rerunfilecheck)             Checksum: A4739617223CEE1A266F56D62E8C6E65;308.
Package atveryend Info: Empty hook `AtVeryVeryEnd' on input line 907.
 ) 
Here is how much of TeX's memory you used:
 6265 strings out of 493029
 87091 string characters out of 6136234
 279031 words of memory out of 5000000
 9698 multiletter control sequences out of 15000+600000
 12449 words of font info for 47 fonts, out of 8000000 for 9000
 1141 hyphenation exceptions out of 8191
 29i,10n,43p,1104b,558s stack positions out of 5000i,500n,10000p,200000b,80000s
</usr/share/texlive/texmf-dist/fonts/type1/public/amsfonts/cm/cmbx10.pfb></us
r/share/texlive/texmf-dist/fonts/type1/public/amsfonts/cm/cmbx12.pfb></usr/shar
e/texlive/texmf-dist/fonts/type1/public/amsfonts/cm/cmmi10.pfb></usr/share/texl
ive/texmf-dist/fonts/type1/public/amsfonts/cm/cmmi8.pfb></usr/share/texlive/tex
mf-dist/fonts/type1/public/amsfonts/cm/cmr10.pfb></usr/share/texlive/texmf-dist
/fonts/type1/public/amsfonts/cm/cmr12.pfb></usr/share/texlive/texmf-dist/fonts/
type1/public/amsfonts/cm/cmr17.pfb></usr/share/texlive/texmf-dist/fonts/type1/p
ublic/amsfonts/cm/cmsy10.pfb></usr/share/texlive/texmf-dist/fonts/type1/public/
amsfonts/cm/cmtt10.pfb></usr/share/texlive/texmf-dist/fonts/type1/public/amsfon
ts/symbols/msbm10.pfb>
Output written on tensor_flow_journal.pdf (26 pages, 192645 bytes).
PDF statistics:
 330 PDF objects out of 1000 (max. 8388607)
 289 compressed objects within 3 object streams
 52 named destinations out of 1000 (max. 500000)
 49 words of extra memory for PDF output out of 10000 (max. 10000000)

