This is pdfTeX, Version 3.14159265-2.6-1.40.20 (TeX Live 2019/Debian) (preloaded format=pdflatex 2021.1.17)  17 JAN 2021 14:00
entering extended mode
 restricted \write18 enabled.
 %&-line parsing enabled.
**journal_CS.tex
(./journal_CS.tex
LaTeX2e <2020-02-02> patch level 2
L3 programming layer <2020-02-14>
(/usr/share/texlive/texmf-dist/tex/latex/base/article.cls
Document Class: article 2019/12/20 v1.4l Standard LaTeX document class
(/usr/share/texlive/texmf-dist/tex/latex/base/size11.clo
File: size11.clo 2019/12/20 v1.4l Standard LaTeX file (size option)
)
\c@part=\count167
\c@section=\count168
\c@subsection=\count169
\c@subsubsection=\count170
\c@paragraph=\count171
\c@subparagraph=\count172
\c@figure=\count173
\c@table=\count174
\abovecaptionskip=\skip47
\belowcaptionskip=\skip48
\bibindent=\dimen134
)
(/usr/share/texlive/texmf-dist/tex/latex/lipsum/lipsum.sty
(/usr/share/texlive/texmf-dist/tex/latex/l3kernel/expl3.sty
Package: expl3 2020-02-14 L3 programming layer (loader) 

(/usr/share/texlive/texmf-dist/tex/latex/l3backend/l3backend-pdfmode.def
File: l3backend-pdfmode.def 2020-02-03 L3 backend support: PDF mode
\l__kernel_color_stack_int=\count175
\l__pdf_internal_box=\box45
))
(/usr/share/texlive/texmf-dist/tex/latex/l3packages/xparse/xparse.sty
Package: xparse 2020-02-14 L3 Experimental document command parser
\l__xparse_current_arg_int=\count176
\g__xparse_grabber_int=\count177
\l__xparse_m_args_int=\count178
\l__xparse_v_nesting_int=\count179
)
Package: lipsum 2019/01/02 v2.2 150 paragraphs of Lorem Ipsum dummy text

(/usr/share/texlive/texmf-dist/tex/latex/lipsum/lipsum.ltd.tex
File: lipsum.ltd.tex 2019/01/02 v2.2 The Lorem ipsum dummy text
))
(/usr/share/texlive/texmf-dist/tex/latex/base/inputenc.sty
Package: inputenc 2018/08/11 v1.3c Input encoding file
\inpenc@prehook=\toks14
\inpenc@posthook=\toks15
)
(/usr/share/texlive/texmf-dist/tex/latex/hyperref/hyperref.sty
Package: hyperref 2020/01/14 v7.00d Hypertext links for LaTeX

(/usr/share/texlive/texmf-dist/tex/generic/ltxcmds/ltxcmds.sty
Package: ltxcmds 2019/12/15 v1.24 LaTeX kernel commands for general use (HO)
)
(/usr/share/texlive/texmf-dist/tex/generic/iftex/iftex.sty
Package: iftex 2019/11/07 v1.0c TeX engine tests
)
(/usr/share/texlive/texmf-dist/tex/latex/pdftexcmds/pdftexcmds.sty
Package: pdftexcmds 2019/11/24 v0.31 Utility functions of pdfTeX for LuaTeX (HO
)

(/usr/share/texlive/texmf-dist/tex/generic/infwarerr/infwarerr.sty
Package: infwarerr 2019/12/03 v1.5 Providing info/warning/error messages (HO)
)
Package pdftexcmds Info: \pdf@primitive is available.
Package pdftexcmds Info: \pdf@ifprimitive is available.
Package pdftexcmds Info: \pdfdraftmode found.
)
(/usr/share/texlive/texmf-dist/tex/latex/graphics/keyval.sty
Package: keyval 2014/10/28 v1.15 key=value parser (DPC)
\KV@toks@=\toks16
)
(/usr/share/texlive/texmf-dist/tex/generic/kvsetkeys/kvsetkeys.sty
Package: kvsetkeys 2019/12/15 v1.18 Key value parser (HO)
)
(/usr/share/texlive/texmf-dist/tex/generic/kvdefinekeys/kvdefinekeys.sty
Package: kvdefinekeys 2019-12-19 v1.6 Define keys (HO)
)
(/usr/share/texlive/texmf-dist/tex/generic/pdfescape/pdfescape.sty
Package: pdfescape 2019/12/09 v1.15 Implements pdfTeX's escape features (HO)
)
(/usr/share/texlive/texmf-dist/tex/latex/hycolor/hycolor.sty
Package: hycolor 2020-01-27 v1.10 Color options for hyperref/bookmark (HO)
)
(/usr/share/texlive/texmf-dist/tex/latex/letltxmacro/letltxmacro.sty
Package: letltxmacro 2019/12/03 v1.6 Let assignment for LaTeX macros (HO)
)
(/usr/share/texlive/texmf-dist/tex/latex/auxhook/auxhook.sty
Package: auxhook 2019-12-17 v1.6 Hooks for auxiliary files (HO)
)
(/usr/share/texlive/texmf-dist/tex/latex/kvoptions/kvoptions.sty
Package: kvoptions 2019/11/29 v3.13 Key value format for package options (HO)
)
\@linkdim=\dimen135
\Hy@linkcounter=\count180
\Hy@pagecounter=\count181

(/usr/share/texlive/texmf-dist/tex/latex/hyperref/pd1enc.def
File: pd1enc.def 2020/01/14 v7.00d Hyperref: PDFDocEncoding definition (HO)
Now handling font encoding PD1 ...
... no UTF-8 mapping file for font encoding PD1
)
(/usr/share/texlive/texmf-dist/tex/generic/intcalc/intcalc.sty
Package: intcalc 2019/12/15 v1.3 Expandable calculations with integers (HO)
)
(/usr/share/texlive/texmf-dist/tex/generic/etexcmds/etexcmds.sty
Package: etexcmds 2019/12/15 v1.7 Avoid name clashes with e-TeX commands (HO)
)
\Hy@SavedSpaceFactor=\count182
\pdfmajorversion=\count183
Package hyperref Info: Hyper figures OFF on input line 4547.
Package hyperref Info: Link nesting OFF on input line 4552.
Package hyperref Info: Hyper index ON on input line 4555.
Package hyperref Info: Plain pages OFF on input line 4562.
Package hyperref Info: Backreferencing OFF on input line 4567.
Package hyperref Info: Implicit mode ON; LaTeX internals redefined.
Package hyperref Info: Bookmarks ON on input line 4800.
\c@Hy@tempcnt=\count184

(/usr/share/texlive/texmf-dist/tex/latex/url/url.sty
\Urlmuskip=\muskip16
Package: url 2013/09/16  ver 3.4  Verb mode for urls, etc.
)
LaTeX Info: Redefining \url on input line 5159.
\XeTeXLinkMargin=\dimen136

(/usr/share/texlive/texmf-dist/tex/generic/bitset/bitset.sty
Package: bitset 2019/12/09 v1.3 Handle bit-vector datatype (HO)

(/usr/share/texlive/texmf-dist/tex/generic/bigintcalc/bigintcalc.sty
Package: bigintcalc 2019/12/15 v1.5 Expandable calculations on big integers (HO
)
))
\Fld@menulength=\count185
\Field@Width=\dimen137
\Fld@charsize=\dimen138
Package hyperref Info: Hyper figures OFF on input line 6430.
Package hyperref Info: Link nesting OFF on input line 6435.
Package hyperref Info: Hyper index ON on input line 6438.
Package hyperref Info: backreferencing OFF on input line 6445.
Package hyperref Info: Link coloring OFF on input line 6450.
Package hyperref Info: Link coloring with OCG OFF on input line 6455.
Package hyperref Info: PDF/A mode OFF on input line 6460.
LaTeX Info: Redefining \ref on input line 6500.
LaTeX Info: Redefining \pageref on input line 6504.

(/usr/share/texlive/texmf-dist/tex/generic/atbegshi/atbegshi.sty
Package: atbegshi 2019/12/05 v1.19 At begin shipout hook (HO)
)
\Hy@abspage=\count186
\c@Item=\count187
\c@Hfootnote=\count188
)
Package hyperref Info: Driver (autodetected): hpdftex.

(/usr/share/texlive/texmf-dist/tex/latex/hyperref/hpdftex.def
File: hpdftex.def 2020/01/14 v7.00d Hyperref driver for pdfTeX

(/usr/share/texlive/texmf-dist/tex/latex/atveryend/atveryend.sty
Package: atveryend 2019-12-11 v1.11 Hooks at the very end of document (HO)
Package atveryend Info: \enddocument detected (standard20110627).
)
\Fld@listcount=\count189
\c@bookmark@seq@number=\count190

(/usr/share/texlive/texmf-dist/tex/latex/rerunfilecheck/rerunfilecheck.sty
Package: rerunfilecheck 2019/12/05 v1.9 Rerun checks for auxiliary files (HO)

(/usr/share/texlive/texmf-dist/tex/generic/uniquecounter/uniquecounter.sty
Package: uniquecounter 2019/12/15 v1.4 Provide unlimited unique counter (HO)
)
Package uniquecounter Info: New unique counter `rerunfilecheck' on input line 2
86.
)
\Hy@SectionHShift=\skip49
)
(/usr/share/texlive/texmf-dist/tex/latex/amsfonts/amssymb.sty
Package: amssymb 2013/01/14 v3.01 AMS font symbols

(/usr/share/texlive/texmf-dist/tex/latex/amsfonts/amsfonts.sty
Package: amsfonts 2013/01/14 v3.01 Basic AMSFonts support
\@emptytoks=\toks17
\symAMSa=\mathgroup4
\symAMSb=\mathgroup5
LaTeX Font Info:    Redeclaring math symbol \hbar on input line 98.
LaTeX Font Info:    Overwriting math alphabet `\mathfrak' in version `bold'
(Font)                  U/euf/m/n --> U/euf/b/n on input line 106.
))
(/usr/share/texlive/texmf-dist/tex/latex/amsmath/amsmath.sty
Package: amsmath 2020/01/20 v2.17e AMS math features
\@mathmargin=\skip50

For additional information on amsmath, use the `?' option.
(/usr/share/texlive/texmf-dist/tex/latex/amsmath/amstext.sty
Package: amstext 2000/06/29 v2.01 AMS text

(/usr/share/texlive/texmf-dist/tex/latex/amsmath/amsgen.sty
File: amsgen.sty 1999/11/30 v2.0 generic functions
\@emptytoks=\toks18
\ex@=\dimen139
))
(/usr/share/texlive/texmf-dist/tex/latex/amsmath/amsbsy.sty
Package: amsbsy 1999/11/29 v1.2d Bold Symbols
\pmbraise@=\dimen140
)
(/usr/share/texlive/texmf-dist/tex/latex/amsmath/amsopn.sty
Package: amsopn 2016/03/08 v2.02 operator names
)
\inf@bad=\count191
LaTeX Info: Redefining \frac on input line 227.
\uproot@=\count192
\leftroot@=\count193
LaTeX Info: Redefining \overline on input line 389.
\classnum@=\count194
\DOTSCASE@=\count195
LaTeX Info: Redefining \ldots on input line 486.
LaTeX Info: Redefining \dots on input line 489.
LaTeX Info: Redefining \cdots on input line 610.
\Mathstrutbox@=\box46
\strutbox@=\box47
\big@size=\dimen141
LaTeX Font Info:    Redeclaring font encoding OML on input line 733.
LaTeX Font Info:    Redeclaring font encoding OMS on input line 734.
\macc@depth=\count196
\c@MaxMatrixCols=\count197
\dotsspace@=\muskip17
\c@parentequation=\count198
\dspbrk@lvl=\count199
\tag@help=\toks19
\row@=\count266
\column@=\count267
\maxfields@=\count268
\andhelp@=\toks20
\eqnshift@=\dimen142
\alignsep@=\dimen143
\tagshift@=\dimen144
\tagwidth@=\dimen145
\totwidth@=\dimen146
\lineht@=\dimen147
\@envbody=\toks21
\multlinegap=\skip51
\multlinetaggap=\skip52
\mathdisplay@stack=\toks22
LaTeX Info: Redefining \[ on input line 2859.
LaTeX Info: Redefining \] on input line 2860.
)
(/usr/share/texlive/texmf-dist/tex/latex/geometry/geometry.sty
Package: geometry 2020/01/02 v5.9 Page Geometry

(/usr/share/texlive/texmf-dist/tex/generic/iftex/ifvtex.sty
Package: ifvtex 2019/10/25 v1.7 ifvtex legacy package. Use iftex instead.
)
\Gm@cnth=\count269
\Gm@cntv=\count270
\c@Gm@tempcnt=\count271
\Gm@bindingoffset=\dimen148
\Gm@wd@mp=\dimen149
\Gm@odd@mp=\dimen150
\Gm@even@mp=\dimen151
\Gm@layoutwidth=\dimen152
\Gm@layoutheight=\dimen153
\Gm@layouthoffset=\dimen154
\Gm@layoutvoffset=\dimen155
\Gm@dimlist=\toks23
)
(/usr/share/texlive/texmf-dist/tex/latex/fancyhdr/fancyhdr.sty
Package: fancyhdr 2019/01/31 v3.10 Extensive control of page headers and footer
s
\f@nch@headwidth=\skip53
\f@nch@O@elh=\skip54
\f@nch@O@erh=\skip55
\f@nch@O@olh=\skip56
\f@nch@O@orh=\skip57
\f@nch@O@elf=\skip58
\f@nch@O@erf=\skip59
\f@nch@O@olf=\skip60
\f@nch@O@orf=\skip61
)
(/usr/share/texlive/texmf-dist/tex/latex/tools/enumerate.sty
Package: enumerate 2015/07/23 v3.00 enumerate extensions (DPC)
\@enLab=\toks24
) (./journal_CS.aux)
\openout1 = `journal_CS.aux'.

LaTeX Font Info:    Checking defaults for OML/cmm/m/it on input line 42.
LaTeX Font Info:    ... okay on input line 42.
LaTeX Font Info:    Checking defaults for OMS/cmsy/m/n on input line 42.
LaTeX Font Info:    ... okay on input line 42.
LaTeX Font Info:    Checking defaults for OT1/cmr/m/n on input line 42.
LaTeX Font Info:    ... okay on input line 42.
LaTeX Font Info:    Checking defaults for T1/cmr/m/n on input line 42.
LaTeX Font Info:    ... okay on input line 42.
LaTeX Font Info:    Checking defaults for TS1/cmr/m/n on input line 42.
LaTeX Font Info:    ... okay on input line 42.
LaTeX Font Info:    Checking defaults for OMX/cmex/m/n on input line 42.
LaTeX Font Info:    ... okay on input line 42.
LaTeX Font Info:    Checking defaults for U/cmr/m/n on input line 42.
LaTeX Font Info:    ... okay on input line 42.
LaTeX Font Info:    Checking defaults for PD1/pdf/m/n on input line 42.
LaTeX Font Info:    ... okay on input line 42.
\AtBeginShipoutBox=\box48
Package hyperref Info: Link coloring OFF on input line 42.
 (/usr/share/texlive/texmf-dist/tex/latex/hyperref/nameref.sty
Package: nameref 2019/09/16 v2.46 Cross-referencing by name of section

(/usr/share/texlive/texmf-dist/tex/latex/refcount/refcount.sty
Package: refcount 2019/12/15 v3.6 Data extraction from label references (HO)
)
(/usr/share/texlive/texmf-dist/tex/generic/gettitlestring/gettitlestring.sty
Package: gettitlestring 2019/12/15 v1.6 Cleanup title references (HO)
)
\c@section@level=\count272
)
LaTeX Info: Redefining \ref on input line 42.
LaTeX Info: Redefining \pageref on input line 42.
LaTeX Info: Redefining \nameref on input line 42.

(./journal_CS.out) (./journal_CS.out)
\@outlinefile=\write3
\openout3 = `journal_CS.out'.


*geometry* driver: auto-detecting
*geometry* detected driver: pdftex
*geometry* verbose mode - [ preamble ] result:
* driver: pdftex
* paper: a4paper
* layout: <same size as paper>
* layoutoffset:(h,v)=(0.0pt,0.0pt)
* modes: 
* h-part:(L,W,R)=(89.62709pt, 418.25368pt, 89.6271pt)
* v-part:(T,H,B)=(101.40665pt, 591.5302pt, 152.11pt)
* \paperwidth=597.50787pt
* \paperheight=845.04684pt
* \textwidth=418.25368pt
* \textheight=591.5302pt
* \oddsidemargin=17.3571pt
* \evensidemargin=17.3571pt
* \topmargin=-7.86334pt
* \headheight=12.0pt
* \headsep=25.0pt
* \topskip=11.0pt
* \footskip=30.0pt
* \marginparwidth=50.0pt
* \marginparsep=10.0pt
* \columnsep=10.0pt
* \skip\footins=10.0pt plus 4.0pt minus 2.0pt
* \hoffset=0.0pt
* \voffset=0.0pt
* \mag=1000
* \@twocolumnfalse
* \@twosidefalse
* \@mparswitchfalse
* \@reversemarginfalse
* (1in=72.27pt=25.4mm, 1cm=28.453pt)

LaTeX Font Info:    Trying to load font information for U+msa on input line 45.

(/usr/share/texlive/texmf-dist/tex/latex/amsfonts/umsa.fd
File: umsa.fd 2013/01/14 v3.01 AMS symbols A
)
LaTeX Font Info:    Trying to load font information for U+msb on input line 45.


(/usr/share/texlive/texmf-dist/tex/latex/amsfonts/umsb.fd
File: umsb.fd 2013/01/14 v3.01 AMS symbols B
) (./journal_CS.toc)
\tf@toc=\write4
\openout4 = `journal_CS.toc'.


[1

{/var/lib/texmf/fonts/map/pdftex/updmap/pdftex.map}]
Overfull \hbox (103.12822pt too wide) in paragraph at lines 66--83
[]$\OT1/cmtt/m/n/10.95 http : / / networkstatic . net / python-[]tutorial-[]cla
sses-[]objects-[]methods-[]init-[]and-[]simple-[]examples/$[] 
 []


Overfull \hbox (68.1361pt too wide) in paragraph at lines 66--83
[]$\OT1/cmtt/m/n/10.95 https : / / stackoverflow . com / questions / 13886168 /
 how-[]to-[]use-[]the-[]pass-[]statement-[]in-[]python$[] 
 []


Package Fancyhdr Warning: \headheight is too small (12.0pt): 
Make it at least 13.59999pt.
We now make it that large for the rest of the document.
This may cause the page layout to be inconsistent, however.

[2]
Overfull \hbox (3.90053pt too wide) in paragraph at lines 84--99
[]$\OT1/cmtt/m/n/10.95 https : / / stackoverflow . com / questions / 231767 / w
hat-[]does-[]the-[]yield-[]keyword-[]do$[] 
 []


Overfull \hbox (20.14659pt too wide) in paragraph at lines 84--99
[]$\OT1/cmtt/m/n/10.95 https : / / github . com / rg3 / youtube-[]dl / blob / m
aster / README . md # embedding-[]youtube-[]dl$[] 
 []


Overfull \hbox (73.88478pt too wide) in paragraph at lines 84--99
[]$\OT1/cmtt/m/n/10.95 https : / / stackoverflow . com / questions / 1369526 / 
what-[]is-[]the-[]python-[]keyword-[]with-[]used-[]for #
 []


Overfull \hbox (102.62822pt too wide) in paragraph at lines 84--99
[]$\OT1/cmtt/m/n/10.95 https : / / stackoverflow . com / questions / 3012488 / 
what-[]is-[]the-[]python-[]with-[]statement-[]designed-[]for$[] 
 []


Overfull \hbox (3.83386pt too wide) in paragraph at lines 84--99
[]$\OT1/cmtt/m/n/10.95 https : / / docs . python . org / release / 2 . 5 . 2 / 
lib / typecontextmanager . html$[] []$https : / /
 []


Overfull \hbox (139.12035pt too wide) in paragraph at lines 100--116
[]$\OT1/cmtt/m/n/10.95 https : / / unix . stackexchange . com / questions / 847
07 / how-[]can-[]i-[]make-[]ctrl-[]alt-[]act-[]like-[]alt-[]gr-[]in-[]ubuntu$[]
 
 []


Overfull \hbox (1.90053pt too wide) in paragraph at lines 100--116
[]$\OT1/cmtt/m/n/10.95 https : / / access . redhat . com / documentation / en-[
]US / Red _ Hat _ Enterprise _ Linux / 4 /
 []


Overfull \hbox (143.3787pt too wide) in paragraph at lines 100--116
\OT1/cmr/m/n/10.95 ([]$\OT1/cmtt/m/n/10.95 https : / / unix . stackexchange . c
om / questions / 84707 / how-[]can-[]i-[]make-[]ctrl-[]alt-[]act-[]like-[]alt-[
]gr-[]in-[]ubuntu$[] 
 []

[3]
Overfull \hbox (12.3602pt too wide) in paragraph at lines 128--133
[]$\OT1/cmtt/m/n/10.95 https : / / askubuntu . com / questions / 158112 / xvkbd
-[]broken-[]with-[]warnings / 211495$[] 
 []


Overfull \hbox (224.85066pt too wide) in paragraph at lines 136--145
[]$\OT1/cmtt/m/n/10.95 https : / / unix . stackexchange . com / questions / 428
41 / how-[]to-[]skip-[]permission-[]denied-[]errors-[]when-[]running-[]find-[]i
n-[]linux #
 []


Overfull \hbox (7.14922pt too wide) in paragraph at lines 147--147
[]\OT1/cmtt/m/n/10.95 Writing default config to: /home/aritz/.jupyter/jupyter_n
otebook_config.py[] 
 []


Overfull \hbox (6.31851pt too wide) in paragraph at lines 148--152
\OT1/cmr/m/n/10.95 Even though I cre-ated this pas-sord when I was in-side the 
vir-tual en-vi-ron-ment my[]python35
 []


Underfull \hbox (badness 10000) in paragraph at lines 148--152

 []

[4]
Overfull \hbox (56.13872pt too wide) in paragraph at lines 174--187
[]$\OT1/cmtt/m/n/10.95 https : / / github . com / rg3 / youtube-[]dl / blob / m
aster / README . md # how-[]do-[]i-[]update-[]youtube-[]dl$[] 
 []

[5]
Overfull \hbox (218.60197pt too wide) in paragraph at lines 197--213
[]$\OT1/cmtt/m/n/10.95 https : / / stackoverflow . com / questions / 11077023 /
 what-[]are-[]the-[]differences-[]between-[]pandas-[]and-[]numpyscipy-[]in-[]py
thon #
 []


Overfull \hbox (7.64922pt too wide) in paragraph at lines 197--213
[]$\OT1/cmtt/m/n/10.95 https : / / docs . python . org / 2 / tutorial / datastr
uctures . html # list-[]comprehensions$[] 
 []


Overfull \hbox (21.14659pt too wide) in paragraph at lines 197--213
[]$\OT1/cmtt/m/n/10.95 https : / / stackoverflow . com / questions / 400739 / w
hat-[]does-[]asterisk-[]mean-[]in-[]python$[] 
 []

[6] [7]
Overfull \hbox (11.93214pt too wide) in paragraph at lines 236--264
\OT1/cmr/bx/n/10.95 17.10.17 $[]$[]Python cod-ing guide-line, Python mod-ules a
nd pack-ages, python
 []


Overfull \hbox (21.99442pt too wide) in paragraph at lines 236--264
\OT1/cmr/m/n/10.95 I found an-other good web-site for python doc-u-men-ta-tion:
 []$\OT1/cmtt/m/n/10.95 http : / / www . pythonforbeginners .
 []


Overfull \hbox (3.90053pt too wide) in paragraph at lines 236--264
[]$\OT1/cmtt/m/n/10.95 https : / / stackoverflow . com / questions / 100003 / w
hat-[]is-[]a-[]metaclass-[]in-[]python #
 []

[8]
Overfull \hbox (125.12297pt too wide) in paragraph at lines 278--290
[]$\OT1/cmtt/m/n/10.95 https : / / stackoverflow . com / questions / 33091376 /
 python-[]what-[]is-[]exactly-[]sklearn-[]pipeline-[]pipeline #
 []


Overfull \hbox (1.41414pt too wide) in paragraph at lines 278--290
\OT1/cmtt/m/n/10.95 33094099$[] \OT1/cmr/m/n/10.95 and []$\OT1/cmtt/m/n/10.95 h
ttp : / / scikit-[]learn . org / stable / auto _ examples / model _ selection /

 []


Overfull \hbox (1.15106pt too wide) in paragraph at lines 296--313
\OT1/cmr/bx/n/10.95 26.10.17 $[]$[]Advanced Com-pu-ta-tional Statis-tics web-pa
ge, Scikit-Learn tu-
 []

[9]
Underfull \hbox (badness 10000) in paragraph at lines 314--319

 []

[10] [11] [12] [13]
Underfull \hbox (badness 10000) in paragraph at lines 466--469

 []


Underfull \hbox (badness 10000) in paragraph at lines 476--479

 []

[14] [15]
Overfull \hbox (73.88478pt too wide) in paragraph at lines 521--530
[]$\OT1/cmtt/m/n/10.95 https : / / www . kubuntuforums . net / showthread . php
 / 72832-[]Can-[]t-[]find-[]help-[]button-[]in-[]Dolphin ?
 []


Overfull \hbox (84.88216pt too wide) in paragraph at lines 521--530
[]$\OT1/cmtt/m/n/10.95 https : / / www . kubuntuforums . net / showthread . php
 / 72833-[]Launching-[]a-[]terminal-[]if-[]GUI-[]crashes ?
 []

[16]
Underfull \hbox (badness 10000) in paragraph at lines 541--546

 []


Overfull \hbox (162.36378pt too wide) in paragraph at lines 548--548
[]\OT1/cmtt/m/n/10.95 youtube-dl -x --audio-format mp3 -o "%(title)s.%(ext)s" "
https://www.youtube.com/watch?v=XXeu2dYnw88"[] 
 []


Underfull \hbox (badness 10000) in paragraph at lines 552--554

 []


Overfull \hbox (162.36378pt too wide) in paragraph at lines 556--556
[]\OT1/cmtt/m/n/10.95 youtube-dl -x --audio-format mp3 -o "%(title)s.%(ext)s" "
https://www.youtube.com/watch?v=XXeu2dYnw88"[] 
 []


Overfull \hbox (7.57198pt too wide) in paragraph at lines 561--562
[]\OT1/cmr/m/n/10.95 A course quite the-o-ret-i-cal: []$\OT1/cmtt/m/n/10.95 htt
ps : / / sites . google . com / view / deep-[]rl-[]bootcamp /
 []


Overfull \hbox (162.36378pt too wide) in paragraph at lines 569--569
[]\OT1/cmtt/m/n/10.95 youtube-dl -x --audio-format mp3 -o "%(title)s.%(ext)s" "
https://www.youtube.com/watch?v=XXeu2dYnw88"[] 
 []


Underfull \hbox (badness 10000) in paragraph at lines 573--576

 []

[17]
Overfull \hbox (79.13347pt too wide) in paragraph at lines 593--600
[]$\OT1/cmtt/m/n/10.95 http : / / ubuntuhandbook . org / index . php / 2016 / 0
4 / switch-[]intel-[]nvidia-[]graphics-[]ubuntu-[]16-[]04/$[] 
 []


Underfull \hbox (badness 10000) in paragraph at lines 603--604

 []

[18]
Overfull \hbox (14.3979pt too wide) in paragraph at lines 609--616
[]$\OT1/cmtt/m/n/10.95 https : / / bugs . launchpad . net / ubuntu / +source / 
nvidia-[]graphics-[]drivers-[]384 / +bug /
 []


Overfull \hbox (84.38216pt too wide) in paragraph at lines 628--635
[]$\OT1/cmtt/m/n/10.95 https : / / copiancestral . wordpress . com / 2012 / 02 
/ 13 / texmaker-[]error-[]cant-[]open-[]the-[]dictionary/$[] 
 []


Underfull \hbox (badness 10000) in paragraph at lines 638--639

 []

[19]
Underfull \hbox (badness 10000) in paragraph at lines 640--641

 []


Overfull \hbox (24.39528pt too wide) in paragraph at lines 643--643
[]\OT1/cmtt/m/n/10.95 pdftk Brochure_for_students_New.pdf cat 13 output Brochur
e_dfine_page_New.pdf[] 
 []


Overfull \hbox (24.89528pt too wide) in paragraph at lines 656--660
[]$\OT1/cmtt/m/n/10.95 https : / / www . ethz . ch / content / dam / ethz / ass
ociates / services / Service / IT-[]Services /
 []


Overfull \hbox (77.63347pt too wide) in paragraph at lines 661--665
[]$\OT1/cmtt/m/n/10.95 https : / / www . databasejournal . com / features / mss
ql / article . php / 3769211 / What-[]is-[]SQL-[]Server .
 []


Overfull \hbox (162.36378pt too wide) in paragraph at lines 667--667
[]\OT1/cmtt/m/n/10.95 youtube-dl -x --audio-format mp3 -o "%(title)s.%(ext)s" "
https://www.youtube.com/watch?v=vXyRJBuoPrQ"[] 
 []


Overfull \hbox (162.36378pt too wide) in paragraph at lines 676--676
[]\OT1/cmtt/m/n/10.95 youtube-dl -x --audio-format mp3 -o "%(title)s.%(ext)s" "
https://www.youtube.com/watch?v=CKBRgeFGENI"[] 
 []

[20]
Overfull \hbox (162.36378pt too wide) in paragraph at lines 684--684
[]\OT1/cmtt/m/n/10.95 youtube-dl -x --audio-format mp3 -o "%(title)s.%(ext)s" "
https://www.youtube.com/watch?v=dX3k_QDnzHE"[] 
 []


Underfull \hbox (badness 10000) in paragraph at lines 693--696

 []


Overfull \hbox (162.36378pt too wide) in paragraph at lines 706--706
[]\OT1/cmtt/m/n/10.95 youtube-dl -x --audio-format mp3 -o "%(title)s.%(ext)s" "
https://www.youtube.com/watch?v=dX3k_QDnzHE"[] 
 []


Overfull \hbox (120.37428pt too wide) in paragraph at lines 715--722
[]$\OT1/cmtt/m/n/10.95 http : / / www . wildml . com / 2015 / 09 / recurrent-[]
neural-[]networks-[]tutorial-[]part-[]1-[]introduction-[]to-[]rnns/$[] 
 []


Overfull \hbox (42.94337pt too wide) in paragraph at lines 723--726
\OT1/cmr/m/n/10.95 which con-tains the re-quired in-for-ma-tion. The user-name 
I had to use was abercher@student.ethz.ch
 []

[21]
Underfull \hbox (badness 10000) in paragraph at lines 740--741

 []


Overfull \hbox (162.36378pt too wide) in paragraph at lines 752--752
[]\OT1/cmtt/m/n/10.95 youtube-dl -x --audio-format mp3 -o "%(title)s.%(ext)s" "
https://www.youtube.com/watch?v=WdS_VdblFtk"[] 
 []


Overfull \hbox (162.36378pt too wide) in paragraph at lines 760--760
[]\OT1/cmtt/m/n/10.95 youtube-dl -x --audio-format mp3 -o "%(title)s.%(ext)s" "
https://www.youtube.com/watch?v=6dPGV0cols4"[] 
 []


Overfull \hbox (162.36378pt too wide) in paragraph at lines 767--767
[]\OT1/cmtt/m/n/10.95 youtube-dl -x --audio-format mp3 -o "%(title)s.%(ext)s" "
https://www.youtube.com/watch?v=3kaUvGSLMew"[] 
 []

[22]
Overfull \hbox (162.36378pt too wide) in paragraph at lines 774--774
[]\OT1/cmtt/m/n/10.95 youtube-dl -x --audio-format mp3 -o "%(title)s.%(ext)s" "
https://www.youtube.com/watch?v=lmc21V-zBq0"[] 
 []


Overfull \hbox (162.36378pt too wide) in paragraph at lines 797--797
[]\OT1/cmtt/m/n/10.95 youtube-dl -x --audio-format mp3 -o "%(title)s.%(ext)s" "
https://www.youtube.com/watch?v=KzOHin0D8no"[] 
 []


Overfull \hbox (136.12035pt too wide) in paragraph at lines 800--805
[]$\OT1/cmtt/m/n/10.95 https : / / www . coursera . org / learn / language-[]pr
ocessing / lecture / XZtoZ / hashing-[]trick-[]in-[]spam-[]filtering$[] 
 []


Overfull \hbox (50.89003pt too wide) in paragraph at lines 811--816
[]$\OT1/cmtt/m/n/10.95 https : / / askubuntu . com / questions / 418396 / what-
[]is-[]the-[]difference-[]between-[]vi-[]and-[]vim #
 []


Underfull \hbox (badness 10000) in paragraph at lines 811--816

 []

[23]
Overfull \hbox (162.36378pt too wide) in paragraph at lines 823--823
[]\OT1/cmtt/m/n/10.95 youtube-dl -x --audio-format mp3 -o "%(title)s.%(ext)s" "
https://www.youtube.com/watch?v=6fpQtKP92BI"[] 
 []


Overfull \hbox (162.36378pt too wide) in paragraph at lines 830--830
[]\OT1/cmtt/m/n/10.95 youtube-dl -x --audio-format mp3 -o "%(title)s.%(ext)s" "
https://www.youtube.com/watch?v=6fpQtKP92BI"[] 
 []


Overfull \hbox (40.39265pt too wide) in paragraph at lines 833--837
[]$\OT1/cmtt/m/n/10.95 https : / / www . howtogeek . com / 135533 / how-[]to-[]
use-[]rsync-[]to-[]backup-[]your-[]data-[]on-[]linux/$[] 
 []


Underfull \hbox (badness 10000) in paragraph at lines 833--837

 []


Overfull \hbox (21.14659pt too wide) in paragraph at lines 838--841
[]$\OT1/cmtt/m/n/10.95 https : / / www . kubuntuforums . net / showthread . php
 / 73778-[]Erasing-[]a-[]Linux-[]live-[]key ?
 []


Overfull \hbox (162.36378pt too wide) in paragraph at lines 846--846
[]\OT1/cmtt/m/n/10.95 youtube-dl -x --audio-format mp3 -o "%(title)s.%(ext)s" "
https://www.youtube.com/watch?v=XFkzRNyygfk"[] 
 []


Overfull \hbox (162.36378pt too wide) in paragraph at lines 854--854
[]\OT1/cmtt/m/n/10.95 youtube-dl -x --audio-format mp3 -o "%(title)s.%(ext)s" "
https://www.youtube.com/watch?v=sOcP3i-zm-s"[] 
 []


Underfull \hbox (badness 10000) in paragraph at lines 858--861

 []

[24]
Underfull \hbox (badness 10000) in paragraph at lines 862--863

 []


Underfull \hbox (badness 10000) in paragraph at lines 869--872

 []


Underfull \hbox (badness 10000) in paragraph at lines 875--878

 []

[25]
Overfull \hbox (162.36378pt too wide) in paragraph at lines 895--895
[]\OT1/cmtt/m/n/10.95 youtube-dl -x --audio-format mp3 -o "%(title)s.%(ext)s" "
https://www.youtube.com/watch?v=TOPSETBUgvQ"[] 
 []


Overfull \hbox (162.36378pt too wide) in paragraph at lines 903--903
[]\OT1/cmtt/m/n/10.95 youtube-dl -x --audio-format mp3 -o "%(title)s.%(ext)s" "
https://www.youtube.com/watch?v=TOPSETBUgvQ"[] 
 []


Overfull \hbox (162.36378pt too wide) in paragraph at lines 911--911
[]\OT1/cmtt/m/n/10.95 youtube-dl -x --audio-format mp3 -o "%(title)s.%(ext)s" "
https://www.youtube.com/watch?v=TOPSETBUgvQ"[] 
 []


Overfull \hbox (162.36378pt too wide) in paragraph at lines 925--925
[]\OT1/cmtt/m/n/10.95 youtube-dl -x --audio-format mp3 -o "%(title)s.%(ext)s" "
https://www.youtube.com/watch?v=hw3d9KTYHIE"[] 
 []


Overfull \hbox (56.13872pt too wide) in paragraph at lines 929--934
[]$\OT1/cmtt/m/n/10.95 https : / / github . com / rg3 / youtube-[]dl / blob / m
aster / README . md # how-[]do-[]i-[]update-[]youtube-[]dl$[] 
 []

[26]
Overfull \hbox (167.36378pt too wide) in paragraph at lines 943--947
[]$\OT1/cmtt/m/n/10.95 https : / / www . kubuntuforums . net / showthread . php
 / 74794-[]Can-[]t-[]transfer-[]songs-[]from-[]Rhythmbox-[]to-[]iPod-[]5-[]gen 
?
 []


Overfull \hbox (162.36378pt too wide) in paragraph at lines 952--952
[]\OT1/cmtt/m/n/10.95 youtube-dl -x --audio-format mp3 -o "%(title)s.%(ext)s" "
https://www.youtube.com/watch?v=8nGhHL6Dhok"[] 
 []


Overfull \hbox (108.8769pt too wide) in paragraph at lines 956--964
[]$\OT1/cmtt/m/n/10.95 https : / / medium . com / factory-[]mind / regex-[]tuto
rial-[]a-[]simple-[]cheatsheet-[]by-[]examples-[]649dc1c3f285$[] 
 []


Overfull \hbox (532.53111pt too wide) in paragraph at lines 966--970
[]$\OT1/cmtt/m/n/10.95 https : / / www . joelonsoftware . com / 2003 / 10 / 08 
/ the-[]absolute-[]minimum-[]every-[]software-[]developer-[]absolutely-[]positi
vely-[]must-[]know-[]about-[]unicode-[]and-[]character-[]sets-[]no-[]excuses/$[
]
 []


Overfull \hbox (162.36378pt too wide) in paragraph at lines 975--975
[]\OT1/cmtt/m/n/10.95 youtube-dl -x --audio-format mp3 -o "%(title)s.%(ext)s" "
https://www.youtube.com/watch?v=hw3d9KTYHIE"[] 
 []


Underfull \hbox (badness 10000) in paragraph at lines 980--981

 []

[27]
Underfull \hbox (badness 10000) in paragraph at lines 987--988

 []


Overfull \hbox (162.36378pt too wide) in paragraph at lines 992--992
[]\OT1/cmtt/m/n/10.95 youtube-dl -x --audio-format mp3 -o "%(title)s.%(ext)s" "
https://www.youtube.com/watch?v=8nGhHL6Dhok"[] 
 []


Underfull \hbox (badness 10000) in paragraph at lines 998--999

 []


Underfull \hbox (badness 10000) in paragraph at lines 1017--1021

 []


Underfull \hbox (badness 10000) in paragraph at lines 1022--1023

 []

[28]
Overfull \hbox (86.38216pt too wide) in paragraph at lines 1048--1051
[]$\OT1/cmtt/m/n/10.95 https : / / superuser . com / questions / 284051 / what-
[]is-[]port-[]forwarding-[]and-[]what-[]is-[]it-[]used-[]for #
 []


Underfull \hbox (badness 10000) in paragraph at lines 1048--1051

 []

[29]
Underfull \hbox (badness 10000) in paragraph at lines 1052--1059

 []


Overfull \hbox (162.36378pt too wide) in paragraph at lines 1066--1066
[]\OT1/cmtt/m/n/10.95 youtube-dl -x --audio-format mp3 -o "%(title)s.%(ext)s" "
https://www.youtube.com/watch?v=hw3d9KTYHIE"[] 
 []


Underfull \hbox (badness 10000) in paragraph at lines 1071--1072

 []


Underfull \hbox (badness 10000) in paragraph at lines 1080--1081

 []

[30]
Overfull \hbox (162.36378pt too wide) in paragraph at lines 1085--1085
[]\OT1/cmtt/m/n/10.95 youtube-dl -x --audio-format mp3 -o "%(title)s.%(ext)s" "
https://www.youtube.com/watch?v=hw3d9KTYHIE"[] 
 []


Underfull \hbox (badness 10000) in paragraph at lines 1092--1093

 []


Overfull \hbox (230.09935pt too wide) in paragraph at lines 1094--1097
[]$\OT1/cmtt/m/n/10.95 https : / / towardsdatascience . com / solving-[]machine
-[]learnings-[]last-[]mile-[]problem-[]for-[]operational-[]decisions-[]65e9f44d
82b$[] 
 []


Underfull \hbox (badness 10000) in paragraph at lines 1101--1102

 []


Overfull \hbox (0.15184pt too wide) in paragraph at lines 1103--1106
[]$\OT1/cmtt/m/n/10.95 https : / / nordicapis . com / what-[]is-[]the-[]differe
nce-[]between-[]an-[]api-[]and-[]an-[]sdk/$[] 
 []


Underfull \hbox (badness 10000) in paragraph at lines 1110--1111

 []


Overfull \hbox (92.13084pt too wide) in paragraph at lines 1112--1114
[]$\OT1/cmtt/m/n/10.95 https : / / www . cloudamqp . com / blog / 2015-[]05-[]1
8-[]part1-[]rabbitmq-[]for-[]beginners-[]what-[]is-[]rabbitmq .
 []


Underfull \hbox (badness 10000) in paragraph at lines 1112--1114

 []


Underfull \hbox (badness 10000) in paragraph at lines 1120--1121

 []


Underfull \hbox (badness 10000) in paragraph at lines 1129--1130

 []

[31]
Underfull \hbox (badness 10000) in paragraph at lines 1137--1138

 []


Underfull \hbox (badness 10000) in paragraph at lines 1146--1147

 []


Underfull \hbox (badness 10000) in paragraph at lines 1155--1156

 []


Overfull \hbox (162.36378pt too wide) in paragraph at lines 1160--1160
[]\OT1/cmtt/m/n/10.95 youtube-dl -x --audio-format mp3 -o "%(title)s.%(ext)s" "
https://www.youtube.com/watch?v=hw3d9KTYHIE"[] 
 []


Underfull \hbox (badness 10000) in paragraph at lines 1162--1163

 []


Underfull \hbox (badness 10000) in paragraph at lines 1167--1168

 []


Underfull \hbox (badness 10000) in paragraph at lines 1177--1178

 []


Overfull \hbox (20.14659pt too wide) in paragraph at lines 1179--1183
[]$\OT1/cmtt/m/n/10.95 https : / / www . learnitguide . net / 2018 / 06 / docke
rfile-[]explained-[]with-[]examples . html$[] 
 []


Overfull \hbox (9.64922pt too wide) in paragraph at lines 1179--1183
[]$\OT1/cmtt/m/n/10.95 https : / / www . learnitguide . net / 2018 / 06 / write
-[]dockerfile-[]to-[]build-[]own-[]images .
 []


Underfull \hbox (badness 10000) in paragraph at lines 1187--1188

 []

[32]
Underfull \hbox (badness 10000) in paragraph at lines 1195--1196

 []


Underfull \hbox (badness 10000) in paragraph at lines 1202--1203

 []


Overfull \hbox (107.8769pt too wide) in paragraph at lines 1204--1209
[]$\OT1/cmtt/m/n/10.95 https : / / askubuntu . com / questions / 826646 / backu
p-[]failed-[]could-[]not-[]understand-[]duplicity-[]version$[] 
 []


Overfull \hbox (107.8769pt too wide) in paragraph at lines 1204--1209
[]$\OT1/cmtt/m/n/10.95 https : / / askubuntu . com / questions / 826646 / backu
p-[]failed-[]could-[]not-[]understand-[]duplicity-[]version$[] 
 []


Overfull \hbox (696.99174pt too wide) in paragraph at lines 1211--1211
[]\OT1/cmtt/m/n/10.95 /home/aritz/anaconda3/bin:/home/aritz/anaconda3/condabin:
/home/aritz/bin:/home/aritz/.local/bin:/usr/local/sbin:/usr/local/bin:/usr/sbin
:/usr/bin:/sbin:/bin:/usr/games:/usr/local/games:/snap/bin[] 
 []


Underfull \hbox (badness 10000) in paragraph at lines 1212--1213

 []


Overfull \hbox (8.64922pt too wide) in paragraph at lines 1214--1216
[]$\OT1/cmtt/m/n/10.95 https : / / www . kubuntuforums . net / showthread . php
 / 76668-[]Backup-[]error-[]Duplicity ?
 []


Underfull \hbox (badness 10000) in paragraph at lines 1214--1216

 []


Underfull \hbox (badness 10000) in paragraph at lines 1221--1222

 []


Overfull \hbox (107.3769pt too wide) in paragraph at lines 1223--1226
[]$\OT1/cmtt/m/n/10.95 https : / / www . coursera . org / lecture / troubleshoo
ting-[]debugging-[]techniques / slow-[]web-[]server-[]zXeaB$[] 
 []


Underfull \hbox (badness 10000) in paragraph at lines 1223--1226

 []


Underfull \hbox (badness 10000) in paragraph at lines 1227--1228

 []


Underfull \hbox (badness 10000) in paragraph at lines 1232--1233

 []

[33]
Underfull \hbox (badness 10000) in paragraph at lines 1240--1241

 []


Overfull \hbox (226.35066pt too wide) in paragraph at lines 1242--1246
[]$\OT1/cmtt/m/n/10.95 https : / / superuser . com / questions / 709702 / how-[
]to-[]crawl-[]using-[]wget-[]to-[]download-[]only-[]html-[]files-[]ignore-[]ima
ges-[]css-[]js$[] 
 []


Underfull \hbox (badness 10000) in paragraph at lines 1242--1246

 []


Underfull \hbox (badness 10000) in paragraph at lines 1247--1249

 []


Underfull \hbox (badness 10000) in paragraph at lines 1253--1254

 []


Overfull \hbox (225.85066pt too wide) in paragraph at lines 1255--1257
[]$\OT1/cmtt/m/n/10.95 https : / / www . digitalocean . com / community / tutor
ials / how-[]to-[]use-[]rsync-[]to-[]sync-[]local-[]and-[]remote-[]directories-
[]on-[]a-[]vps$[] 
 []


Underfull \hbox (badness 10000) in paragraph at lines 1255--1257

 []


Underfull \hbox (badness 10000) in paragraph at lines 1261--1262

 []


Underfull \hbox (badness 10000) in paragraph at lines 1269--1270

 []


Overfull \hbox (133.62035pt too wide) in paragraph at lines 1284--1284
[]\OT1/cmtt/m/n/10.95 aritz@aritz-ThinkPad-T460p:~/Programs/JetBrains/jetbrains
-toolbox-1.19.7784$ ./jetbrains-toolbox[] 
 []

[34] [35]
Overfull \hbox (5.78084pt too wide) in paragraph at lines 1328--1330
[]$\OT1/cmtt/m/n/10.95 https : / / github . com / NileshGule / Ebooks / blob / 
master / The % 20Clean % 20Coder %
 []


Overfull \hbox (222.48228pt too wide) in paragraph at lines 1345--1347
[]$\OT1/cmtt/m/n/10.95 https : / / blog . paralleldots . com / data-[]science /
 breakthrough-[]research-[]papers-[]and-[]models-[]for-[]sentiment-[]analysis/$
[] 
 []

[36] [37]
Package atveryend Info: Empty hook `BeforeClearDocument' on input line 1396.
 [38]
Package atveryend Info: Empty hook `AfterLastShipout' on input line 1396.
 (./journal_CS.aux)
Package atveryend Info: Executing hook `AtVeryEndDocument' on input line 1396.
Package atveryend Info: Executing hook `AtEndAfterFileList' on input line 1396.

Package rerunfilecheck Info: File `journal_CS.out' has not changed.
(rerunfilecheck)             Checksum: 9146EAD50763ADF1E7CE766591E0075B;641.
Package atveryend Info: Empty hook `AtVeryVeryEnd' on input line 1396.
 ) 
Here is how much of TeX's memory you used:
 6872 strings out of 483140
 107862 string characters out of 5965151
 464712 words of memory out of 5000000
 21662 multiletter control sequences out of 15000+600000
 541824 words of font info for 60 fonts, out of 8000000 for 9000
 36 hyphenation exceptions out of 8191
 35i,11n,45p,1182b,484s stack positions out of 5000i,500n,10000p,200000b,80000s
 </home/aritz/.texlive2019/texmf-var/fonts/pk/ljfour/jknappen/ec/tcrm1095.600
pk></usr/share/texlive/texmf-dist/fonts/type1/public/amsfonts/cm/cmbx10.pfb></u
sr/share/texlive/texmf-dist/fonts/type1/public/amsfonts/cm/cmbx12.pfb></usr/sha
re/texlive/texmf-dist/fonts/type1/public/amsfonts/cm/cmmi10.pfb></usr/share/tex
live/texmf-dist/fonts/type1/public/amsfonts/cm/cmmi8.pfb></usr/share/texlive/te
xmf-dist/fonts/type1/public/amsfonts/cm/cmr10.pfb></usr/share/texlive/texmf-dis
t/fonts/type1/public/amsfonts/cm/cmr12.pfb></usr/share/texlive/texmf-dist/fonts
/type1/public/amsfonts/cm/cmr17.pfb></usr/share/texlive/texmf-dist/fonts/type1/
public/amsfonts/cm/cmr8.pfb></usr/share/texlive/texmf-dist/fonts/type1/public/a
msfonts/cm/cmsy10.pfb></usr/share/texlive/texmf-dist/fonts/type1/public/amsfont
s/cm/cmtt10.pfb></usr/share/texlive/texmf-dist/fonts/type1/public/amsfonts/symb
ols/msbm10.pfb>
Output written on journal_CS.pdf (38 pages, 237312 bytes).
PDF statistics:
 587 PDF objects out of 1000 (max. 8388607)
 528 compressed objects within 6 object streams
 122 named destinations out of 1000 (max. 500000)
 81 words of extra memory for PDF output out of 10000 (max. 10000000)

