This is pdfTeX, Version 3.14159265-2.6-1.40.20 (TeX Live 2019/Debian) (preloaded format=pdflatex 2021.1.17)  27 FEB 2021 12:54
entering extended mode
 restricted \write18 enabled.
 %&-line parsing enabled.
**journal_python.tex
(./journal_python.tex
LaTeX2e <2020-02-02> patch level 2
L3 programming layer <2020-02-14>
(/usr/share/texlive/texmf-dist/tex/latex/base/article.cls
Document Class: article 2019/12/20 v1.4l Standard LaTeX document class
(/usr/share/texlive/texmf-dist/tex/latex/base/size11.clo
File: size11.clo 2019/12/20 v1.4l Standard LaTeX file (size option)
)
\c@part=\count167
\c@section=\count168
\c@subsection=\count169
\c@subsubsection=\count170
\c@paragraph=\count171
\c@subparagraph=\count172
\c@figure=\count173
\c@table=\count174
\abovecaptionskip=\skip47
\belowcaptionskip=\skip48
\bibindent=\dimen134
)
(/usr/share/texlive/texmf-dist/tex/latex/lipsum/lipsum.sty
(/usr/share/texlive/texmf-dist/tex/latex/l3kernel/expl3.sty
Package: expl3 2020-02-14 L3 programming layer (loader) 

(/usr/share/texlive/texmf-dist/tex/latex/l3backend/l3backend-pdfmode.def
File: l3backend-pdfmode.def 2020-02-03 L3 backend support: PDF mode
\l__kernel_color_stack_int=\count175
\l__pdf_internal_box=\box45
))
(/usr/share/texlive/texmf-dist/tex/latex/l3packages/xparse/xparse.sty
Package: xparse 2020-02-14 L3 Experimental document command parser
\l__xparse_current_arg_int=\count176
\g__xparse_grabber_int=\count177
\l__xparse_m_args_int=\count178
\l__xparse_v_nesting_int=\count179
)
Package: lipsum 2019/01/02 v2.2 150 paragraphs of Lorem Ipsum dummy text

(/usr/share/texlive/texmf-dist/tex/latex/lipsum/lipsum.ltd.tex
File: lipsum.ltd.tex 2019/01/02 v2.2 The Lorem ipsum dummy text
))
(/usr/share/texlive/texmf-dist/tex/latex/base/inputenc.sty
Package: inputenc 2018/08/11 v1.3c Input encoding file
\inpenc@prehook=\toks14
\inpenc@posthook=\toks15
)
(/usr/share/texlive/texmf-dist/tex/latex/hyperref/hyperref.sty
Package: hyperref 2020/01/14 v7.00d Hypertext links for LaTeX

(/usr/share/texlive/texmf-dist/tex/generic/ltxcmds/ltxcmds.sty
Package: ltxcmds 2019/12/15 v1.24 LaTeX kernel commands for general use (HO)
)
(/usr/share/texlive/texmf-dist/tex/generic/iftex/iftex.sty
Package: iftex 2019/11/07 v1.0c TeX engine tests
)
(/usr/share/texlive/texmf-dist/tex/latex/pdftexcmds/pdftexcmds.sty
Package: pdftexcmds 2019/11/24 v0.31 Utility functions of pdfTeX for LuaTeX (HO
)

(/usr/share/texlive/texmf-dist/tex/generic/infwarerr/infwarerr.sty
Package: infwarerr 2019/12/03 v1.5 Providing info/warning/error messages (HO)
)
Package pdftexcmds Info: \pdf@primitive is available.
Package pdftexcmds Info: \pdf@ifprimitive is available.
Package pdftexcmds Info: \pdfdraftmode found.
)
(/usr/share/texlive/texmf-dist/tex/latex/graphics/keyval.sty
Package: keyval 2014/10/28 v1.15 key=value parser (DPC)
\KV@toks@=\toks16
)
(/usr/share/texlive/texmf-dist/tex/generic/kvsetkeys/kvsetkeys.sty
Package: kvsetkeys 2019/12/15 v1.18 Key value parser (HO)
)
(/usr/share/texlive/texmf-dist/tex/generic/kvdefinekeys/kvdefinekeys.sty
Package: kvdefinekeys 2019-12-19 v1.6 Define keys (HO)
)
(/usr/share/texlive/texmf-dist/tex/generic/pdfescape/pdfescape.sty
Package: pdfescape 2019/12/09 v1.15 Implements pdfTeX's escape features (HO)
)
(/usr/share/texlive/texmf-dist/tex/latex/hycolor/hycolor.sty
Package: hycolor 2020-01-27 v1.10 Color options for hyperref/bookmark (HO)
)
(/usr/share/texlive/texmf-dist/tex/latex/letltxmacro/letltxmacro.sty
Package: letltxmacro 2019/12/03 v1.6 Let assignment for LaTeX macros (HO)
)
(/usr/share/texlive/texmf-dist/tex/latex/auxhook/auxhook.sty
Package: auxhook 2019-12-17 v1.6 Hooks for auxiliary files (HO)
)
(/usr/share/texlive/texmf-dist/tex/latex/kvoptions/kvoptions.sty
Package: kvoptions 2019/11/29 v3.13 Key value format for package options (HO)
)
\@linkdim=\dimen135
\Hy@linkcounter=\count180
\Hy@pagecounter=\count181

(/usr/share/texlive/texmf-dist/tex/latex/hyperref/pd1enc.def
File: pd1enc.def 2020/01/14 v7.00d Hyperref: PDFDocEncoding definition (HO)
Now handling font encoding PD1 ...
... no UTF-8 mapping file for font encoding PD1
)
(/usr/share/texlive/texmf-dist/tex/generic/intcalc/intcalc.sty
Package: intcalc 2019/12/15 v1.3 Expandable calculations with integers (HO)
)
(/usr/share/texlive/texmf-dist/tex/generic/etexcmds/etexcmds.sty
Package: etexcmds 2019/12/15 v1.7 Avoid name clashes with e-TeX commands (HO)
)
\Hy@SavedSpaceFactor=\count182
\pdfmajorversion=\count183
Package hyperref Info: Hyper figures OFF on input line 4547.
Package hyperref Info: Link nesting OFF on input line 4552.
Package hyperref Info: Hyper index ON on input line 4555.
Package hyperref Info: Plain pages OFF on input line 4562.
Package hyperref Info: Backreferencing OFF on input line 4567.
Package hyperref Info: Implicit mode ON; LaTeX internals redefined.
Package hyperref Info: Bookmarks ON on input line 4800.
\c@Hy@tempcnt=\count184

(/usr/share/texlive/texmf-dist/tex/latex/url/url.sty
\Urlmuskip=\muskip16
Package: url 2013/09/16  ver 3.4  Verb mode for urls, etc.
)
LaTeX Info: Redefining \url on input line 5159.
\XeTeXLinkMargin=\dimen136

(/usr/share/texlive/texmf-dist/tex/generic/bitset/bitset.sty
Package: bitset 2019/12/09 v1.3 Handle bit-vector datatype (HO)

(/usr/share/texlive/texmf-dist/tex/generic/bigintcalc/bigintcalc.sty
Package: bigintcalc 2019/12/15 v1.5 Expandable calculations on big integers (HO
)
))
\Fld@menulength=\count185
\Field@Width=\dimen137
\Fld@charsize=\dimen138
Package hyperref Info: Hyper figures OFF on input line 6430.
Package hyperref Info: Link nesting OFF on input line 6435.
Package hyperref Info: Hyper index ON on input line 6438.
Package hyperref Info: backreferencing OFF on input line 6445.
Package hyperref Info: Link coloring OFF on input line 6450.
Package hyperref Info: Link coloring with OCG OFF on input line 6455.
Package hyperref Info: PDF/A mode OFF on input line 6460.
LaTeX Info: Redefining \ref on input line 6500.
LaTeX Info: Redefining \pageref on input line 6504.

(/usr/share/texlive/texmf-dist/tex/generic/atbegshi/atbegshi.sty
Package: atbegshi 2019/12/05 v1.19 At begin shipout hook (HO)
)
\Hy@abspage=\count186
\c@Item=\count187
\c@Hfootnote=\count188
)
Package hyperref Info: Driver (autodetected): hpdftex.

(/usr/share/texlive/texmf-dist/tex/latex/hyperref/hpdftex.def
File: hpdftex.def 2020/01/14 v7.00d Hyperref driver for pdfTeX

(/usr/share/texlive/texmf-dist/tex/latex/atveryend/atveryend.sty
Package: atveryend 2019-12-11 v1.11 Hooks at the very end of document (HO)
Package atveryend Info: \enddocument detected (standard20110627).
)
\Fld@listcount=\count189
\c@bookmark@seq@number=\count190

(/usr/share/texlive/texmf-dist/tex/latex/rerunfilecheck/rerunfilecheck.sty
Package: rerunfilecheck 2019/12/05 v1.9 Rerun checks for auxiliary files (HO)

(/usr/share/texlive/texmf-dist/tex/generic/uniquecounter/uniquecounter.sty
Package: uniquecounter 2019/12/15 v1.4 Provide unlimited unique counter (HO)
)
Package uniquecounter Info: New unique counter `rerunfilecheck' on input line 2
86.
)
\Hy@SectionHShift=\skip49
)
(/usr/share/texlive/texmf-dist/tex/latex/amsfonts/amssymb.sty
Package: amssymb 2013/01/14 v3.01 AMS font symbols

(/usr/share/texlive/texmf-dist/tex/latex/amsfonts/amsfonts.sty
Package: amsfonts 2013/01/14 v3.01 Basic AMSFonts support
\@emptytoks=\toks17
\symAMSa=\mathgroup4
\symAMSb=\mathgroup5
LaTeX Font Info:    Redeclaring math symbol \hbar on input line 98.
LaTeX Font Info:    Overwriting math alphabet `\mathfrak' in version `bold'
(Font)                  U/euf/m/n --> U/euf/b/n on input line 106.
))
(/usr/share/texlive/texmf-dist/tex/latex/amsmath/amsmath.sty
Package: amsmath 2020/01/20 v2.17e AMS math features
\@mathmargin=\skip50

For additional information on amsmath, use the `?' option.
(/usr/share/texlive/texmf-dist/tex/latex/amsmath/amstext.sty
Package: amstext 2000/06/29 v2.01 AMS text

(/usr/share/texlive/texmf-dist/tex/latex/amsmath/amsgen.sty
File: amsgen.sty 1999/11/30 v2.0 generic functions
\@emptytoks=\toks18
\ex@=\dimen139
))
(/usr/share/texlive/texmf-dist/tex/latex/amsmath/amsbsy.sty
Package: amsbsy 1999/11/29 v1.2d Bold Symbols
\pmbraise@=\dimen140
)
(/usr/share/texlive/texmf-dist/tex/latex/amsmath/amsopn.sty
Package: amsopn 2016/03/08 v2.02 operator names
)
\inf@bad=\count191
LaTeX Info: Redefining \frac on input line 227.
\uproot@=\count192
\leftroot@=\count193
LaTeX Info: Redefining \overline on input line 389.
\classnum@=\count194
\DOTSCASE@=\count195
LaTeX Info: Redefining \ldots on input line 486.
LaTeX Info: Redefining \dots on input line 489.
LaTeX Info: Redefining \cdots on input line 610.
\Mathstrutbox@=\box46
\strutbox@=\box47
\big@size=\dimen141
LaTeX Font Info:    Redeclaring font encoding OML on input line 733.
LaTeX Font Info:    Redeclaring font encoding OMS on input line 734.
\macc@depth=\count196
\c@MaxMatrixCols=\count197
\dotsspace@=\muskip17
\c@parentequation=\count198
\dspbrk@lvl=\count199
\tag@help=\toks19
\row@=\count266
\column@=\count267
\maxfields@=\count268
\andhelp@=\toks20
\eqnshift@=\dimen142
\alignsep@=\dimen143
\tagshift@=\dimen144
\tagwidth@=\dimen145
\totwidth@=\dimen146
\lineht@=\dimen147
\@envbody=\toks21
\multlinegap=\skip51
\multlinetaggap=\skip52
\mathdisplay@stack=\toks22
LaTeX Info: Redefining \[ on input line 2859.
LaTeX Info: Redefining \] on input line 2860.
)
(/usr/share/texlive/texmf-dist/tex/latex/units/nicefrac.sty
Package: nicefrac 1998/08/04 v0.9b Nice fractions
\L@UnitsRaiseDisplaystyle=\skip53
\L@UnitsRaiseTextstyle=\skip54
\L@UnitsRaiseScriptstyle=\skip55

(/usr/share/texlive/texmf-dist/tex/latex/base/ifthen.sty
Package: ifthen 2014/09/29 v1.1c Standard LaTeX ifthen package (DPC)
))
(/usr/share/texlive/texmf-dist/tex/latex/geometry/geometry.sty
Package: geometry 2020/01/02 v5.9 Page Geometry

(/usr/share/texlive/texmf-dist/tex/generic/iftex/ifvtex.sty
Package: ifvtex 2019/10/25 v1.7 ifvtex legacy package. Use iftex instead.
)
\Gm@cnth=\count269
\Gm@cntv=\count270
\c@Gm@tempcnt=\count271
\Gm@bindingoffset=\dimen148
\Gm@wd@mp=\dimen149
\Gm@odd@mp=\dimen150
\Gm@even@mp=\dimen151
\Gm@layoutwidth=\dimen152
\Gm@layoutheight=\dimen153
\Gm@layouthoffset=\dimen154
\Gm@layoutvoffset=\dimen155
\Gm@dimlist=\toks23
)
(/usr/share/texlive/texmf-dist/tex/latex/fancyhdr/fancyhdr.sty
Package: fancyhdr 2019/01/31 v3.10 Extensive control of page headers and footer
s
\f@nch@headwidth=\skip56
\f@nch@O@elh=\skip57
\f@nch@O@erh=\skip58
\f@nch@O@olh=\skip59
\f@nch@O@orh=\skip60
\f@nch@O@elf=\skip61
\f@nch@O@erf=\skip62
\f@nch@O@olf=\skip63
\f@nch@O@orf=\skip64
)
(/usr/share/texlive/texmf-dist/tex/latex/tools/enumerate.sty
Package: enumerate 2015/07/23 v3.00 enumerate extensions (DPC)
\@enLab=\toks24
)
(./journal_python.aux)
\openout1 = `journal_python.aux'.

LaTeX Font Info:    Checking defaults for OML/cmm/m/it on input line 40.
LaTeX Font Info:    ... okay on input line 40.
LaTeX Font Info:    Checking defaults for OMS/cmsy/m/n on input line 40.
LaTeX Font Info:    ... okay on input line 40.
LaTeX Font Info:    Checking defaults for OT1/cmr/m/n on input line 40.
LaTeX Font Info:    ... okay on input line 40.
LaTeX Font Info:    Checking defaults for T1/cmr/m/n on input line 40.
LaTeX Font Info:    ... okay on input line 40.
LaTeX Font Info:    Checking defaults for TS1/cmr/m/n on input line 40.
LaTeX Font Info:    ... okay on input line 40.
LaTeX Font Info:    Checking defaults for OMX/cmex/m/n on input line 40.
LaTeX Font Info:    ... okay on input line 40.
LaTeX Font Info:    Checking defaults for U/cmr/m/n on input line 40.
LaTeX Font Info:    ... okay on input line 40.
LaTeX Font Info:    Checking defaults for PD1/pdf/m/n on input line 40.
LaTeX Font Info:    ... okay on input line 40.
\AtBeginShipoutBox=\box48
Package hyperref Info: Link coloring OFF on input line 40.

(/usr/share/texlive/texmf-dist/tex/latex/hyperref/nameref.sty
Package: nameref 2019/09/16 v2.46 Cross-referencing by name of section

(/usr/share/texlive/texmf-dist/tex/latex/refcount/refcount.sty
Package: refcount 2019/12/15 v3.6 Data extraction from label references (HO)
)
(/usr/share/texlive/texmf-dist/tex/generic/gettitlestring/gettitlestring.sty
Package: gettitlestring 2019/12/15 v1.6 Cleanup title references (HO)
)
\c@section@level=\count272
)
LaTeX Info: Redefining \ref on input line 40.
LaTeX Info: Redefining \pageref on input line 40.
LaTeX Info: Redefining \nameref on input line 40.

(./journal_python.out) (./journal_python.out)
\@outlinefile=\write3
\openout3 = `journal_python.out'.


*geometry* driver: auto-detecting
*geometry* detected driver: pdftex
*geometry* verbose mode - [ preamble ] result:
* driver: pdftex
* paper: a4paper
* layout: <same size as paper>
* layoutoffset:(h,v)=(0.0pt,0.0pt)
* modes: 
* h-part:(L,W,R)=(89.62709pt, 418.25368pt, 89.6271pt)
* v-part:(T,H,B)=(101.40665pt, 591.5302pt, 152.11pt)
* \paperwidth=597.50787pt
* \paperheight=845.04684pt
* \textwidth=418.25368pt
* \textheight=591.5302pt
* \oddsidemargin=17.3571pt
* \evensidemargin=17.3571pt
* \topmargin=-7.86334pt
* \headheight=12.0pt
* \headsep=25.0pt
* \topskip=11.0pt
* \footskip=30.0pt
* \marginparwidth=50.0pt
* \marginparsep=10.0pt
* \columnsep=10.0pt
* \skip\footins=10.0pt plus 4.0pt minus 2.0pt
* \hoffset=0.0pt
* \voffset=0.0pt
* \mag=1000
* \@twocolumnfalse
* \@twosidefalse
* \@mparswitchfalse
* \@reversemarginfalse
* (1in=72.27pt=25.4mm, 1cm=28.453pt)

LaTeX Font Info:    Trying to load font information for U+msa on input line 43.

(/usr/share/texlive/texmf-dist/tex/latex/amsfonts/umsa.fd
File: umsa.fd 2013/01/14 v3.01 AMS symbols A
)
LaTeX Font Info:    Trying to load font information for U+msb on input line 43.


(/usr/share/texlive/texmf-dist/tex/latex/amsfonts/umsb.fd
File: umsb.fd 2013/01/14 v3.01 AMS symbols B
)
(./journal_python.toc)
\tf@toc=\write4
\openout4 = `journal_python.toc'.

 [1

{/var/lib/texmf/fonts/map/pdftex/updmap/pdftex.map}]
Overfull \hbox (135.62035pt too wide) in paragraph at lines 73--92
[]$\OT1/cmtt/m/n/10.95 https : / / docs . python . org / 3 . 6 / library / stdt
ypes . html ? highlight = list # sequence-[]types-[]list-[]tuple-[]range$[] 
 []


Overfull \hbox (103.12822pt too wide) in paragraph at lines 73--92
[]$\OT1/cmtt/m/n/10.95 http : / / networkstatic . net / python-[]tutorial-[]cla
sses-[]objects-[]methods-[]init-[]and-[]simple-[]examples/$[] 
 []


Overfull \hbox (68.1361pt too wide) in paragraph at lines 73--92
[]$\OT1/cmtt/m/n/10.95 https : / / stackoverflow . com / questions / 13886168 /
 how-[]to-[]use-[]the-[]pass-[]statement-[]in-[]python$[] 
 []


Package Fancyhdr Warning: \headheight is too small (12.0pt): 
Make it at least 13.59999pt.
We now make it that large for the rest of the document.
This may cause the page layout to be inconsistent, however.

[2]
Overfull \hbox (3.90053pt too wide) in paragraph at lines 93--109
[]$\OT1/cmtt/m/n/10.95 https : / / stackoverflow . com / questions / 231767 / w
hat-[]does-[]the-[]yield-[]keyword-[]do$[] 
 []


Overfull \hbox (20.14659pt too wide) in paragraph at lines 93--109
[]$\OT1/cmtt/m/n/10.95 https : / / github . com / rg3 / youtube-[]dl / blob / m
aster / README . md # embedding-[]youtube-[]dl$[] 
 []


Overfull \hbox (73.88478pt too wide) in paragraph at lines 93--109
[]$\OT1/cmtt/m/n/10.95 https : / / stackoverflow . com / questions / 1369526 / 
what-[]is-[]the-[]python-[]keyword-[]with-[]used-[]for #
 []


Overfull \hbox (102.62822pt too wide) in paragraph at lines 93--109
[]$\OT1/cmtt/m/n/10.95 https : / / stackoverflow . com / questions / 3012488 / 
what-[]is-[]the-[]python-[]with-[]statement-[]designed-[]for$[] 
 []


Overfull \hbox (3.83386pt too wide) in paragraph at lines 93--109
[]$\OT1/cmtt/m/n/10.95 https : / / docs . python . org / release / 2 . 5 . 2 / 
lib / typecontextmanager . html$[] []$https : / /
 []


Overfull \hbox (224.85066pt too wide) in paragraph at lines 110--119
[]$\OT1/cmtt/m/n/10.95 https : / / unix . stackexchange . com / questions / 428
41 / how-[]to-[]skip-[]permission-[]denied-[]errors-[]when-[]running-[]find-[]i
n-[]linux #
 []

[3]
Overfull \hbox (7.14922pt too wide) in paragraph at lines 121--121
[]\OT1/cmtt/m/n/10.95 Writing default config to: /home/aritz/.jupyter/jupyter_n
otebook_config.py[] 
 []


Overfull \hbox (6.31851pt too wide) in paragraph at lines 122--124
\OT1/cmr/m/n/10.95 Even though I cre-ated this pas-sord when I was in-side the 
vir-tual en-vi-ron-ment my[]python35
 []


Overfull \hbox (12.8979pt too wide) in paragraph at lines 125--129
[]$\OT1/cmtt/m/n/10.95 http : / / nbviewer . jupyter . org / github / rlyapin /
 video _ summarization / blob / master /
 []


Overfull \hbox (2.90053pt too wide) in paragraph at lines 130--146
[]$\OT1/cmtt/m/n/10.95 https : / / stackoverflow . com / questions / 13704860 /
 zip-[]lists-[]in-[]python # 13704903$[] 
 []


Overfull \hbox (21.14659pt too wide) in paragraph at lines 130--146
[]$\OT1/cmtt/m/n/10.95 https : / / stackoverflow . com / questions / 400739 / w
hat-[]does-[]asterisk-[]mean-[]in-[]python$[] 
 []

[4]
Overfull \hbox (11.93214pt too wide) in paragraph at lines 165--193
\OT1/cmr/bx/n/10.95 17.10.17 $[]$[]Python cod-ing guide-line, Python mod-ules a
nd pack-ages, python
 []


Overfull \hbox (21.99442pt too wide) in paragraph at lines 165--193
\OT1/cmr/m/n/10.95 I found an-other good web-site for python doc-u-men-ta-tion:
 []$\OT1/cmtt/m/n/10.95 http : / / www . pythonforbeginners .
 []


Overfull \hbox (3.90053pt too wide) in paragraph at lines 165--193
[]$\OT1/cmtt/m/n/10.95 https : / / stackoverflow . com / questions / 100003 / w
hat-[]is-[]a-[]metaclass-[]in-[]python #
 []

[5]
Overfull \hbox (1.90053pt too wide) in paragraph at lines 202--209
[]$\OT1/cmtt/m/n/10.95 http : / / scikit-[]learn . org / stable / auto _ exampl
es / model _ selection / grid _ search _
 []


Overfull \hbox (20.14659pt too wide) in paragraph at lines 220--233
[]$\OT1/cmtt/m/n/10.95 https : / / stackoverflow . com / questions / 8968884 / 
python-[]serialization-[]why-[]pickle #
 []


Overfull \hbox (13.3979pt too wide) in paragraph at lines 220--233
[]$\OT1/cmtt/m/n/10.95 http : / / scikit-[]learn . org / stable / tutorial / st
atistical _ inference / settings . html$[] 
 []


Overfull \hbox (1.90053pt too wide) in paragraph at lines 220--233
[]$\OT1/cmtt/m/n/10.95 http : / / scikit-[]learn . org / stable / tutorial / st
atistical _ inference / supervised _
 []

[6]
Overfull \hbox (177.86116pt too wide) in paragraph at lines 234--241
[]$\OT1/cmtt/m/n/10.95 http : / / scikit-[]learn . org / stable / auto _ exampl
es / svm / plot _ iris . html # sphx-[]glr-[]auto-[]examples-[]svm-[]plot-[]iri
s-[]py$[] 
 []


Overfull \hbox (183.60985pt too wide) in paragraph at lines 234--241
[]$\OT1/cmtt/m/n/10.95 https : / / stackoverflow . com / questions / 7029993 / 
differences-[]between-[]numpy-[]random-[]and-[]random-[]random-[]in-[]python$[]

 []

[7]
Overfull \hbox (21.14659pt too wide) in paragraph at lines 261--267
[]$\OT1/cmtt/m/n/10.95 https : / / stackoverflow . com / questions / 997797 / w
hat-[]does-[]s-[]mean-[]in-[]python # 997807$[] 
 []


Overfull \hbox (30.64397pt too wide) in paragraph at lines 261--267
[]$\OT1/cmtt/m/n/10.95 http : / / scikit-[]learn . org / stable / tutorial / st
atistical _ inference / model _ selection .
 []


Overfull \hbox (25.39528pt too wide) in paragraph at lines 287--305
[]$\OT1/cmtt/m/n/10.95 http : / / scikit-[]learn . org / stable / modules / cro
ss _ validation . html # cross-[]validation$[] 
 []


Overfull \hbox (30.64397pt too wide) in paragraph at lines 287--305
[]$\OT1/cmtt/m/n/10.95 http : / / scikit-[]learn . org / stable / tutorial / st
atistical _ inference / model _ selection .
 []

[8] [9]
Underfull \hbox (badness 10000) in paragraph at lines 348--357

 []

[10]
Overfull \hbox (12.02492pt too wide) in paragraph at lines 374--379
\OT1/cmr/m/n/10.95 To re-shape an ar-ray into ar-ray of ar-rays (blocks) there 
is a com-mand called \OT1/cmtt/m/n/10.95 view[]as[]blocks\OT1/cmr/m/n/10.95 .
 []


Overfull \hbox (71.38478pt too wide) in paragraph at lines 387--397
[]$\OT1/cmtt/m/n/10.95 https : / / docs . scipy . org / doc / numpy-[]1 . 13 . 
0 / reference / arrays . indexing . html # detailed-[]notes$[] 
 []

[11]
Overfull \hbox (12.8979pt too wide) in paragraph at lines 411--411
[]\OT1/cmtt/m/n/10.95 ModuleNotFoundError                       Traceback (most
 recent call last)[] 
 []

[12]
Overfull \hbox (90.63084pt too wide) in paragraph at lines 453--472
[]$\OT1/cmtt/m/n/10.95 https : / / stackoverflow . com / questions / 24816237 /
 ipython-[]notebook-[]clear-[]cell-[]output-[]in-[]code #
 []


Overfull \hbox (89.63084pt too wide) in paragraph at lines 453--472
[]$\OT1/cmtt/m/n/10.95 https : / / github . com / hardikvasa / google-[]images-
[]download / blob / master / google-[]images-[]download .
 []


Overfull \hbox (22.14659pt too wide) in paragraph at lines 453--472
[]$\OT1/cmtt/m/n/10.95 http : / / forums . fast . ai / t / dogs-[]vs-[]cats-[]l
essons-[]learned-[]share-[]your-[]experiences /
 []


Overfull \hbox (108.3769pt too wide) in paragraph at lines 473--484
[]$\OT1/cmtt/m/n/10.95 http : / / www . jesshamrick . com / 2011 / 05 / 18 / an
-[]introduction-[]to-[]classes-[]and-[]inheritance-[]in-[]python/$[] 
 []

[13]
Overfull \hbox (36.89265pt too wide) in paragraph at lines 490--494
[]$\OT1/cmtt/m/n/10.95 https : / / pythonconquerstheuniverse . wordpress . com 
/ 2009 / 09 / 10 / debugging-[]in-[]python/$[]
 []


Underfull \hbox (badness 10000) in paragraph at lines 495--498

 []


Underfull \hbox (badness 10000) in paragraph at lines 499--501

 []

[14]
Overfull \hbox (12.8979pt too wide) in paragraph at lines 530--535
[]$\OT1/cmtt/m/n/10.95 https : / / groups . google . com / a / continuum . io /
 forum / # ! topic / anaconda / XZN2YqTTBBA$[] 
 []


Overfull \hbox (120.37428pt too wide) in paragraph at lines 542--548
[]$\OT1/cmtt/m/n/10.95 https : / / towardsdatascience . com / a-[]quick-[]intro
duction-[]to-[]the-[]pandas-[]python-[]library-[]f1b678f34673$[] 
 []

[15]
Overfull \hbox (80.13347pt too wide) in paragraph at lines 560--568
[]$\OT1/cmtt/m/n/10.95 http : / / www . blog . pythonlibrary . org / 2010 / 09 
/ 04 / python-[]101-[]how-[]to-[]open-[]a-[]file-[]or-[]program/$[] 
 []


Overfull \hbox (120.37428pt too wide) in paragraph at lines 576--592
[]$\OT1/cmtt/m/n/10.95 https : / / towardsdatascience . com / a-[]quick-[]intro
duction-[]to-[]the-[]pandas-[]python-[]library-[]f1b678f34673$[] 
 []


Overfull \hbox (108.3769pt too wide) in paragraph at lines 576--592
[]$\OT1/cmtt/m/n/10.95 https : / / stackoverflow . com / questions / 14734533 /
 how-[]to-[]access-[]pandas-[]groupby-[]dataframe-[]by-[]key #
 []


Overfull \hbox (72.88478pt too wide) in paragraph at lines 576--592
[]$\OT1/cmtt/m/n/10.95 https : / / stackoverflow . com / questions / 39755981 /
 explain-[]how-[]pandas-[]dataframe-[]join-[]works #
 []


Overfull \hbox (1.40053pt too wide) in paragraph at lines 576--592
[]$\OT1/cmtt/m/n/10.95 https : / / chrisalbon . com / python / data _ wrangling
 / pandas _ join _ merge _ dataframe/$[] 
 []

[16]
Underfull \hbox (badness 10000) in paragraph at lines 593--597

 []


Overfull \hbox (225.59935pt too wide) in paragraph at lines 608--608
[]  \OT1/cmtt/m/n/10.95 Stored in directory: /home/aritz/.cache/pip/wheels/b9/c
c/6a/e92386a68ce853f545c7122f5af60bad31709a48747cc07443[] 
 []


Overfull \hbox (18.64659pt too wide) in paragraph at lines 625--638
[]$\OT1/cmtt/m/n/10.95 https : / / docs . scipy . org / doc / scipy / reference
 / generated / scipy . integrate . odeint .
 []


Overfull \hbox (124.62297pt too wide) in paragraph at lines 625--638
[]$\OT1/cmtt/m/n/10.95 https : / / stackoverflow . com / questions / 40832798 /
 solve-[]ordinary-[]differential-[]equations-[]using-[]scipy$[]
 []

[17]
Overfull \hbox (21.10733pt too wide) in paragraph at lines 639--645
\OT1/cmr/bx/n/10.95 26.02.18 $[]$[]Pandas DataFrame and Se-ries, Numpy Date-tim
es and Timedeltas 
 []


Overfull \hbox (42.14134pt too wide) in paragraph at lines 646--653
[]$\OT1/cmtt/m/n/10.95 https : / / pandas . pydata . org / pandas-[]docs / stab
le / generated / pandas . DataFrame . rolling .
 []


Overfull \hbox (190.35854pt too wide) in paragraph at lines 654--663
[]$\OT1/cmtt/m/n/10.95 https : / / stackoverflow . com / questions / 31593201 /
 pandas-[]iloc-[]vs-[]ix-[]vs-[]loc-[]explanation-[]how-[]are-[]they-[]differen
t #
 []

[18] [19]
Underfull \hbox (badness 10000) in paragraph at lines 697--699

 []


Underfull \hbox (badness 10000) in paragraph at lines 700--701

 []


Overfull \hbox (30.14397pt too wide) in paragraph at lines 706--710
[]$\OT1/cmtt/m/n/10.95 https : / / en . wikibooks . org / wiki / Python _ Progr
amming / Lists # List _ creation _ shortcuts$[]
 []


Underfull \hbox (badness 10000) in paragraph at lines 734--738

 []

[20]
Underfull \hbox (badness 10000) in paragraph at lines 741--742

 []


Overfull \hbox (137.12035pt too wide) in paragraph at lines 776--780
[]$\OT1/cmtt/m/n/10.95 https : / / www . analyticsvidhya . com / blog / 2017 / 
04 / natural-[]language-[]processing-[]made-[]easy-[]using-[]spacy-[] %
 []

[21]
Overfull \hbox (307.33229pt too wide) in paragraph at lines 783--786
[]$\OT1/cmtt/m/n/10.95 https : / / stackoverflow . com / questions / 40189744 /
 should-[]i-[]use-[]pip-[]or-[]pip3-[]to-[]install-[]python3-[]packages-[]insid
e-[]of-[]a-[]virtual-[]environ$[]
 []


Underfull \hbox (badness 10000) in paragraph at lines 783--786

 []


Overfull \hbox (122.12297pt too wide) in paragraph at lines 789--789
[]\OT1/cmtt/m/n/10.95 pip 10.0.1 from /home/aritz/anaconda3/envs/mypy36/lib/pyt
hon3.6/site-packages/pip (python 3.6)[] 
 []


Underfull \hbox (badness 10000) in paragraph at lines 798--799

 []


Overfull \hbox (185.35854pt too wide) in paragraph at lines 828--828
[]\OT1/cmtt/m/n/10.95 Requirement already satisfied (use --upgrade to upgrade):
 spacy in /usr/local/lib/python2.7/dist-packages[] 
 []


Overfull \hbox (254.34279pt too wide) in paragraph at lines 828--828
[]\OT1/cmtt/m/n/10.95 Requirement already satisfied (use --upgrade to upgrade):
 numpy>=1.7 in /usr/lib/python2.7/dist-packages (from spacy)[] 
 []


Overfull \hbox (357.81917pt too wide) in paragraph at lines 828--828
[]\OT1/cmtt/m/n/10.95 Requirement already satisfied (use --upgrade to upgrade):
 murmurhash<0.29,>=0.28 in /usr/local/lib/python2.7/dist-packages (from spacy)[
] 
 []


Overfull \hbox (329.07573pt too wide) in paragraph at lines 828--828
[]\OT1/cmtt/m/n/10.95 Requirement already satisfied (use --upgrade to upgrade):
 cymem<1.32,>=1.30 in /usr/local/lib/python2.7/dist-packages (from spacy)[] 
 []


Overfull \hbox (352.07048pt too wide) in paragraph at lines 828--828
[]\OT1/cmtt/m/n/10.95 Requirement already satisfied (use --upgrade to upgrade):
 preshed<2.0.0,>=1.0.0 in /usr/local/lib/python2.7/dist-packages (from spacy)[]
 
 []


Overfull \hbox (352.07048pt too wide) in paragraph at lines 828--828
[]\OT1/cmtt/m/n/10.95 Requirement already satisfied (use --upgrade to upgrade):
 thinc<6.11.0,>=6.10.1 in /usr/local/lib/python2.7/dist-packages (from spacy)[]
 
 []


Overfull \hbox (334.82442pt too wide) in paragraph at lines 828--828
[]\OT1/cmtt/m/n/10.95 Requirement already satisfied (use --upgrade to upgrade):
 plac<1.0.0,>=0.9.6 in /usr/local/lib/python2.7/dist-packages (from spacy)[] 
 []


Overfull \hbox (271.58885pt too wide) in paragraph at lines 828--828
[]\OT1/cmtt/m/n/10.95 Requirement already satisfied (use --upgrade to upgrade):
 pathlib in /usr/local/lib/python2.7/dist-packages (from spacy)[] 
 []


Overfull \hbox (294.5836pt too wide) in paragraph at lines 828--828
[]\OT1/cmtt/m/n/10.95 Requirement already satisfied (use --upgrade to upgrade):
 ujson>=1.35 in /usr/local/lib/python2.7/dist-packages (from spacy)[] 
 []

[22]
Overfull \hbox (311.82967pt too wide) in paragraph at lines 828--828
[]\OT1/cmtt/m/n/10.95 Requirement already satisfied (use --upgrade to upgrade):
 dill<0.3,>=0.2 in /usr/local/lib/python2.7/dist-packages (from spacy)[] 
 []


Overfull \hbox (317.57835pt too wide) in paragraph at lines 828--828
[]\OT1/cmtt/m/n/10.95 Requirement already satisfied (use --upgrade to upgrade):
 regex==2017.4.5 in /usr/local/lib/python2.7/dist-packages (from spacy)[] 
 []


Overfull \hbox (392.3113pt too wide) in paragraph at lines 828--828
[]\OT1/cmtt/m/n/10.95 Requirement already satisfied (use --upgrade to upgrade):
 wrapt in /usr/local/lib/python2.7/dist-packages (from thinc<6.11.0,>=6.10.1->s
pacy)[] 
 []


Overfull \hbox (472.79292pt too wide) in paragraph at lines 828--828
[]\OT1/cmtt/m/n/10.95 Requirement already satisfied (use --upgrade to upgrade):
 tqdm<5.0.0,>=4.10.0 in /usr/local/lib/python2.7/dist-packages (from thinc<6.11
.0,>=6.10.1->spacy)[] 
 []


Overfull \hbox (461.29555pt too wide) in paragraph at lines 828--828
[]\OT1/cmtt/m/n/10.95 Requirement already satisfied (use --upgrade to upgrade):
 cytoolz<0.9,>=0.8 in /usr/local/lib/python2.7/dist-packages (from thinc<6.11.0
,>=6.10.1->spacy)[] 
 []


Overfull \hbox (432.55211pt too wide) in paragraph at lines 828--828
[]\OT1/cmtt/m/n/10.95 Requirement already satisfied (use --upgrade to upgrade):
 six<2.0.0,>=1.10.0 in /usr/lib/python2.7/dist-packages (from thinc<6.11.0,>=6.
10.1->spacy)[] 
 []


Overfull \hbox (415.30605pt too wide) in paragraph at lines 828--828
[]\OT1/cmtt/m/n/10.95 Requirement already satisfied (use --upgrade to upgrade):
 termcolor in /usr/local/lib/python2.7/dist-packages (from thinc<6.11.0,>=6.10.
1->spacy)[] 
 []


Overfull \hbox (444.04948pt too wide) in paragraph at lines 828--828
[]\OT1/cmtt/m/n/10.95 Requirement already satisfied (use --upgrade to upgrade):
 msgpack-python in /usr/local/lib/python2.7/dist-packages (from thinc<6.11.0,>=
6.10.1->spacy)[] 
 []


Overfull \hbox (478.54161pt too wide) in paragraph at lines 828--828
[]\OT1/cmtt/m/n/10.95 Requirement already satisfied (use --upgrade to upgrade):
 msgpack-numpy==0.4.1 in /usr/local/lib/python2.7/dist-packages (from thinc<6.1
1.0,>=6.10.1->spacy)[] 
 []


Overfull \hbox (541.77718pt too wide) in paragraph at lines 828--828
[]\OT1/cmtt/m/n/10.95 Requirement already satisfied (use --upgrade to upgrade):
 toolz>=0.8.0 in /usr/local/lib/python2.7/dist-packages (from cytoolz<0.9,>=0.8
->thinc<6.11.0,>=6.10.1->spacy)[] 
 []


Overfull \hbox (7.14922pt too wide) in paragraph at lines 828--828
[]\OT1/cmtt/m/n/10.95 You should consider upgrading via the 'pip install --upgr
ade pip' command.[] 
 []


Overfull \hbox (501.53636pt too wide) in paragraph at lines 839--839
[]\OT1/cmtt/m/n/10.95 /home/aritz/anaconda3/envs/mypy36/bin/python: Error while
 finding module specification for 'spacy.en.download' (ModuleNotFoundError: No 
module named 'spacy.en')[] 
 []


Overfull \hbox (137.12035pt too wide) in paragraph at lines 844--846
[]$\OT1/cmtt/m/n/10.95 https : / / www . analyticsvidhya . com / blog / 2017 / 
04 / natural-[]language-[]processing-[]made-[]easy-[]using-[]spacy-[] %
 []


Underfull \hbox (badness 10000) in paragraph at lines 844--846

 []


Underfull \hbox (badness 10000) in paragraph at lines 847--848

 []


Overfull \hbox (125.62297pt too wide) in paragraph at lines 849--858
[]$\OT1/cmtt/m/n/10.95 https : / / blog . thedataincubator . com / 2016 / 04 / 
nltk-[]vs-[]spacy-[]natural-[]language-[]processing-[]in-[]python/$[] 
 []


Overfull \hbox (12.8979pt too wide) in paragraph at lines 849--858
[]$\OT1/cmtt/m/n/10.95 https : / / www . reddit . com / r / LanguageTechnology 
/ comments / 69xbkc / question _ spacy _
 []

[23]
Overfull \hbox (137.12035pt too wide) in paragraph at lines 859--863
[]$\OT1/cmtt/m/n/10.95 https : / / www . analyticsvidhya . com / blog / 2017 / 
04 / natural-[]language-[]processing-[]made-[]easy-[]using-[]spacy-[] %
 []

LaTeX Font Info:    Font shape `OT1/cmtt/bx/n' in size <10.95> not available
(Font)              Font shape `OT1/cmtt/m/n' tried instead on input line 864.

Underfull \hbox (badness 10000) in paragraph at lines 864--866

 []


Overfull \hbox (137.12035pt too wide) in paragraph at lines 871--877
[]$\OT1/cmtt/m/n/10.95 https : / / www . analyticsvidhya . com / blog / 2017 / 
04 / natural-[]language-[]processing-[]made-[]easy-[]using-[]spacy-[] %
 []


Overfull \hbox (3.65483pt too wide) in paragraph at lines 878--879
[]\OT1/cmr/m/n/10.95 Using this li-brary and its ``mod-els" (for in-stance \OT1
/cmtt/m/n/10.95 en \OT1/cmr/m/n/10.95 as in \OT1/cmtt/m/n/10.95 nlp = spacy.loa
d("en")\OT1/cmr/m/n/10.95 )
 []

[24]
Underfull \hbox (badness 10000) in paragraph at lines 890--892

 []


Underfull \hbox (badness 10000) in paragraph at lines 892--894

 []


Underfull \hbox (badness 10000) in paragraph at lines 895--897

 []


Overfull \hbox (172.11247pt too wide) in paragraph at lines 898--900
[]$\OT1/cmtt/m/n/10.95 https : / / stackoverflow . com / questions / 47638877 /
 using-[]phrasematcher-[]in-[]spacy-[]to-[]find-[]multiple-[]match-[]types$[] 
 []


Underfull \hbox (badness 10000) in paragraph at lines 898--900

 []


Overfull \hbox (34.13156pt too wide) in paragraph at lines 903--909
\OT1/cmr/m/n/10.95 I en-coun-tered it in the note-book from the NLP cours-era c
ourse ``week1-MultilabelClassification",
 []


Underfull \hbox (badness 10000) in paragraph at lines 903--909

 []

[25]
Underfull \hbox (badness 10000) in paragraph at lines 910--916

 []


Underfull \hbox (badness 10000) in paragraph at lines 920--922

 []


Overfull \hbox (17.00314pt too wide) in paragraph at lines 923--925
[]\OT1/cmr/m/n/10.95 In the note-book of the first week of the NLP cours-era's 
course, I dis-cov-ered \OT1/cmtt/m/n/10.95 scipy.sparse
 []


Overfull \hbox (19.14659pt too wide) in paragraph at lines 926--931
[]$\OT1/cmtt/m/n/10.95 http : / / scikit-[]learn . org / stable / modules / gen
erated / sklearn . feature _ extraction .
 []


Overfull \hbox (7.64922pt too wide) in paragraph at lines 936--940
[]$\OT1/cmtt/m/n/10.95 http : / / scikit-[]learn . org / stable / modules / gen
erated / sklearn . metrics . f1 _ score .
 []

[26]
Overfull \hbox (9.64922pt too wide) in paragraph at lines 941--950
[]$\OT1/cmtt/m/n/10.95 https : / / hackernoon . com / understanding-[]the-[]und
erscore-[]of-[]python-[]309d1a029edc$[]
 []


Overfull \hbox (102.62822pt too wide) in paragraph at lines 970--973
[]$\OT1/cmtt/m/n/10.95 https : / / medium . com / understand-[]the-[]python / u
nderstanding-[]the-[]asterisk-[]of-[]python-[]8b9daaa4a558$[] 
 []


Underfull \hbox (badness 10000) in paragraph at lines 974--979

 []

[27]
Underfull \hbox (badness 10000) in paragraph at lines 980--984

 []


Underfull \hbox (badness 10000) in paragraph at lines 995--996

 []


Underfull \hbox (badness 10000) in paragraph at lines 997--1000

 []


Overfull \hbox (13.8979pt too wide) in paragraph at lines 1007--1011
[]$\OT1/cmtt/m/n/10.95 https : / / docs . python . org / 3 / reference / execut
ionmodel . html # resolution-[]of-[]names$[] 
 []

[28]
Underfull \hbox (badness 10000) in paragraph at lines 1023--1026

 []


Overfull \hbox (91.63084pt too wide) in paragraph at lines 1029--1034
[]$\OT1/cmtt/m/n/10.95 https : / / medium . com / district-[]data-[]labs / simp
le-[]csv-[]data-[]wrangling-[]with-[]python-[]3496aa5d0a5e$[] 
 []


Underfull \hbox (badness 10000) in paragraph at lines 1029--1034

 []


Underfull \hbox (badness 10000) in paragraph at lines 1041--1043

 []


Overfull \hbox (36.89265pt too wide) in paragraph at lines 1058--1064
[]$\OT1/cmtt/m/n/10.95 https : / / pythonconquerstheuniverse . wordpress . com 
/ 2009 / 09 / 10 / debugging-[]in-[]python/$[] 
 []

[29]
Overfull \hbox (8.14922pt too wide) in paragraph at lines 1065--1071
[]$\OT1/cmtt/m/n/10.95 https : / / ghe . exm-[]platform . com / Telepathy-[]Lab
s / tl _ nlu _ core / blob / master / tests /
 []


Overfull \hbox (119.37428pt too wide) in paragraph at lines 1081--1090
[]$\OT1/cmtt/m/n/10.95 https : / / stackoverflow . com / questions / 2052390 / 
manually-[]raising-[]throwing-[]an-[]exception-[]in-[]python #
 []


Underfull \hbox (badness 10000) in paragraph at lines 1091--1092

 []


Overfull \hbox (69.7099pt too wide) in paragraph at lines 1093--1103
\OT1/cmr/m/n/10.95 and this one also seemed good: []$\OT1/cmtt/m/n/10.95 https 
: / / logmatic . io / blog / python-[]logging-[]with-[]json-[]steroids/$[] 
 []


Overfull \hbox (61.3874pt too wide) in paragraph at lines 1093--1103
[]$\OT1/cmtt/m/n/10.95 https : / / stackoverflow . com / questions / 9595009 / 
python-[]warnings-[]warn-[]vs-[]logging-[]warning$[] 
 []


Underfull \hbox (badness 10000) in paragraph at lines 1093--1103

 []

[30]
Underfull \hbox (badness 10000) in paragraph at lines 1107--1108

 []


Underfull \hbox (badness 10000) in paragraph at lines 1109--1111

 []


Overfull \hbox (60.8874pt too wide) in paragraph at lines 1112--1116
[]$\OT1/cmtt/m/n/10.95 https : / / semaphoreci . com / community / tutorials / 
testing-[]python-[]applications-[]with-[]pytest$[] 
 []


Underfull \hbox (badness 10000) in paragraph at lines 1112--1116

 []


Overfull \hbox (1.90053pt too wide) in paragraph at lines 1117--1119
[]$\OT1/cmtt/m/n/10.95 https : / / pythontesting . net / framework / pytest / p
ytest-[]introduction / #discovery$[] 
 []


Underfull \hbox (badness 10000) in paragraph at lines 1117--1119

 []


Underfull \hbox (badness 10000) in paragraph at lines 1120--1124

 []


Underfull \hbox (badness 10000) in paragraph at lines 1128--1129

 []


Overfull \hbox (203.85591pt too wide) in paragraph at lines 1130--1132
[]$\OT1/cmtt/m/n/10.95 https : / / medium . com / @ageitgey / learn-[]how-[]to-
[]use-[]static-[]type-[]checking-[]in-[]python-[]3-[]6-[]in-[]10-[]minutes-[]12
c86d72677b$[] 
 []


Underfull \hbox (badness 10000) in paragraph at lines 1130--1132

 []


Underfull \hbox (badness 10000) in paragraph at lines 1136--1137

 []

[31]
Overfull \hbox (114.6256pt too wide) in paragraph at lines 1138--1140
[]$\OT1/cmtt/m/n/10.95 https : / / stackoverflow . com / questions / 1523427 / 
what-[]is-[]the-[]common-[]header-[]format-[]of-[]python-[]files$[] 
 []


Underfull \hbox (badness 10000) in paragraph at lines 1144--1145

 []


Overfull \hbox (173.86116pt too wide) in paragraph at lines 1155--1155
[]\OT1/cmtt/m/n/10.95 url = 'http://{}:{}/answer_from_text/{}/{}'.format(api_ho
st, api_port, quoted_question, quoted_context)[] 
 []


Underfull \hbox (badness 10000) in paragraph at lines 1168--1169

 []

[32]
Underfull \hbox (badness 10000) in paragraph at lines 1191--1193

 []


Underfull \hbox (badness 10000) in paragraph at lines 1194--1196

 []


Underfull \hbox (badness 10000) in paragraph at lines 1197--1199

 []


Overfull \hbox (293.33492pt too wide) in paragraph at lines 1200--1202
[]$\OT1/cmtt/m/n/10.95 https : / / stackoverflow . com / questions / 6133574 / 
how-[]to-[]articulate-[]the-[]difference-[]between-[]asynchronous-[]and-[]paral
lel-[]programming #
 []


Underfull \hbox (badness 10000) in paragraph at lines 1200--1202

 []


Underfull \hbox (badness 10000) in paragraph at lines 1207--1208

 []


Underfull \hbox (badness 10000) in paragraph at lines 1209--1212

 []


Underfull \hbox (badness 10000) in paragraph at lines 1216--1217

 []


Overfull \hbox (104.12822pt too wide) in paragraph at lines 1218--1220
[]$\OT1/cmtt/m/n/10.95 https : / / medium . com / python-[]pandemonium / what-[
]is-[]flake8-[]and-[]why-[]we-[]should-[]use-[]it-[]b89bd78073f2$[] 
 []


Underfull \hbox (badness 10000) in paragraph at lines 1224--1225

 []

[33]
Underfull \hbox (badness 10000) in paragraph at lines 1232--1233

 []


Underfull \hbox (badness 10000) in paragraph at lines 1234--1235

 []


Overfull \hbox (84.88216pt too wide) in paragraph at lines 1236--1238
[]$\OT1/cmtt/m/n/10.95 https : / / medium . com / @krishnaregmi / pipenv-[]vs-[
]virtualenv-[]vs-[]conda-[]environment-[]3dde3f6869ed$[] 
 []


Underfull \hbox (badness 10000) in paragraph at lines 1236--1238

 []


Underfull \hbox (badness 10000) in paragraph at lines 1242--1243

 []


Underfull \hbox (badness 10000) in paragraph at lines 1249--1250

 []


Underfull \hbox (badness 10000) in paragraph at lines 1257--1258

 []


Overfull \hbox (128.62297pt too wide) in paragraph at lines 1259--1261
[]$\OT1/cmtt/m/n/10.95 https : / / www . quora . com / How-[]do-[]you-[]make-[]
a-[]requirements-[]txt-[]file-[]for-[]Python-[]Is-[]the-[]version-[]needed$[] 
 []


Underfull \hbox (badness 10000) in paragraph at lines 1259--1261

 []


Overfull \hbox (59.8874pt too wide) in paragraph at lines 1262--1266
[]$\OT1/cmtt/m/n/10.95 https : / / pip-[]python3 . readthedocs . io / en / late
st / reference / pip _ install . html # vcs-[]support$[] 
 []


Underfull \hbox (badness 10000) in paragraph at lines 1262--1266

 []


Underfull \hbox (badness 10000) in paragraph at lines 1269--1270

 []

[34]
Overfull \hbox (150.86641pt too wide) in paragraph at lines 1272--1272
[]\OT1/cmtt/m/n/10.95 https://github.com/keras-team/keras-contrib/archive/e1574
a16f0156dd9557fe62a1c5a39e37bd656c6.tar.gz[] 
 []


Overfull \hbox (58.8874pt too wide) in paragraph at lines 1276--1276
[]\OT1/cmtt/m/n/10.95 git+https://ghe.exm-platform.com/MyPrivateRepo/my_project
.git@master#egg=my_project[] 
 []


Underfull \hbox (badness 10000) in paragraph at lines 1282--1283

 []


Overfull \hbox (39.39265pt too wide) in paragraph at lines 1284--1287
[]$\OT1/cmtt/m/n/10.95 https : / / medium . com / analytics-[]vidhya / how-[]to
-[]create-[]a-[]python-[]library-[]7d5aea80cc3f$[] 
 []


Underfull \hbox (badness 10000) in paragraph at lines 1291--1292

 []


Underfull \hbox (badness 10000) in paragraph at lines 1293--1297

 []


Overfull \hbox (289.58623pt too wide) in paragraph at lines 1298--1303
[]$\OT1/cmtt/m/n/10.95 https : / / www . twilio . com / blog / 2016 / 12 / gett
ing-[]started-[]with-[]sanic-[]the-[]asynchronous-[]uvloop-[]based-[]web-[]fram
ework-[]for-[]python-[]3-[]5 .
 []


Underfull \hbox (badness 10000) in paragraph at lines 1298--1303

 []

[35]
Underfull \hbox (badness 10000) in paragraph at lines 1330--1331

 []


Overfull \hbox (144.86903pt too wide) in paragraph at lines 1332--1334
[]$\OT1/cmtt/m/n/10.95 https : / / code . tutsplus . com / tutorials / what-[]a
re-[]python-[]namespaces-[]and-[]why-[]are-[]they-[]needed-[]-[]cms-[]28598$[] 

 []


Underfull \hbox (badness 10000) in paragraph at lines 1332--1334

 []


Underfull \hbox (badness 10000) in paragraph at lines 1338--1339

 []


Underfull \hbox (badness 10000) in paragraph at lines 1340--1342

 []


Underfull \hbox (badness 10000) in paragraph at lines 1346--1347

 []


Underfull \hbox (badness 10000) in paragraph at lines 1354--1355

 []


Overfull \hbox (32.14397pt too wide) in paragraph at lines 1356--1359
[]$\OT1/cmtt/m/n/10.95 https : / / www . kaggle . com / sudalairajkumar / getti
ng-[]started-[]with-[]text-[]preprocessing$[] 
 []


Underfull \hbox (badness 10000) in paragraph at lines 1356--1359

 []

[36]
Underfull \hbox (badness 10000) in paragraph at lines 1377--1378

 []


Overfull \hbox (21.64659pt too wide) in paragraph at lines 1379--1382
[]$\OT1/cmtt/m/n/10.95 https : / / www . kaggle . com / abhishek / approaching-
[]almost-[]any-[]nlp-[]problem-[]on-[]kaggle$[] 
 []


Underfull \hbox (badness 10000) in paragraph at lines 1399--1400

 []


Overfull \hbox (64.05379pt too wide) in paragraph at lines 1401--1402
\OT1/cmr/m/n/10.95 mented in the sanic li-brary used by rasa. Here is the piece
 of code in-side rasa/core/channels/channel.py
 []

[37]
Overfull \hbox (12.8979pt too wide) in paragraph at lines 1417--1417
[]    \OT1/cmtt/m/n/10.95 input_channels: List["InputChannel"], app: Sanic, rou
te: Optional[Text][] 
 []


Underfull \hbox (badness 10000) in paragraph at lines 1418--1422

 []


Underfull \hbox (badness 10000) in paragraph at lines 1423--1424

 []


Underfull \hbox (badness 10000) in paragraph at lines 1425--1426

 []


Underfull \hbox (badness 10000) in paragraph at lines 1427--1428

 []


Underfull \hbox (badness 10000) in paragraph at lines 1433--1434

 []


Underfull \hbox (badness 10000) in paragraph at lines 1435--1437

 []

[38]
Overfull \hbox (3.40053pt too wide) in paragraph at lines 1452--1456
[]$\OT1/cmtt/m/n/10.95 https : / / machinelearningmastery . com / develop-[]wor
d-[]embeddings-[]python-[]gensim/$[] 
 []


Overfull \hbox (136.62035pt too wide) in paragraph at lines 1452--1456
[]$\OT1/cmtt/m/n/10.95 https : / / www . analyticsvidhya . com / blog / 2019 / 
07 / how-[]to-[]build-[]recommendation-[]system-[]word2vec-[]python/$[] 
 []


Underfull \hbox (badness 10000) in paragraph at lines 1452--1456

 []


Overfull \hbox (93.37953pt too wide) in paragraph at lines 1502--1502
[]    \OT1/cmtt/m/n/10.95 training_sentences_fn = os.path.join(os.getcwd(), 'wo
rd_emb_training_sentences.json')[] 
 []

[39]
Overfull \hbox (7.14922pt too wide) in paragraph at lines 1502--1502
[]    \OT1/cmtt/m/n/10.95 model = Word2Vec(size=100, window=5, min_count=3, wor
kers=4, seed=666)[] 
 []


Overfull \hbox (22.57518pt too wide) in paragraph at lines 1504--1505
\OT1/cmr/m/n/10.95 ther do the com-pu-ta-tion "man-u-ally" us-ing \OT1/cmtt/m/n
/10.95 sklearn.metrics.pairwise.cosine[]similarity
 []


Overfull \hbox (103.1163pt too wide) in paragraph at lines 1504--1505
\OT1/cmr/m/n/10.95 and some sort-ing al-go-rithm, or use an-other tool from gen
-sim: \OT1/cmtt/m/n/10.95 gensim.similarities.SoftCosineSimilarity\OT1/cmr/m/n/
10.95 .
 []


Overfull \hbox (41.64134pt too wide) in paragraph at lines 1521--1521
[]    \OT1/cmtt/m/n/10.95 similarity_matrix = SparseTermSimilarityMatrix(simila
rity_index, dictionary)[] 
 []

[40]
Overfull \hbox (76.13347pt too wide) in paragraph at lines 1521--1521
[]    \OT1/cmtt/m/n/10.95 sim_with_index_sorted = sorted(sim_with_index, revers
e=True, key=lambda el: el[1])[] 
 []


Overfull \hbox (7.14922pt too wide) in paragraph at lines 1534--1534
[]        \OT1/cmtt/m/n/10.95 corpus=tfidf[[dictionary.doc2bow(sent) for sent i
n sentences_li]],[] 
 []


Overfull \hbox (24.39528pt too wide) in paragraph at lines 1536--1539
[]$\OT1/cmtt/m/n/10.95 https : / / radimrehurek . com / gensim / similarities /
 docsim . html # gensim . similarities .
 []


Overfull \hbox (24.89528pt too wide) in paragraph at lines 1536--1539
[]$\OT1/cmtt/m/n/10.95 https : / / github . com / RaRe-[]Technologies / gensim 
/ blob / develop / docs / notebooks / soft _
 []


Overfull \hbox (6.70631pt too wide) in paragraph at lines 1543--1544
\OT1/cmr/bx/n/10.95 26.06.20 $[]$[]\OT1/cmtt/m/n/10.95 multiprocessing \OT1/cmr
/bx/n/10.95 li-brary for par-al-leliza-tion, func-tional pro-gram-
 []


Underfull \hbox (badness 10000) in paragraph at lines 1543--1544

 []


Underfull \hbox (badness 10000) in paragraph at lines 1545--1547

 []


Overfull \hbox (64.6361pt too wide) in paragraph at lines 1548--1551
[]$\OT1/cmtt/m/n/10.95 https : / / www . youtube . com / watch ? v = xJCPpDlk9 
_ w & list = PLP8GkvaIxJP1z5bu4NX _ bFrEInBkAgTMr &
 []

[41]
Overfull \hbox (11.52953pt too wide) in paragraph at lines 1556--1558
[]$\OT1/cmtt/m/n/10.95 https : / / www . youtube . com / watch ? v = aysceqdGFw
8 & list = PLP8GkvaIxJP1z5bu4NX _
 []


Underfull \hbox (badness 10000) in paragraph at lines 1578--1579

 []


Overfull \hbox (56.63872pt too wide) in paragraph at lines 1582--1585
[]$\OT1/cmtt/m/n/10.95 https : / / blog . miguelgrinberg . com / post / designi
ng-[]a-[]restful-[]api-[]with-[]python-[]and-[]flask$[] 
 []

[42]
Overfull \hbox (488.67061pt too wide) in paragraph at lines 1593--1593
 []\OT1/cmtt/m/n/10.95 curl -u miguel:python -H "Content-Type: application/json
" -X POST -d '{"title":"Learn how to use services"}' -i http://localhost:5000/t
odo/api/v1.0/tasks[] 
 []


Overfull \hbox (356.45079pt too wide) in paragraph at lines 1597--1597
 []\OT1/cmtt/m/n/10.95 curl -u miguel:python -H "Content-Type: application/json
" -X PUT -d '{"done":true}' -i http://localhost:5000/todo/api/v1.0/tasks/2[] 
 []


Overfull \hbox (264.47179pt too wide) in paragraph at lines 1601--1601
 []\OT1/cmtt/m/n/10.95 curl -u miguel:python -H "Content-Type: application/json
" -X DELETE -i http://localhost:5000/todo/api/v1.0/tasks/2[] 
 []


Overfull \hbox (39.39265pt too wide) in paragraph at lines 1603--1606
[]$\OT1/cmtt/m/n/10.95 https : / / blog . miguelgrinberg . com / post / the-[]f
lask-[]mega-[]tutorial-[]part-[]i-[]hello-[]world$[] 
 []


Overfull \hbox (31.64397pt too wide) in paragraph at lines 1607--1612
[]$\OT1/cmtt/m/n/10.95 https : / / docs . docker . com / engine / security / se
curity / #docker-[]daemon-[]attack-[]surface$[] 
 []


Overfull \hbox (73.88478pt too wide) in paragraph at lines 1613--1616
[]$\OT1/cmtt/m/n/10.95 https : / / towardsdatascience . com / build-[]your-[]ow
n-[]python-[]restful-[]web-[]service-[]840ed7766832$[] 
 []


Underfull \hbox (badness 10000) in paragraph at lines 1613--1616

 []


Overfull \hbox (73.88478pt too wide) in paragraph at lines 1617--1620
[]$\OT1/cmtt/m/n/10.95 https : / / towardsdatascience . com / build-[]your-[]ow
n-[]python-[]restful-[]web-[]service-[]840ed7766832$[] 
 []


Underfull \hbox (badness 10000) in paragraph at lines 1617--1620

 []


Underfull \hbox (badness 10000) in paragraph at lines 1621--1622

 []

[43]
Underfull \hbox (badness 10000) in paragraph at lines 1640--1641

 []


Overfull \hbox (226.85066pt too wide) in paragraph at lines 1642--1645
[]$\OT1/cmtt/m/n/10.95 https : / / hackernoon . com / are-[]your-[]python-[]pro
grams-[]running-[]slow-[]heres-[]how-[]you-[]can-[]make-[]them-[]7x-[]faster-[]
3d6758cd3305$[] 
 []


Overfull \hbox (72.88478pt too wide) in paragraph at lines 1650--1653
[]$\OT1/cmtt/m/n/10.95 https : / / towardsdatascience . com / finding-[]perform
ance-[]bottlenecks-[]in-[]python-[]4372598b7b2c$[]
 []


Underfull \hbox (badness 10000) in paragraph at lines 1657--1658

 []


Underfull \hbox (badness 10000) in paragraph at lines 1659--1662

 []

[44]
Underfull \hbox (badness 10000) in paragraph at lines 1666--1667

 []


Underfull \hbox (badness 10000) in paragraph at lines 1675--1676

 []


Overfull \hbox (223.35066pt too wide) in paragraph at lines 1677--1679
[]$\OT1/cmtt/m/n/10.95 https : / / softwareengineering . stackexchange . com / 
questions / 182093 / why-[]store-[]a-[]function-[]inside-[]a-[]python-[]diction
ary /
 []


Underfull \hbox (badness 10000) in paragraph at lines 1683--1684

 []


Underfull \hbox (badness 10000) in paragraph at lines 1692--1693

 []


Overfull \hbox (49.89003pt too wide) in paragraph at lines 1694--1698
[]$\OT1/cmtt/m/n/10.95 https : / / stackoverflow . com / questions / 49433936 /
 how-[]to-[]initialize-[]weights-[]in-[]pytorch$[] 
 []


Underfull \hbox (badness 10000) in paragraph at lines 1702--1703

 []


Underfull \hbox (badness 10000) in paragraph at lines 1704--1709

 []

[45]
Overfull \hbox (96.87953pt too wide) in paragraph at lines 1710--1714
[]$\OT1/cmtt/m/n/10.95 https : / / towardsdatascience . com / choose-[]the-[]ri
ght-[]transformer-[]framework-[]for-[]you-[]b7c51737d45$[] 
 []


Overfull \hbox (1.40053pt too wide) in paragraph at lines 1710--1714
[]$\OT1/cmtt/m/n/10.95 https : / / www . reddit . com / r / MachineLearning / c
omments / gj51j3 / d _ p _ allennlp _ vs _
 []


Underfull \hbox (badness 10000) in paragraph at lines 1718--1719

 []


Underfull \hbox (badness 10000) in paragraph at lines 1720--1722

 []

Package atveryend Info: Empty hook `BeforeClearDocument' on input line 1742.
[46]
Package atveryend Info: Empty hook `AfterLastShipout' on input line 1742.
 (./journal_python.aux)
Package atveryend Info: Executing hook `AtVeryEndDocument' on input line 1742.
Package atveryend Info: Executing hook `AtEndAfterFileList' on input line 1742.

Package rerunfilecheck Info: File `journal_python.out' has not changed.
(rerunfilecheck)             Checksum: D5214FDFB4BF422C90E2B3213D8496A5;241.
Package atveryend Info: Empty hook `AtVeryVeryEnd' on input line 1742.
 ) 
Here is how much of TeX's memory you used:
 6875 strings out of 483140
 108330 string characters out of 5965151
 468987 words of memory out of 5000000
 21709 multiletter control sequences out of 15000+600000
 541527 words of font info for 58 fonts, out of 8000000 for 9000
 36 hyphenation exceptions out of 8191
 35i,11n,45p,870b,484s stack positions out of 5000i,500n,10000p,200000b,80000s
 </home/aritz/.texlive2019/texmf-var/fonts/pk/ljfour/jknappen/ec/tcrm1095.600
pk></usr/share/texlive/texmf-dist/fonts/type1/public/amsfonts/cm/cmbx10.pfb></u
sr/share/texlive/texmf-dist/fonts/type1/public/amsfonts/cm/cmbx12.pfb></usr/sha
re/texlive/texmf-dist/fonts/type1/public/amsfonts/cm/cmmi10.pfb></usr/share/tex
live/texmf-dist/fonts/type1/public/amsfonts/cm/cmmi8.pfb></usr/share/texlive/te
xmf-dist/fonts/type1/public/amsfonts/cm/cmr10.pfb></usr/share/texlive/texmf-dis
t/fonts/type1/public/amsfonts/cm/cmr12.pfb></usr/share/texlive/texmf-dist/fonts
/type1/public/amsfonts/cm/cmr17.pfb></usr/share/texlive/texmf-dist/fonts/type1/
public/amsfonts/cm/cmr8.pfb></usr/share/texlive/texmf-dist/fonts/type1/public/a
msfonts/cm/cmsy10.pfb></usr/share/texlive/texmf-dist/fonts/type1/public/amsfont
s/cm/cmsy8.pfb></usr/share/texlive/texmf-dist/fonts/type1/public/amsfonts/cm/cm
ti10.pfb></usr/share/texlive/texmf-dist/fonts/type1/public/amsfonts/cm/cmtt10.p
fb></usr/share/texlive/texmf-dist/fonts/type1/public/amsfonts/symbols/msbm10.pf
b>
Output written on journal_python.pdf (46 pages, 277073 bytes).
PDF statistics:
 643 PDF objects out of 1000 (max. 8388607)
 575 compressed objects within 6 object streams
 71 named destinations out of 1000 (max. 500000)
 41 words of extra memory for PDF output out of 10000 (max. 10000000)

