This is pdfTeX, Version 3.14159265-2.6-1.40.20 (TeX Live 2019/Debian) (preloaded format=pdflatex 2021.3.24)  10 MAY 2021 15:31
entering extended mode
 restricted \write18 enabled.
 %&-line parsing enabled.
**journal_theory_ML.tex
(./journal_theory_ML.tex
LaTeX2e <2020-02-02> patch level 2
L3 programming layer <2020-02-14>
(/usr/share/texlive/texmf-dist/tex/latex/base/article.cls
Document Class: article 2019/12/20 v1.4l Standard LaTeX document class
(/usr/share/texlive/texmf-dist/tex/latex/base/size11.clo
File: size11.clo 2019/12/20 v1.4l Standard LaTeX file (size option)
)
\c@part=\count167
\c@section=\count168
\c@subsection=\count169
\c@subsubsection=\count170
\c@paragraph=\count171
\c@subparagraph=\count172
\c@figure=\count173
\c@table=\count174
\abovecaptionskip=\skip47
\belowcaptionskip=\skip48
\bibindent=\dimen134
)
(/usr/share/texlive/texmf-dist/tex/latex/lipsum/lipsum.sty
(/usr/share/texlive/texmf-dist/tex/latex/l3kernel/expl3.sty
Package: expl3 2020-02-14 L3 programming layer (loader) 

(/usr/share/texlive/texmf-dist/tex/latex/l3backend/l3backend-pdfmode.def
File: l3backend-pdfmode.def 2020-02-03 L3 backend support: PDF mode
\l__kernel_color_stack_int=\count175
\l__pdf_internal_box=\box45
))
(/usr/share/texlive/texmf-dist/tex/latex/l3packages/xparse/xparse.sty
Package: xparse 2020-02-14 L3 Experimental document command parser
\l__xparse_current_arg_int=\count176
\g__xparse_grabber_int=\count177
\l__xparse_m_args_int=\count178
\l__xparse_v_nesting_int=\count179
)
Package: lipsum 2019/01/02 v2.2 150 paragraphs of Lorem Ipsum dummy text

(/usr/share/texlive/texmf-dist/tex/latex/lipsum/lipsum.ltd.tex
File: lipsum.ltd.tex 2019/01/02 v2.2 The Lorem ipsum dummy text
))
(/usr/share/texlive/texmf-dist/tex/latex/base/inputenc.sty
Package: inputenc 2018/08/11 v1.3c Input encoding file
\inpenc@prehook=\toks14
\inpenc@posthook=\toks15
)
(/usr/share/texlive/texmf-dist/tex/latex/hyperref/hyperref.sty
Package: hyperref 2020/01/14 v7.00d Hypertext links for LaTeX

(/usr/share/texlive/texmf-dist/tex/generic/ltxcmds/ltxcmds.sty
Package: ltxcmds 2019/12/15 v1.24 LaTeX kernel commands for general use (HO)
)
(/usr/share/texlive/texmf-dist/tex/generic/iftex/iftex.sty
Package: iftex 2019/11/07 v1.0c TeX engine tests
)
(/usr/share/texlive/texmf-dist/tex/latex/pdftexcmds/pdftexcmds.sty
Package: pdftexcmds 2019/11/24 v0.31 Utility functions of pdfTeX for LuaTeX (HO
)

(/usr/share/texlive/texmf-dist/tex/generic/infwarerr/infwarerr.sty
Package: infwarerr 2019/12/03 v1.5 Providing info/warning/error messages (HO)
)
Package pdftexcmds Info: \pdf@primitive is available.
Package pdftexcmds Info: \pdf@ifprimitive is available.
Package pdftexcmds Info: \pdfdraftmode found.
)
(/usr/share/texlive/texmf-dist/tex/latex/graphics/keyval.sty
Package: keyval 2014/10/28 v1.15 key=value parser (DPC)
\KV@toks@=\toks16
)
(/usr/share/texlive/texmf-dist/tex/generic/kvsetkeys/kvsetkeys.sty
Package: kvsetkeys 2019/12/15 v1.18 Key value parser (HO)
)
(/usr/share/texlive/texmf-dist/tex/generic/kvdefinekeys/kvdefinekeys.sty
Package: kvdefinekeys 2019-12-19 v1.6 Define keys (HO)
)
(/usr/share/texlive/texmf-dist/tex/generic/pdfescape/pdfescape.sty
Package: pdfescape 2019/12/09 v1.15 Implements pdfTeX's escape features (HO)
)
(/usr/share/texlive/texmf-dist/tex/latex/hycolor/hycolor.sty
Package: hycolor 2020-01-27 v1.10 Color options for hyperref/bookmark (HO)
)
(/usr/share/texlive/texmf-dist/tex/latex/letltxmacro/letltxmacro.sty
Package: letltxmacro 2019/12/03 v1.6 Let assignment for LaTeX macros (HO)
)
(/usr/share/texlive/texmf-dist/tex/latex/auxhook/auxhook.sty
Package: auxhook 2019-12-17 v1.6 Hooks for auxiliary files (HO)
)
(/usr/share/texlive/texmf-dist/tex/latex/kvoptions/kvoptions.sty
Package: kvoptions 2019/11/29 v3.13 Key value format for package options (HO)
)
\@linkdim=\dimen135
\Hy@linkcounter=\count180
\Hy@pagecounter=\count181

(/usr/share/texlive/texmf-dist/tex/latex/hyperref/pd1enc.def
File: pd1enc.def 2020/01/14 v7.00d Hyperref: PDFDocEncoding definition (HO)
Now handling font encoding PD1 ...
... no UTF-8 mapping file for font encoding PD1
)
(/usr/share/texlive/texmf-dist/tex/generic/intcalc/intcalc.sty
Package: intcalc 2019/12/15 v1.3 Expandable calculations with integers (HO)
)
(/usr/share/texlive/texmf-dist/tex/generic/etexcmds/etexcmds.sty
Package: etexcmds 2019/12/15 v1.7 Avoid name clashes with e-TeX commands (HO)
)
\Hy@SavedSpaceFactor=\count182
\pdfmajorversion=\count183
Package hyperref Info: Hyper figures OFF on input line 4547.
Package hyperref Info: Link nesting OFF on input line 4552.
Package hyperref Info: Hyper index ON on input line 4555.
Package hyperref Info: Plain pages OFF on input line 4562.
Package hyperref Info: Backreferencing OFF on input line 4567.
Package hyperref Info: Implicit mode ON; LaTeX internals redefined.
Package hyperref Info: Bookmarks ON on input line 4800.
\c@Hy@tempcnt=\count184

(/usr/share/texlive/texmf-dist/tex/latex/url/url.sty
\Urlmuskip=\muskip16
Package: url 2013/09/16  ver 3.4  Verb mode for urls, etc.
)
LaTeX Info: Redefining \url on input line 5159.
\XeTeXLinkMargin=\dimen136

(/usr/share/texlive/texmf-dist/tex/generic/bitset/bitset.sty
Package: bitset 2019/12/09 v1.3 Handle bit-vector datatype (HO)

(/usr/share/texlive/texmf-dist/tex/generic/bigintcalc/bigintcalc.sty
Package: bigintcalc 2019/12/15 v1.5 Expandable calculations on big integers (HO
)
))
\Fld@menulength=\count185
\Field@Width=\dimen137
\Fld@charsize=\dimen138
Package hyperref Info: Hyper figures OFF on input line 6430.
Package hyperref Info: Link nesting OFF on input line 6435.
Package hyperref Info: Hyper index ON on input line 6438.
Package hyperref Info: backreferencing OFF on input line 6445.
Package hyperref Info: Link coloring OFF on input line 6450.
Package hyperref Info: Link coloring with OCG OFF on input line 6455.
Package hyperref Info: PDF/A mode OFF on input line 6460.
LaTeX Info: Redefining \ref on input line 6500.
LaTeX Info: Redefining \pageref on input line 6504.

(/usr/share/texlive/texmf-dist/tex/generic/atbegshi/atbegshi.sty
Package: atbegshi 2019/12/05 v1.19 At begin shipout hook (HO)
)
\Hy@abspage=\count186
\c@Item=\count187
\c@Hfootnote=\count188
)
Package hyperref Info: Driver (autodetected): hpdftex.

(/usr/share/texlive/texmf-dist/tex/latex/hyperref/hpdftex.def
File: hpdftex.def 2020/01/14 v7.00d Hyperref driver for pdfTeX

(/usr/share/texlive/texmf-dist/tex/latex/atveryend/atveryend.sty
Package: atveryend 2019-12-11 v1.11 Hooks at the very end of document (HO)
Package atveryend Info: \enddocument detected (standard20110627).
)
\Fld@listcount=\count189
\c@bookmark@seq@number=\count190

(/usr/share/texlive/texmf-dist/tex/latex/rerunfilecheck/rerunfilecheck.sty
Package: rerunfilecheck 2019/12/05 v1.9 Rerun checks for auxiliary files (HO)

(/usr/share/texlive/texmf-dist/tex/generic/uniquecounter/uniquecounter.sty
Package: uniquecounter 2019/12/15 v1.4 Provide unlimited unique counter (HO)
)
Package uniquecounter Info: New unique counter `rerunfilecheck' on input line 2
86.
)
\Hy@SectionHShift=\skip49
)
(/usr/share/texlive/texmf-dist/tex/latex/amsfonts/amssymb.sty
Package: amssymb 2013/01/14 v3.01 AMS font symbols

(/usr/share/texlive/texmf-dist/tex/latex/amsfonts/amsfonts.sty
Package: amsfonts 2013/01/14 v3.01 Basic AMSFonts support
\@emptytoks=\toks17
\symAMSa=\mathgroup4
\symAMSb=\mathgroup5
LaTeX Font Info:    Redeclaring math symbol \hbar on input line 98.
LaTeX Font Info:    Overwriting math alphabet `\mathfrak' in version `bold'
(Font)                  U/euf/m/n --> U/euf/b/n on input line 106.
))
(/usr/share/texlive/texmf-dist/tex/latex/amsmath/amsmath.sty
Package: amsmath 2020/01/20 v2.17e AMS math features
\@mathmargin=\skip50

For additional information on amsmath, use the `?' option.
(/usr/share/texlive/texmf-dist/tex/latex/amsmath/amstext.sty
Package: amstext 2000/06/29 v2.01 AMS text

(/usr/share/texlive/texmf-dist/tex/latex/amsmath/amsgen.sty
File: amsgen.sty 1999/11/30 v2.0 generic functions
\@emptytoks=\toks18
\ex@=\dimen139
))
(/usr/share/texlive/texmf-dist/tex/latex/amsmath/amsbsy.sty
Package: amsbsy 1999/11/29 v1.2d Bold Symbols
\pmbraise@=\dimen140
)
(/usr/share/texlive/texmf-dist/tex/latex/amsmath/amsopn.sty
Package: amsopn 2016/03/08 v2.02 operator names
)
\inf@bad=\count191
LaTeX Info: Redefining \frac on input line 227.
\uproot@=\count192
\leftroot@=\count193
LaTeX Info: Redefining \overline on input line 389.
\classnum@=\count194
\DOTSCASE@=\count195
LaTeX Info: Redefining \ldots on input line 486.
LaTeX Info: Redefining \dots on input line 489.
LaTeX Info: Redefining \cdots on input line 610.
\Mathstrutbox@=\box46
\strutbox@=\box47
\big@size=\dimen141
LaTeX Font Info:    Redeclaring font encoding OML on input line 733.
LaTeX Font Info:    Redeclaring font encoding OMS on input line 734.
\macc@depth=\count196
\c@MaxMatrixCols=\count197
\dotsspace@=\muskip17
\c@parentequation=\count198
\dspbrk@lvl=\count199
\tag@help=\toks19
\row@=\count266
\column@=\count267
\maxfields@=\count268
\andhelp@=\toks20
\eqnshift@=\dimen142
\alignsep@=\dimen143
\tagshift@=\dimen144
\tagwidth@=\dimen145
\totwidth@=\dimen146
\lineht@=\dimen147
\@envbody=\toks21
\multlinegap=\skip51
\multlinetaggap=\skip52
\mathdisplay@stack=\toks22
LaTeX Info: Redefining \[ on input line 2859.
LaTeX Info: Redefining \] on input line 2860.
)
(/usr/share/texlive/texmf-dist/tex/latex/geometry/geometry.sty
Package: geometry 2020/01/02 v5.9 Page Geometry

(/usr/share/texlive/texmf-dist/tex/generic/iftex/ifvtex.sty
Package: ifvtex 2019/10/25 v1.7 ifvtex legacy package. Use iftex instead.
)
\Gm@cnth=\count269
\Gm@cntv=\count270
\c@Gm@tempcnt=\count271
\Gm@bindingoffset=\dimen148
\Gm@wd@mp=\dimen149
\Gm@odd@mp=\dimen150
\Gm@even@mp=\dimen151
\Gm@layoutwidth=\dimen152
\Gm@layoutheight=\dimen153
\Gm@layouthoffset=\dimen154
\Gm@layoutvoffset=\dimen155
\Gm@dimlist=\toks23
)
(/usr/share/texlive/texmf-dist/tex/latex/fancyhdr/fancyhdr.sty
Package: fancyhdr 2019/01/31 v3.10 Extensive control of page headers and footer
s
\f@nch@headwidth=\skip53
\f@nch@O@elh=\skip54
\f@nch@O@erh=\skip55
\f@nch@O@olh=\skip56
\f@nch@O@orh=\skip57
\f@nch@O@elf=\skip58
\f@nch@O@erf=\skip59
\f@nch@O@olf=\skip60
\f@nch@O@orf=\skip61
)
(/usr/share/texlive/texmf-dist/tex/latex/tools/enumerate.sty
Package: enumerate 2015/07/23 v3.00 enumerate extensions (DPC)
\@enLab=\toks24
)
(./journal_theory_ML.aux)
\openout1 = `journal_theory_ML.aux'.

LaTeX Font Info:    Checking defaults for OML/cmm/m/it on input line 41.
LaTeX Font Info:    ... okay on input line 41.
LaTeX Font Info:    Checking defaults for OMS/cmsy/m/n on input line 41.
LaTeX Font Info:    ... okay on input line 41.
LaTeX Font Info:    Checking defaults for OT1/cmr/m/n on input line 41.
LaTeX Font Info:    ... okay on input line 41.
LaTeX Font Info:    Checking defaults for T1/cmr/m/n on input line 41.
LaTeX Font Info:    ... okay on input line 41.
LaTeX Font Info:    Checking defaults for TS1/cmr/m/n on input line 41.
LaTeX Font Info:    ... okay on input line 41.
LaTeX Font Info:    Checking defaults for OMX/cmex/m/n on input line 41.
LaTeX Font Info:    ... okay on input line 41.
LaTeX Font Info:    Checking defaults for U/cmr/m/n on input line 41.
LaTeX Font Info:    ... okay on input line 41.
LaTeX Font Info:    Checking defaults for PD1/pdf/m/n on input line 41.
LaTeX Font Info:    ... okay on input line 41.
\AtBeginShipoutBox=\box48
Package hyperref Info: Link coloring OFF on input line 41.

(/usr/share/texlive/texmf-dist/tex/latex/hyperref/nameref.sty
Package: nameref 2019/09/16 v2.46 Cross-referencing by name of section

(/usr/share/texlive/texmf-dist/tex/latex/refcount/refcount.sty
Package: refcount 2019/12/15 v3.6 Data extraction from label references (HO)
)
(/usr/share/texlive/texmf-dist/tex/generic/gettitlestring/gettitlestring.sty
Package: gettitlestring 2019/12/15 v1.6 Cleanup title references (HO)
)
\c@section@level=\count272
)
LaTeX Info: Redefining \ref on input line 41.
LaTeX Info: Redefining \pageref on input line 41.
LaTeX Info: Redefining \nameref on input line 41.

(./journal_theory_ML.out) (./journal_theory_ML.out)
\@outlinefile=\write3
\openout3 = `journal_theory_ML.out'.


*geometry* driver: auto-detecting
*geometry* detected driver: pdftex
*geometry* verbose mode - [ preamble ] result:
* driver: pdftex
* paper: a4paper
* layout: <same size as paper>
* layoutoffset:(h,v)=(0.0pt,0.0pt)
* modes: 
* h-part:(L,W,R)=(89.62709pt, 418.25368pt, 89.6271pt)
* v-part:(T,H,B)=(101.40665pt, 591.5302pt, 152.11pt)
* \paperwidth=597.50787pt
* \paperheight=845.04684pt
* \textwidth=418.25368pt
* \textheight=591.5302pt
* \oddsidemargin=17.3571pt
* \evensidemargin=17.3571pt
* \topmargin=-7.86334pt
* \headheight=12.0pt
* \headsep=25.0pt
* \topskip=11.0pt
* \footskip=30.0pt
* \marginparwidth=50.0pt
* \marginparsep=10.0pt
* \columnsep=10.0pt
* \skip\footins=10.0pt plus 4.0pt minus 2.0pt
* \hoffset=0.0pt
* \voffset=0.0pt
* \mag=1000
* \@twocolumnfalse
* \@twosidefalse
* \@mparswitchfalse
* \@reversemarginfalse
* (1in=72.27pt=25.4mm, 1cm=28.453pt)

LaTeX Font Info:    Trying to load font information for U+msa on input line 44.

(/usr/share/texlive/texmf-dist/tex/latex/amsfonts/umsa.fd
File: umsa.fd 2013/01/14 v3.01 AMS symbols A
)
LaTeX Font Info:    Trying to load font information for U+msb on input line 44.


(/usr/share/texlive/texmf-dist/tex/latex/amsfonts/umsb.fd
File: umsb.fd 2013/01/14 v3.01 AMS symbols B
)
(./journal_theory_ML.toc)
\tf@toc=\write4
\openout4 = `journal_theory_ML.toc'.


Overfull \hbox (66.76772pt too wide) in paragraph at lines 58--60
[]$\OT1/cmtt/m/n/10.95 https : / / www . depends-[]on-[]the-[]definition . com 
/ classify-[]toxic-[]comments-[]on-[]wikipedia/$[] 
 []

[1

{/var/lib/texmf/fonts/map/pdftex/updmap/pdftex.map}]
Overfull \hbox (26.89528pt too wide) in paragraph at lines 91--101
[]$\OT1/cmtt/m/n/10.95 http : / / mccormickml . com / 2017 / 01 / 11 / word2vec
-[]tutorial-[]part-[]2-[]negative-[]sampling/$[] 
 []


Overfull \hbox (136.62035pt too wide) in paragraph at lines 91--101
[]$\OT1/cmtt/m/n/10.95 https : / / www . analyticsvidhya . com / blog / 2019 / 
07 / how-[]to-[]build-[]recommendation-[]system-[]word2vec-[]python/$[]
 []


Package Fancyhdr Warning: \headheight is too small (12.0pt): 
Make it at least 13.59999pt.
We now make it that large for the rest of the document.
This may cause the page layout to be inconsistent, however.

[2]
Overfull \hbox (120.37428pt too wide) in paragraph at lines 102--109
[]$\OT1/cmtt/m/n/10.95 http : / / www . wildml . com / 2015 / 09 / recurrent-[]
neural-[]networks-[]tutorial-[]part-[]1-[]introduction-[]to-[]rnns/$[] 
 []

[3]
Overfull \hbox (49.89003pt too wide) in paragraph at lines 136--144
[]$\OT1/cmtt/m/n/10.95 https : / / blog . acolyer . org / 2016 / 04 / 22 / glov
e-[]global-[]vectors-[]for-[]word-[]representation/$[] 
 []


Overfull \hbox (16.89319pt too wide) in paragraph at lines 150--173
\OT1/cmr/bx/n/10.95 02.04.18 $[]$[]Constituency parser, Con-di-tional Ran-dom F
ields (CRF), Viterbi
 []


Overfull \hbox (9.14922pt too wide) in paragraph at lines 150--173
[]$\OT1/cmtt/m/n/10.95 http : / / blog . echen . me / 2012 / 01 / 03 / introduc
tion-[]to-[]conditional-[]random-[]fields/$[] 
 []

[4] [5]
Underfull \hbox (badness 10000) in paragraph at lines 184--190

 []

[6]
Overfull \hbox (164.86378pt too wide) in paragraph at lines 201--209
[]$\OT1/cmtt/m/n/10.95 https : / / stackoverflow . com / questions / 9004172 / 
precision-[]recall-[]for-[]multiclass-[]multilabel-[]classification$[]
 []


Overfull \hbox (14.8979pt too wide) in paragraph at lines 221--226
[]$\OT1/cmtt/m/n/10.95 http : / / togelius . blogspot . com / 2018 / 05 / empir
icism-[]and-[]limits-[]of-[]gradient . html$[] 
 []

[7]
Overfull \hbox (20.14659pt too wide) in paragraph at lines 234--239
[]$\OT1/cmtt/m/n/10.95 https : / / machinelearningmastery . com / gentle-[]intr
oduction-[]backpropagation-[]time/$[] 
 []


Underfull \hbox (badness 10000) in paragraph at lines 246--247

 []


Underfull \hbox (badness 10000) in paragraph at lines 248--252

 []

[8]
Underfull \hbox (badness 10000) in paragraph at lines 255--259

 []


Overfull \hbox (195.10722pt too wide) in paragraph at lines 260--263
[]$\OT1/cmtt/m/n/10.95 https : / / blog . paralleldots . com / data-[]science /
 breakthrough-[]research-[]papers-[]and-[]models-[]for-[]sentiment-[]analysis/$
[]
 []


Overfull \hbox (84.88216pt too wide) in paragraph at lines 270--274
[]$\OT1/cmtt/m/n/10.95 https : / / www . oreilly . com / learning / perform-[]s
entiment-[]analysis-[]with-[]lstms-[]using-[]tensorflow$[] 
 []


Underfull \hbox (badness 10000) in paragraph at lines 270--274

 []

[9]
Underfull \hbox (badness 10000) in paragraph at lines 296--299

 []


Underfull \hbox (badness 10000) in paragraph at lines 300--302

 []


Underfull \hbox (badness 10000) in paragraph at lines 305--306

 []


Underfull \hbox (badness 10000) in paragraph at lines 307--311

 []

[10]
Underfull \hbox (badness 10000) in paragraph at lines 316--317

 []


Underfull \hbox (badness 10000) in paragraph at lines 318--321

 []


Underfull \hbox (badness 10000) in paragraph at lines 324--325

 []


Overfull \hbox (162.1151pt too wide) in paragraph at lines 326--331
[]$\OT1/cmtt/m/n/10.95 https : / / medium . com / snips-[]ai / ntm-[]lasagne-[]
a-[]library-[]for-[]neural-[]turing-[]machines-[]in-[]lasagne-[]2cdce6837315$[]
 
 []


Underfull \hbox (badness 10000) in paragraph at lines 326--331

 []


Underfull \hbox (badness 10000) in paragraph at lines 335--336

 []


Overfull \hbox (10.14922pt too wide) in paragraph at lines 337--339
[]$\OT1/cmtt/m/n/10.95 https : / / stackabuse . com / levenshtein-[]distance-[]
and-[]text-[]similarity-[]in-[]python/$[] 
 []

[11]
Underfull \hbox (badness 10000) in paragraph at lines 343--344

 []


Underfull \hbox (badness 10000) in paragraph at lines 345--349

 []


Underfull \hbox (badness 10000) in paragraph at lines 353--354

 []


Overfull \hbox (335.07573pt too wide) in paragraph at lines 355--358
[]$\OT1/cmtt/m/n/10.95 https : / / medium . com / ai % C2 % B3-[]theory-[]pract
ice-[]business / understanding-[]hintons-[]capsule-[]networks-[]part-[]ii-[]how
-[]capsules-[]work-[]153b6ade9f66$[] 
 []


Underfull \hbox (badness 10000) in paragraph at lines 362--363

 []


Underfull \hbox (badness 10000) in paragraph at lines 364--366

 []


Underfull \hbox (badness 10000) in paragraph at lines 370--371

 []


Overfull \hbox (305.95074pt too wide) in paragraph at lines 374--375
\OT1/cmr/bx/n/10.95 At-ten-tion): []$\OT1/cmtt/m/n/10.95 https : / / jalammar .
 github . io / visualizing-[]neural-[]machine-[]translation-[]mechanics-[]of-[]
seq2seq-[]models-[]with-[]attention/$[] 
 []

[12] [13] [14]
Overfull \hbox (10.2137pt too wide) in paragraph at lines 404--419
\OT1/cmr/m/n/10.95 French trans-la-tion, but the idea of us-ing it as a ba-sis 
for lever-ag-ing an \OT1/cmr/bx/n/10.95 unsupervised-
 []


Overfull \hbox (112.25722pt too wide) in paragraph at lines 404--419
[]$\OT1/cmtt/m/n/10.95 https : / / s3-[]us-[]west-[]2 . amazonaws . com / opena
i-[]assets / research-[]covers / language-[]unsupervised /
 []

[15]
Overfull \hbox (10.14613pt too wide) in paragraph at lines 419--420
[]\OT1/cmr/m/n/10.95 In the pa-per \OT1/cmr/m/it/10.95 Im-prov-ing Lan-guage Un
-der-stand-ing by Gen-er-a-tive Pre-Training \OT1/cmr/m/n/10.95 (\OT1/cmr/bx/n/
10.95 GPT\OT1/cmr/m/n/10.95 ),
 []

[16]
Underfull \hbox (badness 10000) in paragraph at lines 450--451

 []


Overfull \hbox (376.31654pt too wide) in paragraph at lines 452--458
[]$\OT1/cmtt/m/n/10.95 http : / / mlexplained . com / 2018 / 01 / 10 / an-[]int
uitive-[]explanation-[]of-[]why-[]batch-[]normalization-[]really-[]works-[]norm
alization-[]in-[]deep-[]learning-[]part-[]1/$[] 
 []


Overfull \hbox (323.07835pt too wide) in paragraph at lines 452--458
[]$\OT1/cmtt/m/n/10.95 https : / / mlexplained . com / 2018 / 01 / 13 / weight-
[]normalization-[]and-[]layer-[]normalization-[]explained-[]normalization-[]in-
[]deep-[]learning-[]part-[]2/$[] 
 []


Underfull \hbox (badness 10000) in paragraph at lines 452--458

 []

[17]
Underfull \hbox (badness 10000) in paragraph at lines 462--463

 []


Underfull \hbox (badness 10000) in paragraph at lines 464--466

 []


Underfull \hbox (badness 10000) in paragraph at lines 470--471

 []


Underfull \hbox (badness 10000) in paragraph at lines 477--478

 []


Underfull \hbox (badness 10000) in paragraph at lines 479--484

 []


Underfull \hbox (badness 10000) in paragraph at lines 488--489

 []


Underfull \hbox (badness 10000) in paragraph at lines 498--499

 []

[18]
Underfull \hbox (badness 10000) in paragraph at lines 500--503

 []


Overfull \hbox (236.84804pt too wide) in paragraph at lines 504--510
[]$\OT1/cmtt/m/n/10.95 https : / / stackoverflow . com / questions / 57128213 /
 what-[]concept-[]in-[]category-[]theory-[]can-[]be-[]used-[]to-[]represent-[]a
-[]typeclass$[] 
 []


Underfull \hbox (badness 10000) in paragraph at lines 504--510

 []


Underfull \hbox (badness 10000) in paragraph at lines 514--515

 []


Underfull \hbox (badness 10000) in paragraph at lines 523--524

 []


Overfull \hbox (350.8218pt too wide) in paragraph at lines 525--530
[]$\OT1/cmtt/m/n/10.95 https : / / mlexplained . com / 2019 / 06 / 30 / paper-[
]dissected-[]xlnet-[]generalized-[]autoregressive-[]pretraining-[]for-[]languag
e-[]understanding-[]explained/$[] 
 []

[19]
Underfull \hbox (badness 10000) in paragraph at lines 536--537

 []


Underfull \hbox (badness 10000) in paragraph at lines 548--549

 []

[20]
Underfull \hbox (badness 10000) in paragraph at lines 574--575

 []


Underfull \hbox (badness 10000) in paragraph at lines 579--580

 []


Overfull \hbox (7.14922pt too wide) in paragraph at lines 581--588
[]$\OT1/cmtt/m/n/10.95 https : / / pytext . readthedocs . io / en / master / hi
erarchical _ intent _ slot _ tutorial .
 []


Underfull \hbox (badness 10000) in paragraph at lines 581--588

 []

[21]
Underfull \hbox (badness 10000) in paragraph at lines 596--597

 []


Underfull \hbox (badness 10000) in paragraph at lines 607--608

 []


Overfull \hbox (26.39528pt too wide) in paragraph at lines 609--614
[]$\OT1/cmtt/m/n/10.95 https : / / ai . googleblog . com / 2020 / 01 / towards-
[]conversational-[]agent-[]that-[]can . html ?
 []


Underfull \hbox (badness 10000) in paragraph at lines 618--619

 []


Overfull \hbox (502.78767pt too wide) in paragraph at lines 620--627
[]$\OT1/cmtt/m/n/10.95 https : / / medium . com / towards-[]artificial-[]intell
igence / multi-[]label-[]text-[]classification-[]using-[]scikit-[]multilearn-[]
case-[]study-[]with-[]stackoverflow-[]questions-[]768cb487ad12$[] 
 []

[22]
Underfull \hbox (badness 10000) in paragraph at lines 631--632

 []


Overfull \hbox (67.1361pt too wide) in paragraph at lines 633--635
[]$\OT1/cmtt/m/n/10.95 https : / / yashuseth . blog / 2018 / 09 / 12 / awd-[]ls
tm-[]explanation-[]understanding-[]language-[]model/$[] 
 []


Underfull \hbox (badness 10000) in paragraph at lines 633--635

 []


Underfull \hbox (badness 10000) in paragraph at lines 641--642

 []


Underfull \hbox (badness 10000) in paragraph at lines 643--645

 []

[23]
Overfull \hbox (7.38512pt too wide) in paragraph at lines 663--664
\OT1/cmr/bx/n/10.95 27.07.20 $[]$[]Adaptative Res-o-nance The-ory (ART) Neu-ral
 Net-works, Multi-
 []


Underfull \hbox (badness 10000) in paragraph at lines 663--664

 []


Overfull \hbox (32.64397pt too wide) in paragraph at lines 665--679
[]$\OT1/cmtt/m/n/10.95 https : / / www . javatpoint . com / artificial-[]neural
-[]network-[]adaptive-[]resonance-[]theory$[] 
 []


Overfull \hbox (2.13144pt too wide) in paragraph at lines 665--679
\OT1/cmr/m/n/10.95 an in-tro-duc-tion []$\OT1/cmtt/m/n/10.95 https : / / www . 
researchgate . net / publication / 247749347 _ Adaptive _
 []


Underfull \hbox (badness 10000) in paragraph at lines 665--679

 []


Underfull \hbox (badness 10000) in paragraph at lines 680--682

 []


Underfull \hbox (badness 10000) in paragraph at lines 686--687

 []

[24]
Underfull \hbox (badness 10000) in paragraph at lines 694--695

 []


Overfull \hbox (90.63084pt too wide) in paragraph at lines 696--698
[]$\OT1/cmtt/m/n/10.95 https : / / machinelearningmastery . com / padding-[]and
-[]stride-[]for-[]convolutional-[]neural-[]networks/$[] 
 []


Underfull \hbox (badness 10000) in paragraph at lines 702--703

 []


Overfull \hbox (85.38216pt too wide) in paragraph at lines 704--707
[]$\OT1/cmtt/m/n/10.95 https : / / kgptalkie . com / distilbert-[]smaller-[]fas
ter-[]cheaper-[]lighter-[]and-[]ofcourse-[]distilled/$[] 
 []


Underfull \hbox (badness 10000) in paragraph at lines 711--712

 []


Underfull \hbox (badness 10000) in paragraph at lines 713--719

 []


Underfull \hbox (badness 10000) in paragraph at lines 720--736

 []

[25] [26]
Underfull \hbox (badness 10000) in paragraph at lines 754--755

 []


Underfull \hbox (badness 10000) in paragraph at lines 763--764

 []


Overfull \hbox (20.14659pt too wide) in paragraph at lines 765--768
[]$\OT1/cmtt/m/n/10.95 https : / / www . machinelearningplus . com / machine-[]
learning / bias-[]variance-[]tradeoff/$[] 
 []


Overfull \hbox (365.31917pt too wide) in paragraph at lines 765--768
[]$\OT1/cmtt/m/n/10.95 https : / / towardsdatascience . com / is-[]your-[]model
-[]overfitting-[]or-[]maybe-[]underfitting-[]an-[]example-[]using-[]a-[]neural-
[]network-[]in-[]python-[]4faf155398d2$[] 
 []


Underfull \hbox (badness 10000) in paragraph at lines 765--768

 []

[27]
Underfull \hbox (badness 10000) in paragraph at lines 781--782

 []

[28]
Underfull \hbox (badness 10000) in paragraph at lines 819--820

 []


Overfull \hbox (217.10197pt too wide) in paragraph at lines 821--825
[]$\OT1/cmtt/m/n/10.95 https : / / www . machinecurve . com / index . php / 201
9 / 09 / 16 / he-[]xavier-[]initialization-[]activation-[]functions-[]choose-[]
wisely/$[]
 []

[29]
Underfull \hbox (badness 10000) in paragraph at lines 830--832

 []


Overfull \hbox (49.89003pt too wide) in paragraph at lines 833--836
[]$\OT1/cmtt/m/n/10.95 https : / / stackoverflow . com / questions / 49433936 /
 how-[]to-[]initialize-[]weights-[]in-[]pytorch$[] 
 []


Underfull \hbox (badness 10000) in paragraph at lines 840--841

 []


Underfull \hbox (badness 10000) in paragraph at lines 842--843

 []


Underfull \hbox (badness 10000) in paragraph at lines 844--845

 []


Underfull \hbox (badness 10000) in paragraph at lines 852--853

 []


Underfull \hbox (badness 10000) in paragraph at lines 854--857

 []


Overfull \hbox (45.14134pt too wide) in paragraph at lines 858--861
[]$\OT1/cmtt/m/n/10.95 https : / / medium . com / the-[]innovation / asr-[]resc
oring-[]with-[]fine-[]tuned-[]gpt-[]70f7f6323565$[] 
 []


Underfull \hbox (badness 10000) in paragraph at lines 858--861

 []

[30]
Underfull \hbox (badness 10000) in paragraph at lines 873--874

 []


Underfull \hbox (badness 10000) in paragraph at lines 884--885

 []

Package atveryend Info: Empty hook `BeforeClearDocument' on input line 892.
[31]
Package atveryend Info: Empty hook `AfterLastShipout' on input line 892.
 (./journal_theory_ML.aux)
Package atveryend Info: Executing hook `AtVeryEndDocument' on input line 892.
Package atveryend Info: Executing hook `AtEndAfterFileList' on input line 892.
Package rerunfilecheck Info: File `journal_theory_ML.out' has not changed.
(rerunfilecheck)             Checksum: D80FC9920CA4F7C574DF29E1E368685A;518.
Package atveryend Info: Empty hook `AtVeryVeryEnd' on input line 892.
 ) 
Here is how much of TeX's memory you used:
 6801 strings out of 483140
 107473 string characters out of 5965151
 462667 words of memory out of 5000000
 21656 multiletter control sequences out of 15000+600000
 542180 words of font info for 60 fonts, out of 8000000 for 9000
 36 hyphenation exceptions out of 8191
 35i,11n,45p,2187b,540s stack positions out of 5000i,500n,10000p,200000b,80000s
 </home/abercher/.texlive2019/texmf-var/fonts/pk/ljfour/jknappen/ec/tcrm1095.
600pk></usr/share/texlive/texmf-dist/fonts/type1/public/amsfonts/cm/cmbx10.pfb>
</usr/share/texlive/texmf-dist/fonts/type1/public/amsfonts/cm/cmbx12.pfb></usr/
share/texlive/texmf-dist/fonts/type1/public/amsfonts/cm/cmex10.pfb></usr/share/
texlive/texmf-dist/fonts/type1/public/amsfonts/cm/cmmi10.pfb></usr/share/texliv
e/texmf-dist/fonts/type1/public/amsfonts/cm/cmmi8.pfb></usr/share/texlive/texmf
-dist/fonts/type1/public/amsfonts/cm/cmr10.pfb></usr/share/texlive/texmf-dist/f
onts/type1/public/amsfonts/cm/cmr12.pfb></usr/share/texlive/texmf-dist/fonts/ty
pe1/public/amsfonts/cm/cmr17.pfb></usr/share/texlive/texmf-dist/fonts/type1/pub
lic/amsfonts/cm/cmr8.pfb></usr/share/texlive/texmf-dist/fonts/type1/public/amsf
onts/cm/cmsy10.pfb></usr/share/texlive/texmf-dist/fonts/type1/public/amsfonts/c
m/cmsy8.pfb></usr/share/texlive/texmf-dist/fonts/type1/public/amsfonts/cm/cmti1
0.pfb></usr/share/texlive/texmf-dist/fonts/type1/public/amsfonts/cm/cmtt10.pfb>
</usr/share/texlive/texmf-dist/fonts/type1/public/amsfonts/symbols/msbm10.pfb>
Output written on journal_theory_ML.pdf (31 pages, 262208 bytes).
PDF statistics:
 438 PDF objects out of 1000 (max. 8388607)
 386 compressed objects within 4 object streams
 57 named destinations out of 1000 (max. 500000)
 65 words of extra memory for PDF output out of 10000 (max. 10000000)

